INFO:     Will watch for changes in these directories: ['/home/utah/Desktop/olgFeast/fastapi_app']
INFO:     Uvicorn running on http://127.0.0.1:8000 (Press CTRL+C to quit)
INFO:     Started reloader process [182069] using WatchFiles
INFO:     Started server process [182071]
INFO:     Waiting for application startup.
INFO:     Application startup complete.
INFO:     127.0.0.1:58360 - "WebSocket /ws/admin/dashboard" [accepted]
INFO:     connection open
INFO:     127.0.0.1:58368 - "WebSocket /ws/admin/dashboard" [accepted]
INFO:     connection open
INFO:     127.0.0.1:58372 - "WebSocket /ws/kitchen/display" [accepted]
INFO:     connection open
INFO:     127.0.0.1:58378 - "WebSocket /ws/kitchen/display" [accepted]
INFO:     connection open
INFO:     127.0.0.1:58382 - "WebSocket /ws/kitchen/display" [accepted]
INFO:     connection open
INFO:     127.0.0.1:58390 - "WebSocket /ws/admin/dashboard" [accepted]
INFO:     connection open
‚úÖ WebSocket connected to channel: admin_dashboard
‚úÖ WebSocket connected to channel: admin_dashboard
‚úÖ WebSocket connected to channel: kitchen_display
‚úÖ WebSocket connected to channel: kitchen_display
‚úÖ WebSocket connected to channel: kitchen_display
‚úÖ WebSocket connected to channel: admin_dashboard
INFO:     127.0.0.1:60572 - "OPTIONS /api/v1/menu/items/groups HTTP/1.1" 200 OK
INFO:     127.0.0.1:60586 - "OPTIONS /api/v1/auth/me HTTP/1.1" 200 OK
INFO:     127.0.0.1:60598 - "OPTIONS /api/v1/menu/items/groups HTTP/1.1" 200 OK
INFO:     127.0.0.1:60604 - "OPTIONS /api/v1/auth/me HTTP/1.1" 200 OK
INFO:     127.0.0.1:60614 - "GET /api/v1/menu/items/groups HTTP/1.1" 200 OK
INFO:     127.0.0.1:60572 - "GET /api/v1/auth/me HTTP/1.1" 200 OK
INFO:     127.0.0.1:60572 - "GET /api/v1/auth/me HTTP/1.1" 200 OK
INFO:     127.0.0.1:60614 - "GET /api/v1/menu/items/groups HTTP/1.1" 200 OK
INFO:     127.0.0.1:36944 - "GET /api/v1/operations/orders/pending HTTP/1.1" 200 OK
INFO:     127.0.0.1:36946 - "GET /api/v1/operations/orders/preparing HTTP/1.1" 200 OK
INFO:     127.0.0.1:50718 - "GET /api/v1/operations/orders/ready HTTP/1.1" 200 OK
WARNING:  WatchFiles detected changes in 'fix_admin_permissions.py'. Reloading...
INFO:     Shutting down
INFO:     connection closed
INFO:     connection closed
INFO:     connection closed
INFO:     connection closed
INFO:     connection closed
INFO:     connection closed
INFO:     Waiting for application shutdown.
INFO:     Application shutdown complete.
INFO:     Finished server process [182071]
INFO:     Started server process [182735]
INFO:     Waiting for application startup.
INFO:     Application startup complete.
INFO:     127.0.0.1:34214 - "WebSocket /ws/kitchen/display" [accepted]
INFO:     connection open
INFO:     127.0.0.1:34216 - "WebSocket /ws/admin/dashboard" [accepted]
INFO:     connection open
INFO:     127.0.0.1:34220 - "WebSocket /ws/admin/dashboard" [accepted]
INFO:     connection open
INFO:     127.0.0.1:34230 - "WebSocket /ws/admin/dashboard" [accepted]
INFO:     connection open
INFO:     127.0.0.1:34240 - "WebSocket /ws/kitchen/display" [accepted]
INFO:     connection open
INFO:     127.0.0.1:34256 - "WebSocket /ws/kitchen/display" [accepted]
INFO:     connection open
WARNING:  WatchFiles detected changes in 'app/api/v1/operations.py'. Reloading...
INFO:     Shutting down
INFO:     connection closed
INFO:     connection closed
INFO:     connection closed
INFO:     connection closed
INFO:     connection closed
INFO:     connection closed
INFO:     Waiting for application shutdown.
INFO:     Application shutdown complete.
INFO:     Finished server process [182735]
INFO:     Started server process [182765]
INFO:     Waiting for application startup.
INFO:     Application startup complete.
INFO:     127.0.0.1:54268 - "WebSocket /ws/admin/dashboard" [accepted]
INFO:     connection open
INFO:     127.0.0.1:54284 - "WebSocket /ws/admin/dashboard" [accepted]
INFO:     connection open
INFO:     127.0.0.1:54292 - "WebSocket /ws/admin/dashboard" [accepted]
INFO:     connection open
INFO:     127.0.0.1:54306 - "WebSocket /ws/kitchen/display" [accepted]
INFO:     connection open
INFO:     127.0.0.1:54318 - "WebSocket /ws/kitchen/display" [accepted]
INFO:     connection open
INFO:     127.0.0.1:54332 - "WebSocket /ws/kitchen/display" [accepted]
INFO:     connection open
INFO:     127.0.0.1:54334 - "WebSocket /ws/kitchen/display" [accepted]
INFO:     connection open
INFO:     127.0.0.1:54362 - "WebSocket /ws/kitchen/display" [accepted]
INFO:     connection open
INFO:     127.0.0.1:54368 - "WebSocket /ws/kitchen/display" [accepted]
INFO:     connection open
‚úÖ WebSocket connected to channel: admin_dashboard
‚úÖ WebSocket connected to channel: admin_dashboard
‚úÖ WebSocket connected to channel: admin_dashboard
‚úÖ WebSocket connected to channel: kitchen_display
‚úÖ WebSocket connected to channel: kitchen_display
‚úÖ WebSocket connected to channel: kitchen_display
‚úÖ WebSocket connected to channel: kitchen_display
‚úÖ WebSocket connected to channel: kitchen_display
‚úÖ WebSocket connected to channel: kitchen_display
INFO:     127.0.0.1:54348 - "GET /api/v1/operations/orders/preparing HTTP/1.1" 200 OK
INFO:     127.0.0.1:54338 - "GET /api/v1/operations/orders/pending HTTP/1.1" 200 OK
INFO:     127.0.0.1:54358 - "GET /api/v1/operations/orders/ready HTTP/1.1" 200 OK
INFO:     127.0.0.1:54380 - "WebSocket /ws/kitchen/display" [accepted]
INFO:     connection open
‚úÖ WebSocket connected to channel: kitchen_display
INFO:     127.0.0.1:54358 - "GET /api/v1/operations/orders/pending HTTP/1.1" 200 OK
INFO:     127.0.0.1:54348 - "GET /api/v1/operations/orders/ready HTTP/1.1" 200 OK
INFO:     127.0.0.1:54338 - "GET /api/v1/operations/orders/preparing HTTP/1.1" 200 OK
INFO:     127.0.0.1:54386 - "WebSocket /ws/kitchen/display" [accepted]
INFO:     connection open
INFO:     127.0.0.1:54390 - "WebSocket /ws/kitchen/display" [accepted]
INFO:     connection open
INFO:     127.0.0.1:54406 - "WebSocket /ws/kitchen/display" [accepted]
INFO:     connection open
INFO:     127.0.0.1:54408 - "WebSocket /ws/kitchen/display" [accepted]
INFO:     connection open
INFO:     connection closed
INFO:     127.0.0.1:54414 - "WebSocket /ws/admin/dashboard" [accepted]
INFO:     connection open
INFO:     127.0.0.1:54416 - "WebSocket /ws/admin/dashboard" [accepted]
INFO:     connection open
INFO:     127.0.0.1:54432 - "WebSocket /ws/admin/dashboard" [accepted]
INFO:     connection open
‚úÖ WebSocket connected to channel: kitchen_display
‚úÖ WebSocket connected to channel: kitchen_display
‚úÖ WebSocket connected to channel: kitchen_display
‚úÖ WebSocket connected to channel: kitchen_display
‚ùå WebSocket disconnected from channel: kitchen_display
‚úÖ WebSocket connected to channel: admin_dashboard
‚úÖ WebSocket connected to channel: admin_dashboard
‚úÖ WebSocket connected to channel: admin_dashboard
INFO:     127.0.0.1:54338 - "GET /api/v1/operations/orders?page=1&per_page=10 HTTP/1.1" 200 OK
INFO:     127.0.0.1:54348 - "GET /api/v1/operations/dashboard/analytics HTTP/1.1" 200 OK
INFO:     127.0.0.1:54444 - "WebSocket /ws/admin/dashboard" [accepted]
INFO:     connection open
INFO:     127.0.0.1:54458 - "WebSocket /ws/admin/dashboard" [accepted]
INFO:     connection open
‚úÖ WebSocket connected to channel: admin_dashboard
‚úÖ WebSocket connected to channel: admin_dashboard
INFO:     127.0.0.1:54348 - "GET /api/v1/operations/dashboard/analytics HTTP/1.1" 200 OK
INFO:     127.0.0.1:54358 - "GET /api/v1/operations/orders?page=1&per_page=10 HTTP/1.1" 200 OK
INFO:     127.0.0.1:54472 - "WebSocket /ws/admin/dashboard" [accepted]
INFO:     connection open
INFO:     127.0.0.1:54486 - "WebSocket /ws/admin/dashboard" [accepted]
INFO:     connection open
INFO:     127.0.0.1:54494 - "WebSocket /ws/admin/dashboard" [accepted]
INFO:     connection open
INFO:     127.0.0.1:54498 - "WebSocket /ws/admin/dashboard" [accepted]
INFO:     connection open
INFO:     127.0.0.1:54514 - "WebSocket /ws/admin/dashboard" [accepted]
INFO:     connection open
INFO:     127.0.0.1:54530 - "WebSocket /ws/admin/dashboard" [accepted]
INFO:     connection open
INFO:     127.0.0.1:54542 - "WebSocket /ws/admin/dashboard" [accepted]
INFO:     connection open
INFO:     127.0.0.1:54554 - "WebSocket /ws/admin/dashboard" [accepted]
INFO:     connection open
INFO:     127.0.0.1:54562 - "WebSocket /ws/admin/dashboard" [accepted]
INFO:     connection open
INFO:     127.0.0.1:54566 - "WebSocket /ws/admin/dashboard" [accepted]
INFO:     connection open
INFO:     127.0.0.1:54582 - "WebSocket /ws/admin/dashboard" [accepted]
INFO:     connection open
INFO:     connection closed
‚úÖ WebSocket connected to channel: admin_dashboard
‚úÖ WebSocket connected to channel: admin_dashboard
‚úÖ WebSocket connected to channel: admin_dashboard
‚úÖ WebSocket connected to channel: admin_dashboard
‚úÖ WebSocket connected to channel: admin_dashboard
‚úÖ WebSocket connected to channel: admin_dashboard
‚úÖ WebSocket connected to channel: admin_dashboard
‚úÖ WebSocket connected to channel: admin_dashboard
‚úÖ WebSocket connected to channel: admin_dashboard
‚úÖ WebSocket connected to channel: admin_dashboard
‚úÖ WebSocket connected to channel: admin_dashboard
‚ùå WebSocket disconnected from channel: admin_dashboard
INFO:     127.0.0.1:54358 - "GET /api/v1/menu/items/groups HTTP/1.1" 200 OK
INFO:     127.0.0.1:54358 - "GET /api/v1/menu/items/groups HTTP/1.1" 200 OK
INFO:     127.0.0.1:54594 - "WebSocket /ws/admin/dashboard" [accepted]
INFO:     connection open
INFO:     127.0.0.1:54598 - "WebSocket /ws/admin/dashboard" [accepted]
INFO:     connection open
‚úÖ WebSocket connected to channel: admin_dashboard
‚úÖ WebSocket connected to channel: admin_dashboard
INFO:     127.0.0.1:54358 - "OPTIONS /api/v1/cart/items HTTP/1.1" 200 OK
INFO:     127.0.0.1:54348 - "POST /api/v1/cart/items HTTP/1.1" 200 OK
INFO:     127.0.0.1:54348 - "POST /api/v1/cart/items HTTP/1.1" 200 OK
INFO:     127.0.0.1:54602 - "WebSocket /ws/admin/dashboard" [accepted]
INFO:     connection open
INFO:     127.0.0.1:54604 - "WebSocket /ws/admin/dashboard" [accepted]
INFO:     connection open
‚úÖ WebSocket connected to channel: admin_dashboard
‚úÖ WebSocket connected to channel: admin_dashboard
INFO:     127.0.0.1:54348 - "POST /api/v1/cart/items HTTP/1.1" 200 OK
INFO:     127.0.0.1:54348 - "GET /api/v1/cart/items HTTP/1.1" 200 OK
INFO:     127.0.0.1:54348 - "GET /api/v1/cart/items HTTP/1.1" 200 OK
INFO:     127.0.0.1:54348 - "GET /api/v1/cart/items HTTP/1.1" 200 OK
INFO:     127.0.0.1:54348 - "GET /api/v1/cart/items HTTP/1.1" 200 OK
INFO:     127.0.0.1:54348 - "OPTIONS /api/v1/orders/checkout HTTP/1.1" 200 OK
INFO:     127.0.0.1:53608 - "POST /api/v1/orders/checkout HTTP/1.1" 200 OK
üì¢ Broadcasting to kitchen_display: new_order
üì¢ Broadcasting to admin_dashboard: new_order
üì¢ Broadcasted new order: vsvhai4x54fefujc
INFO:     127.0.0.1:53608 - "GET /api/v1/orders/my-orders?skip=0&limit=50 HTTP/1.1" 200 OK
INFO:     127.0.0.1:53608 - "GET /api/v1/orders/my-orders?skip=0&limit=50 HTTP/1.1" 200 OK
INFO:     127.0.0.1:53622 - "WebSocket /ws/kitchen/display" [accepted]
INFO:     connection open
‚úÖ WebSocket connected to channel: kitchen_display
INFO:     127.0.0.1:53612 - "GET /api/v1/operations/orders/ready HTTP/1.1" 200 OK
INFO:     127.0.0.1:54348 - "GET /api/v1/operations/orders/preparing HTTP/1.1" 200 OK
INFO:     127.0.0.1:53608 - "GET /api/v1/operations/orders/pending HTTP/1.1" 200 OK
INFO:     127.0.0.1:53626 - "WebSocket /ws/kitchen/display" [accepted]
INFO:     connection open
‚úÖ WebSocket connected to channel: kitchen_display
INFO:     127.0.0.1:53612 - "GET /api/v1/operations/orders/ready HTTP/1.1" 200 OK
INFO:     127.0.0.1:54348 - "GET /api/v1/operations/orders/preparing HTTP/1.1" 200 OK
INFO:     127.0.0.1:53630 - "WebSocket /ws/kitchen/display" [accepted]
INFO:     connection open
‚úÖ WebSocket connected to channel: kitchen_display
INFO:     127.0.0.1:53608 - "GET /api/v1/operations/orders/pending HTTP/1.1" 200 OK
INFO:     127.0.0.1:53632 - "WebSocket /ws/kitchen/display" [accepted]
INFO:     connection open
INFO:     127.0.0.1:53634 - "WebSocket /ws/kitchen/display" [accepted]
INFO:     connection open
INFO:     127.0.0.1:53650 - "WebSocket /ws/kitchen/display" [accepted]
INFO:     connection open
INFO:     127.0.0.1:53664 - "WebSocket /ws/kitchen/display" [accepted]
INFO:     connection open
INFO:     127.0.0.1:53672 - "WebSocket /ws/kitchen/display" [accepted]
INFO:     connection open
INFO:     connection closed
INFO:     127.0.0.1:51096 - "WebSocket /ws/admin/dashboard" [accepted]
INFO:     connection open
INFO:     connection closed
INFO:     127.0.0.1:51140 - "WebSocket /ws/admin/dashboard" [accepted]
INFO:     connection open
INFO:     127.0.0.1:51148 - "WebSocket /ws/admin/dashboard" [accepted]
INFO:     connection open
‚úÖ WebSocket connected to channel: kitchen_display
‚úÖ WebSocket connected to channel: kitchen_display
‚úÖ WebSocket connected to channel: kitchen_display
‚úÖ WebSocket connected to channel: kitchen_display
‚úÖ WebSocket connected to channel: kitchen_display
‚ùå WebSocket disconnected from channel: kitchen_display
‚úÖ WebSocket connected to channel: admin_dashboard
‚ùå Error sending JSON message: 
‚ùå WebSocket disconnected from channel: admin_dashboard
‚ùå WebSocket error in admin dashboard: WebSocket is not connected. Need to call "accept" first.
‚úÖ WebSocket connected to channel: admin_dashboard
‚úÖ WebSocket connected to channel: admin_dashboard
INFO:     127.0.0.1:51112 - "GET /api/v1/operations/dashboard/analytics HTTP/1.1" 200 OK
INFO:     127.0.0.1:51150 - "WebSocket /ws/admin/dashboard" [accepted]
INFO:     connection open
‚úÖ WebSocket connected to channel: admin_dashboard
INFO:     127.0.0.1:51128 - "GET /api/v1/operations/orders?page=1&per_page=10 HTTP/1.1" 200 OK
INFO:     127.0.0.1:51176 - "WebSocket /ws/admin/dashboard" [accepted]
INFO:     connection open
‚úÖ WebSocket connected to channel: admin_dashboard
INFO:     127.0.0.1:51112 - "GET /api/v1/operations/dashboard/analytics HTTP/1.1" 200 OK
INFO:     127.0.0.1:51184 - "WebSocket /ws/admin/dashboard" [accepted]
INFO:     connection open
INFO:     127.0.0.1:51194 - "WebSocket /ws/admin/dashboard" [accepted]
INFO:     connection open
‚úÖ WebSocket connected to channel: admin_dashboard
‚úÖ WebSocket connected to channel: admin_dashboard
INFO:     127.0.0.1:51164 - "GET /api/v1/operations/orders?page=1&per_page=10 HTTP/1.1" 200 OK
INFO:     127.0.0.1:51210 - "WebSocket /ws/admin/dashboard" [accepted]
INFO:     connection open
INFO:     127.0.0.1:51226 - "WebSocket /ws/admin/dashboard" [accepted]
INFO:     connection open
INFO:     127.0.0.1:51236 - "WebSocket /ws/admin/dashboard" [accepted]
INFO:     connection open
‚úÖ WebSocket connected to channel: admin_dashboard
‚úÖ WebSocket connected to channel: admin_dashboard
‚úÖ WebSocket connected to channel: admin_dashboard
INFO:     127.0.0.1:33086 - "OPTIONS /api/v1/orders/17/status HTTP/1.1" 200 OK
INFO:     127.0.0.1:33100 - "PUT /api/v1/orders/17/status HTTP/1.1" 200 OK
üì¢ Broadcasting to kitchen_display: order_status_change
üì¢ Broadcasting to admin_dashboard: order_status_change
üì¢ Broadcasted status change: vsvhai4x54fefujc pending ‚Üí preparing
INFO:     127.0.0.1:33100 - "PUT /api/v1/orders/16/status HTTP/1.1" 200 OK
üì¢ Broadcasting to kitchen_display: order_status_change
üì¢ Broadcasting to admin_dashboard: order_status_change
üì¢ Broadcasted status change: wmkxewaliedmzs39 preparing ‚Üí ready
INFO:     127.0.0.1:33100 - "PUT /api/v1/orders/16/status HTTP/1.1" 200 OK
üì¢ Broadcasting to kitchen_display: order_status_change
üì¢ Broadcasting to admin_dashboard: order_status_change
üì¢ Broadcasted status change: wmkxewaliedmzs39 ready ‚Üí complete
INFO:     127.0.0.1:33100 - "PUT /api/v1/orders/17/status HTTP/1.1" 200 OK
üì¢ Broadcasting to kitchen_display: order_status_change
üì¢ Broadcasting to admin_dashboard: order_status_change
üì¢ Broadcasted status change: vsvhai4x54fefujc preparing ‚Üí ready
INFO:     127.0.0.1:33100 - "PUT /api/v1/orders/17/status HTTP/1.1" 200 OK
INFO:     connection closed
üì¢ Broadcasting to kitchen_display: order_status_change
üì¢ Broadcasting to admin_dashboard: order_status_change
üì¢ Broadcasted status change: vsvhai4x54fefujc ready ‚Üí complete
‚ùå WebSocket disconnected from channel: admin_dashboard
INFO:     127.0.0.1:33100 - "GET /api/v1/menu/items/groups HTTP/1.1" 200 OK
INFO:     127.0.0.1:33100 - "GET /api/v1/menu/items/groups HTTP/1.1" 200 OK
INFO:     127.0.0.1:33100 - "POST /api/v1/cart/items HTTP/1.1" 200 OK
INFO:     127.0.0.1:33100 - "POST /api/v1/cart/items HTTP/1.1" 200 OK
INFO:     127.0.0.1:33100 - "POST /api/v1/cart/items HTTP/1.1" 200 OK
INFO:     127.0.0.1:33100 - "POST /api/v1/cart/items HTTP/1.1" 200 OK
INFO:     127.0.0.1:36860 - "GET /api/v1/cart/items HTTP/1.1" 200 OK
INFO:     127.0.0.1:36860 - "GET /api/v1/cart/items HTTP/1.1" 200 OK
INFO:     127.0.0.1:36860 - "GET /api/v1/cart/items HTTP/1.1" 200 OK
INFO:     127.0.0.1:36860 - "GET /api/v1/cart/items HTTP/1.1" 200 OK
INFO:     127.0.0.1:34444 - "POST /api/v1/orders/checkout HTTP/1.1" 200 OK
üì¢ Broadcasting to kitchen_display: new_order
üì¢ Broadcasting to admin_dashboard: new_order
üì¢ Broadcasted new order: ud011t2mhcxyhd5v
INFO:     127.0.0.1:34444 - "GET /api/v1/orders/my-orders?skip=0&limit=50 HTTP/1.1" 200 OK
INFO:     127.0.0.1:34444 - "GET /api/v1/orders/my-orders?skip=0&limit=50 HTTP/1.1" 200 OK
INFO:     connection closed
INFO:     127.0.0.1:39350 - "WebSocket /ws/kitchen/display" [accepted]
INFO:     connection open
INFO:     127.0.0.1:39400 - "WebSocket /ws/kitchen/display" [accepted]
INFO:     connection open
‚ùå WebSocket disconnected from channel: kitchen_display
‚úÖ WebSocket connected to channel: kitchen_display
‚úÖ WebSocket connected to channel: kitchen_display
INFO:     127.0.0.1:39386 - "GET /api/v1/operations/orders/ready HTTP/1.1" 200 OK
INFO:     127.0.0.1:39360 - "GET /api/v1/operations/orders/pending HTTP/1.1" 200 OK
INFO:     127.0.0.1:39374 - "GET /api/v1/operations/orders/preparing HTTP/1.1" 200 OK
INFO:     127.0.0.1:39410 - "WebSocket /ws/kitchen/display" [accepted]
INFO:     connection open
INFO:     127.0.0.1:39426 - "WebSocket /ws/kitchen/display" [accepted]
INFO:     connection open
INFO:     connection closed
INFO:     127.0.0.1:39440 - "WebSocket /ws/kitchen/display" [accepted]
INFO:     connection open
‚úÖ WebSocket connected to channel: kitchen_display
‚úÖ WebSocket connected to channel: kitchen_display
‚ùå WebSocket disconnected from channel: kitchen_display
‚úÖ WebSocket connected to channel: kitchen_display
INFO:     127.0.0.1:39374 - "GET /api/v1/operations/orders/pending HTTP/1.1" 200 OK
INFO:     127.0.0.1:39360 - "GET /api/v1/operations/orders/preparing HTTP/1.1" 200 OK
INFO:     127.0.0.1:39386 - "GET /api/v1/operations/orders/ready HTTP/1.1" 200 OK
INFO:     127.0.0.1:39446 - "WebSocket /ws/kitchen/display" [accepted]
INFO:     connection open
INFO:     127.0.0.1:39450 - "WebSocket /ws/kitchen/display" [accepted]
INFO:     connection open
INFO:     127.0.0.1:39462 - "WebSocket /ws/kitchen/display" [accepted]
INFO:     connection open
INFO:     connection closed
INFO:     connection closed
INFO:     connection closed
INFO:     connection closed
INFO:     connection closed
INFO:     connection closed
INFO:     connection closed
INFO:     connection closed
INFO:     connection closed
INFO:     connection closed
INFO:     connection closed
INFO:     connection closed
INFO:     connection closed
INFO:     connection closed
INFO:     connection closed
INFO:     connection closed
INFO:     connection closed
INFO:     connection closed
INFO:     connection closed
INFO:     connection closed
INFO:     connection closed
INFO:     connection closed
INFO:     connection closed
INFO:     connection closed
INFO:     connection closed
INFO:     connection closed
INFO:     connection closed
INFO:     connection closed
INFO:     connection closed
INFO:     connection closed
INFO:     connection closed
INFO:     connection closed
INFO:     connection closed
INFO:     connection closed
INFO:     connection closed
INFO:     connection closed
INFO:     connection closed
INFO:     connection closed
INFO:     connection closed
INFO:     connection closed
‚úÖ WebSocket connected to channel: kitchen_display
‚úÖ WebSocket connected to channel: kitchen_display
‚úÖ WebSocket connected to channel: kitchen_display
‚ùå WebSocket disconnected from channel: kitchen_display
‚ùå WebSocket disconnected from channel: kitchen_display
‚ùå WebSocket disconnected from channel: kitchen_display
‚ùå WebSocket disconnected from channel: kitchen_display
‚ùå WebSocket disconnected from channel: kitchen_display
‚ùå WebSocket disconnected from channel: kitchen_display
‚ùå WebSocket disconnected from channel: kitchen_display
‚ùå WebSocket disconnected from channel: admin_dashboard
‚ùå WebSocket disconnected from channel: admin_dashboard
‚ùå WebSocket disconnected from channel: admin_dashboard
‚ùå WebSocket disconnected from channel: admin_dashboard
‚ùå WebSocket disconnected from channel: admin_dashboard
‚ùå WebSocket disconnected from channel: admin_dashboard
‚ùå WebSocket disconnected from channel: admin_dashboard
‚ùå WebSocket disconnected from channel: admin_dashboard
‚ùå WebSocket disconnected from channel: admin_dashboard
‚ùå WebSocket disconnected from channel: admin_dashboard
‚ùå WebSocket disconnected from channel: admin_dashboard
‚ùå WebSocket disconnected from channel: admin_dashboard
‚ùå WebSocket disconnected from channel: admin_dashboard
‚ùå WebSocket disconnected from channel: admin_dashboard
‚ùå WebSocket disconnected from channel: admin_dashboard
‚ùå WebSocket disconnected from channel: admin_dashboard
‚ùå WebSocket disconnected from channel: admin_dashboard
‚ùå WebSocket disconnected from channel: admin_dashboard
‚ùå WebSocket disconnected from channel: admin_dashboard
‚ùå WebSocket disconnected from channel: kitchen_display
‚ùå WebSocket disconnected from channel: kitchen_display
‚ùå WebSocket disconnected from channel: kitchen_display
‚ùå WebSocket disconnected from channel: kitchen_display
‚ùå WebSocket disconnected from channel: kitchen_display
‚ùå WebSocket disconnected from channel: kitchen_display
‚ùå WebSocket disconnected from channel: kitchen_display
‚ùå WebSocket disconnected from channel: kitchen_display
‚ùå WebSocket disconnected from channel: kitchen_display
‚ùå WebSocket disconnected from channel: kitchen_display
‚ùå WebSocket disconnected from channel: kitchen_display
‚ùå WebSocket disconnected from channel: kitchen_display
‚ùå WebSocket disconnected from channel: kitchen_display
‚ùå WebSocket disconnected from channel: kitchen_display
INFO:     127.0.0.1:43658 - "GET /api/v1/auth/me HTTP/1.1" 200 OK
INFO:     127.0.0.1:43658 - "GET /api/v1/auth/me HTTP/1.1" 200 OK
INFO:     127.0.0.1:43662 - "WebSocket /ws/kitchen/display" [accepted]
INFO:     connection open
‚úÖ WebSocket connected to channel: kitchen_display
INFO:     127.0.0.1:43672 - "GET /api/v1/operations/orders/preparing HTTP/1.1" 200 OK
INFO:     127.0.0.1:43658 - "GET /api/v1/operations/orders/pending HTTP/1.1" 200 OK
INFO:     127.0.0.1:43688 - "WebSocket /ws/kitchen/display" [accepted]
INFO:     connection open
‚úÖ WebSocket connected to channel: kitchen_display
INFO:     127.0.0.1:43674 - "GET /api/v1/operations/orders/ready HTTP/1.1" 200 OK
INFO:     127.0.0.1:43672 - "GET /api/v1/operations/orders/preparing HTTP/1.1" 200 OK
INFO:     127.0.0.1:43658 - "GET /api/v1/operations/orders/ready HTTP/1.1" 200 OK
INFO:     127.0.0.1:43694 - "WebSocket /ws/kitchen/display" [accepted]
INFO:     connection open
‚úÖ WebSocket connected to channel: kitchen_display
INFO:     127.0.0.1:43674 - "GET /api/v1/operations/orders/pending HTTP/1.1" 200 OK
INFO:     127.0.0.1:43706 - "WebSocket /ws/kitchen/display" [accepted]
INFO:     connection open
INFO:     127.0.0.1:43722 - "WebSocket /ws/kitchen/display" [accepted]
INFO:     connection open
INFO:     127.0.0.1:43732 - "WebSocket /ws/kitchen/display" [accepted]
INFO:     connection open
INFO:     127.0.0.1:43748 - "WebSocket /ws/kitchen/display" [accepted]
INFO:     connection open
INFO:     127.0.0.1:43758 - "WebSocket /ws/kitchen/display" [accepted]
INFO:     connection open
INFO:     connection closed
INFO:     127.0.0.1:37732 - "WebSocket /ws/kitchen/display" [accepted]
INFO:     connection open
‚úÖ WebSocket connected to channel: kitchen_display
‚úÖ WebSocket connected to channel: kitchen_display
‚úÖ WebSocket connected to channel: kitchen_display
‚úÖ WebSocket connected to channel: kitchen_display
‚úÖ WebSocket connected to channel: kitchen_display
‚ùå WebSocket disconnected from channel: kitchen_display
‚úÖ WebSocket connected to channel: kitchen_display
INFO:     127.0.0.1:37758 - "GET /api/v1/operations/orders/preparing HTTP/1.1" 200 OK
INFO:     127.0.0.1:37766 - "GET /api/v1/operations/orders/ready HTTP/1.1" 200 OK
INFO:     127.0.0.1:37746 - "GET /api/v1/operations/orders/pending HTTP/1.1" 200 OK
INFO:     127.0.0.1:37772 - "WebSocket /ws/kitchen/display" [accepted]
INFO:     connection open
INFO:     127.0.0.1:37778 - "WebSocket /ws/kitchen/display" [accepted]
INFO:     connection open
INFO:     127.0.0.1:37784 - "WebSocket /ws/kitchen/display" [accepted]
INFO:     connection open
INFO:     connection closed
INFO:     connection closed
INFO:     connection closed
INFO:     connection closed
INFO:     connection closed
INFO:     connection closed
INFO:     connection closed
INFO:     connection closed
INFO:     connection closed
INFO:     connection closed
INFO:     connection closed
‚úÖ WebSocket connected to channel: kitchen_display
‚úÖ WebSocket connected to channel: kitchen_display
‚úÖ WebSocket connected to channel: kitchen_display
‚ùå WebSocket disconnected from channel: kitchen_display
‚ùå WebSocket disconnected from channel: kitchen_display
‚ùå WebSocket disconnected from channel: kitchen_display
‚ùå WebSocket disconnected from channel: kitchen_display
‚ùå WebSocket disconnected from channel: kitchen_display
‚ùå WebSocket disconnected from channel: kitchen_display
‚ùå WebSocket disconnected from channel: kitchen_display
‚ùå WebSocket disconnected from channel: kitchen_display
‚ùå WebSocket disconnected from channel: kitchen_display
‚ùå WebSocket disconnected from channel: kitchen_display
‚ùå WebSocket disconnected from channel: kitchen_display
INFO:     127.0.0.1:37746 - "GET /api/v1/auth/me HTTP/1.1" 200 OK
INFO:     127.0.0.1:37746 - "GET /api/v1/auth/me HTTP/1.1" 200 OK
INFO:     127.0.0.1:37796 - "WebSocket /ws/kitchen/display" [accepted]
INFO:     connection open
‚úÖ WebSocket connected to channel: kitchen_display
INFO:     127.0.0.1:37766 - "GET /api/v1/operations/orders/preparing HTTP/1.1" 200 OK
INFO:     127.0.0.1:37758 - "GET /api/v1/operations/orders/ready HTTP/1.1" 200 OK
INFO:     127.0.0.1:37746 - "GET /api/v1/operations/orders/pending HTTP/1.1" 200 OK
INFO:     127.0.0.1:37798 - "WebSocket /ws/kitchen/display" [accepted]
INFO:     connection open
‚úÖ WebSocket connected to channel: kitchen_display
INFO:     127.0.0.1:37766 - "GET /api/v1/operations/orders/preparing HTTP/1.1" 200 OK
INFO:     127.0.0.1:37758 - "GET /api/v1/operations/orders/ready HTTP/1.1" 200 OK
INFO:     127.0.0.1:37812 - "WebSocket /ws/kitchen/display" [accepted]
INFO:     connection open
‚úÖ WebSocket connected to channel: kitchen_display
INFO:     127.0.0.1:37746 - "GET /api/v1/operations/orders/pending HTTP/1.1" 200 OK
INFO:     127.0.0.1:37820 - "WebSocket /ws/kitchen/display" [accepted]
INFO:     connection open
INFO:     127.0.0.1:37828 - "WebSocket /ws/kitchen/display" [accepted]
INFO:     connection open
INFO:     127.0.0.1:37840 - "WebSocket /ws/kitchen/display" [accepted]
INFO:     connection open
INFO:     127.0.0.1:37848 - "WebSocket /ws/kitchen/display" [accepted]
INFO:     connection open
INFO:     127.0.0.1:37850 - "WebSocket /ws/kitchen/display" [accepted]
INFO:     connection open
WARNING:  WatchFiles detected changes in 'app/services/order_service.py'. Reloading...
INFO:     Shutting down
INFO:     connection closed
INFO:     connection closed
INFO:     connection closed
INFO:     connection closed
INFO:     connection closed
INFO:     connection closed
INFO:     connection closed
INFO:     connection closed
INFO:     connection closed
INFO:     connection closed
INFO:     connection closed
INFO:     connection closed
INFO:     connection closed
INFO:     connection closed
INFO:     connection closed
INFO:     connection closed
INFO:     connection closed
INFO:     connection closed
INFO:     connection closed
INFO:     connection closed
INFO:     connection closed
INFO:     Waiting for application shutdown.
INFO:     Application shutdown complete.
INFO:     Finished server process [182765]
INFO:     Started server process [185282]
INFO:     Waiting for application startup.
INFO:     Application startup complete.
INFO:     127.0.0.1:51146 - "WebSocket /ws/admin/dashboard" [accepted]
INFO:     connection open
INFO:     127.0.0.1:51158 - "WebSocket /ws/kitchen/display" [accepted]
INFO:     connection open
INFO:     127.0.0.1:51170 - "WebSocket /ws/admin/dashboard" [accepted]
INFO:     connection open
INFO:     127.0.0.1:51176 - "WebSocket /ws/kitchen/display" [accepted]
INFO:     connection open
INFO:     127.0.0.1:51184 - "WebSocket /ws/kitchen/display" [accepted]
INFO:     connection open
INFO:     127.0.0.1:51198 - "WebSocket /ws/admin/dashboard" [accepted]
INFO:     connection open
WARNING:  WatchFiles detected changes in 'app/services/order_service.py'. Reloading...
INFO:     Shutting down
INFO:     connection closed
INFO:     connection closed
INFO:     connection closed
INFO:     connection closed
INFO:     connection closed
INFO:     connection closed
INFO:     Waiting for application shutdown.
INFO:     Application shutdown complete.
INFO:     Finished server process [185282]
INFO:     Started server process [185419]
INFO:     Waiting for application startup.
INFO:     Application startup complete.
INFO:     127.0.0.1:44292 - "WebSocket /ws/admin/dashboard" [accepted]
INFO:     connection open
INFO:     127.0.0.1:44300 - "WebSocket /ws/kitchen/display" [accepted]
INFO:     connection open
INFO:     127.0.0.1:44312 - "WebSocket /ws/kitchen/display" [accepted]
INFO:     connection open
INFO:     127.0.0.1:44314 - "WebSocket /ws/admin/dashboard" [accepted]
INFO:     connection open
INFO:     127.0.0.1:44330 - "WebSocket /ws/admin/dashboard" [accepted]
INFO:     connection open
INFO:     127.0.0.1:44334 - "WebSocket /ws/kitchen/display" [accepted]
INFO:     connection open
WARNING:  WatchFiles detected changes in 'app/services/order_service.py'. Reloading...
INFO:     Shutting down
INFO:     connection closed
INFO:     connection closed
INFO:     connection closed
INFO:     connection closed
INFO:     connection closed
INFO:     connection closed
INFO:     Waiting for application shutdown.
INFO:     Application shutdown complete.
INFO:     Finished server process [185419]
INFO:     Started server process [185453]
INFO:     Waiting for application startup.
INFO:     Application startup complete.
INFO:     127.0.0.1:36110 - "WebSocket /ws/admin/dashboard" [accepted]
INFO:     connection open
INFO:     127.0.0.1:36120 - "WebSocket /ws/kitchen/display" [accepted]
INFO:     connection open
INFO:     127.0.0.1:36136 - "WebSocket /ws/admin/dashboard" [accepted]
INFO:     connection open
INFO:     127.0.0.1:36152 - "WebSocket /ws/admin/dashboard" [accepted]
INFO:     connection open
INFO:     127.0.0.1:36160 - "WebSocket /ws/kitchen/display" [accepted]
INFO:     connection open
INFO:     127.0.0.1:36162 - "WebSocket /ws/kitchen/display" [accepted]
INFO:     connection open
WARNING:  WatchFiles detected changes in 'app/services/order_service.py'. Reloading...
INFO:     Shutting down
INFO:     connection closed
INFO:     connection closed
INFO:     connection closed
INFO:     connection closed
INFO:     connection closed
INFO:     connection closed
INFO:     Waiting for application shutdown.
INFO:     Application shutdown complete.
INFO:     Finished server process [185453]
INFO:     Started server process [185459]
INFO:     Waiting for application startup.
INFO:     Application startup complete.
INFO:     127.0.0.1:36172 - "WebSocket /ws/kitchen/display" [accepted]
INFO:     connection open
INFO:     127.0.0.1:36174 - "WebSocket /ws/admin/dashboard" [accepted]
INFO:     connection open
INFO:     127.0.0.1:36176 - "WebSocket /ws/admin/dashboard" [accepted]
INFO:     connection open
INFO:     127.0.0.1:36178 - "WebSocket /ws/kitchen/display" [accepted]
INFO:     connection open
INFO:     127.0.0.1:36186 - "WebSocket /ws/kitchen/display" [accepted]
INFO:     connection open
INFO:     127.0.0.1:36202 - "WebSocket /ws/admin/dashboard" [accepted]
INFO:     connection open
WARNING:  WatchFiles detected changes in 'app/services/order_service.py'. Reloading...
INFO:     Shutting down
INFO:     connection closed
INFO:     connection closed
INFO:     connection closed
INFO:     connection closed
INFO:     connection closed
INFO:     connection closed
INFO:     Waiting for application shutdown.
INFO:     Application shutdown complete.
INFO:     Finished server process [185459]
INFO:     Started server process [185466]
INFO:     Waiting for application startup.
INFO:     Application startup complete.
INFO:     127.0.0.1:60544 - "WebSocket /ws/admin/dashboard" [accepted]
INFO:     connection open
INFO:     127.0.0.1:60548 - "WebSocket /ws/kitchen/display" [accepted]
INFO:     connection open
WARNING:  WatchFiles detected changes in 'app/services/order_service.py'. Reloading...
INFO:     Shutting down
INFO:     connection closed
INFO:     connection closed
INFO:     Waiting for application shutdown.
INFO:     Application shutdown complete.
INFO:     Finished server process [185466]
INFO:     Started server process [185468]
INFO:     Waiting for application startup.
INFO:     Application startup complete.
INFO:     127.0.0.1:60558 - "WebSocket /ws/admin/dashboard" [accepted]
INFO:     connection open
INFO:     127.0.0.1:60562 - "WebSocket /ws/admin/dashboard" [accepted]
INFO:     connection open
INFO:     127.0.0.1:60572 - "WebSocket /ws/kitchen/display" [accepted]
INFO:     connection open
INFO:     127.0.0.1:60578 - "WebSocket /ws/kitchen/display" [accepted]
INFO:     connection open
INFO:     127.0.0.1:60340 - "WebSocket /ws/kitchen/display" [accepted]
INFO:     connection open
INFO:     127.0.0.1:60352 - "WebSocket /ws/admin/dashboard" [accepted]
INFO:     connection open
WARNING:  WatchFiles detected changes in 'app/services/order_service.py'. Reloading...
INFO:     Shutting down
INFO:     connection closed
INFO:     connection closed
INFO:     connection closed
INFO:     connection closed
INFO:     connection closed
INFO:     connection closed
INFO:     Waiting for application shutdown.
INFO:     Application shutdown complete.
INFO:     Finished server process [185468]
INFO:     Started server process [185477]
INFO:     Waiting for application startup.
INFO:     Application startup complete.
INFO:     127.0.0.1:60364 - "WebSocket /ws/kitchen/display" [accepted]
INFO:     connection open
INFO:     127.0.0.1:60368 - "WebSocket /ws/admin/dashboard" [accepted]
INFO:     connection open
INFO:     127.0.0.1:60376 - "WebSocket /ws/admin/dashboard" [accepted]
INFO:     connection open
INFO:     127.0.0.1:60388 - "WebSocket /ws/kitchen/display" [accepted]
INFO:     connection open
INFO:     127.0.0.1:60394 - "WebSocket /ws/kitchen/display" [accepted]
INFO:     connection open
INFO:     127.0.0.1:60404 - "WebSocket /ws/admin/dashboard" [accepted]
INFO:     connection open
WARNING:  WatchFiles detected changes in 'app/services/order_service.py'. Reloading...
INFO:     Shutting down
INFO:     connection closed
INFO:     connection closed
INFO:     connection closed
INFO:     connection closed
INFO:     connection closed
INFO:     connection closed
INFO:     Waiting for application shutdown.
INFO:     Application shutdown complete.
INFO:     Finished server process [185477]
INFO:     Started server process [185480]
INFO:     Waiting for application startup.
INFO:     Application startup complete.
INFO:     127.0.0.1:53008 - "WebSocket /ws/admin/dashboard" [accepted]
INFO:     connection open
INFO:     127.0.0.1:53018 - "WebSocket /ws/kitchen/display" [accepted]
INFO:     connection open
INFO:     127.0.0.1:53026 - "WebSocket /ws/kitchen/display" [accepted]
INFO:     connection open
INFO:     127.0.0.1:53038 - "WebSocket /ws/admin/dashboard" [accepted]
INFO:     connection open
INFO:     127.0.0.1:53052 - "WebSocket /ws/admin/dashboard" [accepted]
INFO:     connection open
INFO:     127.0.0.1:53060 - "WebSocket /ws/kitchen/display" [accepted]
INFO:     connection open
WARNING:  WatchFiles detected changes in 'app/services/order_service.py'. Reloading...
INFO:     Shutting down
INFO:     connection closed
INFO:     connection closed
INFO:     connection closed
INFO:     connection closed
INFO:     connection closed
INFO:     connection closed
INFO:     Waiting for application shutdown.
INFO:     Application shutdown complete.
INFO:     Finished server process [185480]
INFO:     Started server process [185635]
INFO:     Waiting for application startup.
INFO:     Application startup complete.
INFO:     127.0.0.1:50950 - "WebSocket /ws/admin/dashboard" [accepted]
INFO:     connection open
INFO:     127.0.0.1:50952 - "WebSocket /ws/kitchen/display" [accepted]
INFO:     connection open
INFO:     127.0.0.1:50958 - "WebSocket /ws/kitchen/display" [accepted]
INFO:     connection open
INFO:     127.0.0.1:50968 - "WebSocket /ws/admin/dashboard" [accepted]
INFO:     connection open
INFO:     127.0.0.1:50982 - "WebSocket /ws/admin/dashboard" [accepted]
INFO:     connection open
INFO:     127.0.0.1:50996 - "WebSocket /ws/kitchen/display" [accepted]
INFO:     connection open
WARNING:  WatchFiles detected changes in 'app/services/order_service.py'. Reloading...
INFO:     Shutting down
INFO:     connection closed
INFO:     connection closed
INFO:     connection closed
INFO:     connection closed
INFO:     connection closed
INFO:     connection closed
INFO:     Waiting for application shutdown.
INFO:     Application shutdown complete.
INFO:     Finished server process [185635]
INFO:     Started server process [185655]
INFO:     Waiting for application startup.
INFO:     Application startup complete.
INFO:     127.0.0.1:47438 - "WebSocket /ws/admin/dashboard" [accepted]
INFO:     connection open
INFO:     127.0.0.1:47440 - "WebSocket /ws/kitchen/display" [accepted]
INFO:     connection open
INFO:     127.0.0.1:47442 - "WebSocket /ws/admin/dashboard" [accepted]
INFO:     connection open
INFO:     127.0.0.1:47446 - "WebSocket /ws/admin/dashboard" [accepted]
INFO:     connection open
INFO:     127.0.0.1:47462 - "WebSocket /ws/kitchen/display" [accepted]
INFO:     connection open
INFO:     127.0.0.1:47470 - "WebSocket /ws/kitchen/display" [accepted]
INFO:     connection open
WARNING:  WatchFiles detected changes in 'app/models/order.py'. Reloading...
INFO:     Shutting down
INFO:     connection closed
INFO:     connection closed
INFO:     connection closed
INFO:     connection closed
INFO:     connection closed
INFO:     connection closed
INFO:     Waiting for application shutdown.
INFO:     Application shutdown complete.
INFO:     Finished server process [185655]
INFO:     Started server process [186016]
INFO:     Waiting for application startup.
INFO:     Application startup complete.
INFO:     127.0.0.1:42492 - "WebSocket /ws/kitchen/display" [accepted]
INFO:     connection open
INFO:     127.0.0.1:42500 - "WebSocket /ws/admin/dashboard" [accepted]
Failed to get order analytics: (sqlite3.OperationalError) no such column: orders.display_id
[SQL: SELECT count(*) AS count_1 
FROM (SELECT orders.id AS orders_id, orders.display_id AS orders_display_id, orders.ref_code AS orders_ref_code, orders.user_id AS orders_user_id, orders.customer_name AS orders_customer_name, orders.status AS orders_status, orders.date_ordered AS orders_date_ordered, orders.date_preparing AS orders_date_preparing, orders.date_ready AS orders_date_ready, orders.date_complete AS orders_date_complete, orders.last_status_change AS orders_last_status_change 
FROM orders) AS anon_1]
(Background on this error at: https://sqlalche.me/e/20/e3q8)
INFO:     connection open
INFO:     127.0.0.1:42504 - "WebSocket /ws/admin/dashboard" [accepted]
Failed to get order analytics: (sqlite3.OperationalError) no such column: orders.display_id
[SQL: SELECT count(*) AS count_1 
FROM (SELECT orders.id AS orders_id, orders.display_id AS orders_display_id, orders.ref_code AS orders_ref_code, orders.user_id AS orders_user_id, orders.customer_name AS orders_customer_name, orders.status AS orders_status, orders.date_ordered AS orders_date_ordered, orders.date_preparing AS orders_date_preparing, orders.date_ready AS orders_date_ready, orders.date_complete AS orders_date_complete, orders.last_status_change AS orders_last_status_change 
FROM orders) AS anon_1]
(Background on this error at: https://sqlalche.me/e/20/e3q8)
INFO:     connection open
INFO:     127.0.0.1:42518 - "WebSocket /ws/admin/dashboard" [accepted]
Failed to get order analytics: (sqlite3.OperationalError) no such column: orders.display_id
[SQL: SELECT count(*) AS count_1 
FROM (SELECT orders.id AS orders_id, orders.display_id AS orders_display_id, orders.ref_code AS orders_ref_code, orders.user_id AS orders_user_id, orders.customer_name AS orders_customer_name, orders.status AS orders_status, orders.date_ordered AS orders_date_ordered, orders.date_preparing AS orders_date_preparing, orders.date_ready AS orders_date_ready, orders.date_complete AS orders_date_complete, orders.last_status_change AS orders_last_status_change 
FROM orders) AS anon_1]
(Background on this error at: https://sqlalche.me/e/20/e3q8)
INFO:     connection open
INFO:     127.0.0.1:42528 - "WebSocket /ws/kitchen/display" [accepted]
INFO:     connection open
INFO:     127.0.0.1:42536 - "WebSocket /ws/kitchen/display" [accepted]
INFO:     connection open
WARNING:  WatchFiles detected changes in 'app/models/order.py'. Reloading...
INFO:     Shutting down
INFO:     connection closed
INFO:     connection closed
INFO:     connection closed
INFO:     connection closed
INFO:     connection closed
INFO:     connection closed
INFO:     Waiting for application shutdown.
INFO:     Application shutdown complete.
INFO:     Finished server process [186016]
INFO:     Started server process [186018]
INFO:     Waiting for application startup.
INFO:     Application startup complete.
INFO:     127.0.0.1:59628 - "WebSocket /ws/admin/dashboard" [accepted]
Failed to get order analytics: (sqlite3.OperationalError) no such column: orders.display_id
[SQL: SELECT count(*) AS count_1 
FROM (SELECT orders.id AS orders_id, orders.display_id AS orders_display_id, orders.ref_code AS orders_ref_code, orders.user_id AS orders_user_id, orders.customer_name AS orders_customer_name, orders.status AS orders_status, orders.date_ordered AS orders_date_ordered, orders.date_preparing AS orders_date_preparing, orders.date_ready AS orders_date_ready, orders.date_complete AS orders_date_complete, orders.last_status_change AS orders_last_status_change 
FROM orders) AS anon_1]
(Background on this error at: https://sqlalche.me/e/20/e3q8)
INFO:     connection open
INFO:     127.0.0.1:59638 - "WebSocket /ws/kitchen/display" [accepted]
INFO:     connection open
INFO:     127.0.0.1:59650 - "WebSocket /ws/admin/dashboard" [accepted]
Failed to get order analytics: (sqlite3.OperationalError) no such column: orders.display_id
[SQL: SELECT count(*) AS count_1 
FROM (SELECT orders.id AS orders_id, orders.display_id AS orders_display_id, orders.ref_code AS orders_ref_code, orders.user_id AS orders_user_id, orders.customer_name AS orders_customer_name, orders.status AS orders_status, orders.date_ordered AS orders_date_ordered, orders.date_preparing AS orders_date_preparing, orders.date_ready AS orders_date_ready, orders.date_complete AS orders_date_complete, orders.last_status_change AS orders_last_status_change 
FROM orders) AS anon_1]
(Background on this error at: https://sqlalche.me/e/20/e3q8)
INFO:     connection open
INFO:     127.0.0.1:59658 - "WebSocket /ws/admin/dashboard" [accepted]
Failed to get order analytics: (sqlite3.OperationalError) no such column: orders.display_id
[SQL: SELECT count(*) AS count_1 
FROM (SELECT orders.id AS orders_id, orders.display_id AS orders_display_id, orders.ref_code AS orders_ref_code, orders.user_id AS orders_user_id, orders.customer_name AS orders_customer_name, orders.status AS orders_status, orders.date_ordered AS orders_date_ordered, orders.date_preparing AS orders_date_preparing, orders.date_ready AS orders_date_ready, orders.date_complete AS orders_date_complete, orders.last_status_change AS orders_last_status_change 
FROM orders) AS anon_1]
(Background on this error at: https://sqlalche.me/e/20/e3q8)
INFO:     connection open
INFO:     127.0.0.1:59660 - "WebSocket /ws/kitchen/display" [accepted]
INFO:     connection open
INFO:     127.0.0.1:59674 - "WebSocket /ws/kitchen/display" [accepted]
INFO:     connection open
WARNING:  WatchFiles detected changes in 'app/services/order_service.py'. Reloading...
INFO:     Shutting down
INFO:     connection closed
INFO:     connection closed
INFO:     connection closed
INFO:     connection closed
INFO:     connection closed
INFO:     connection closed
INFO:     Waiting for application shutdown.
INFO:     Application shutdown complete.
INFO:     Finished server process [186018]
INFO:     Started server process [186020]
INFO:     Waiting for application startup.
INFO:     Application startup complete.
INFO:     127.0.0.1:59686 - "WebSocket /ws/admin/dashboard" [accepted]
Failed to get order analytics: (sqlite3.OperationalError) no such column: orders.display_id
[SQL: SELECT count(*) AS count_1 
FROM (SELECT orders.id AS orders_id, orders.display_id AS orders_display_id, orders.ref_code AS orders_ref_code, orders.user_id AS orders_user_id, orders.customer_name AS orders_customer_name, orders.status AS orders_status, orders.date_ordered AS orders_date_ordered, orders.date_preparing AS orders_date_preparing, orders.date_ready AS orders_date_ready, orders.date_complete AS orders_date_complete, orders.last_status_change AS orders_last_status_change 
FROM orders) AS anon_1]
(Background on this error at: https://sqlalche.me/e/20/e3q8)
INFO:     connection open
INFO:     127.0.0.1:59694 - "WebSocket /ws/kitchen/display" [accepted]
INFO:     connection open
INFO:     127.0.0.1:59704 - "WebSocket /ws/admin/dashboard" [accepted]
Failed to get order analytics: (sqlite3.OperationalError) no such column: orders.display_id
[SQL: SELECT count(*) AS count_1 
FROM (SELECT orders.id AS orders_id, orders.display_id AS orders_display_id, orders.ref_code AS orders_ref_code, orders.user_id AS orders_user_id, orders.customer_name AS orders_customer_name, orders.status AS orders_status, orders.date_ordered AS orders_date_ordered, orders.date_preparing AS orders_date_preparing, orders.date_ready AS orders_date_ready, orders.date_complete AS orders_date_complete, orders.last_status_change AS orders_last_status_change 
FROM orders) AS anon_1]
(Background on this error at: https://sqlalche.me/e/20/e3q8)
INFO:     connection open
INFO:     127.0.0.1:59710 - "WebSocket /ws/kitchen/display" [accepted]
INFO:     connection open
INFO:     127.0.0.1:59716 - "WebSocket /ws/kitchen/display" [accepted]
INFO:     connection open
INFO:     127.0.0.1:59722 - "WebSocket /ws/admin/dashboard" [accepted]
Failed to get order analytics: (sqlite3.OperationalError) no such column: orders.display_id
[SQL: SELECT count(*) AS count_1 
FROM (SELECT orders.id AS orders_id, orders.display_id AS orders_display_id, orders.ref_code AS orders_ref_code, orders.user_id AS orders_user_id, orders.customer_name AS orders_customer_name, orders.status AS orders_status, orders.date_ordered AS orders_date_ordered, orders.date_preparing AS orders_date_preparing, orders.date_ready AS orders_date_ready, orders.date_complete AS orders_date_complete, orders.last_status_change AS orders_last_status_change 
FROM orders) AS anon_1]
(Background on this error at: https://sqlalche.me/e/20/e3q8)
INFO:     connection open
WARNING:  WatchFiles detected changes in 'app/services/order_service.py'. Reloading...
INFO:     Shutting down
INFO:     connection closed
INFO:     connection closed
INFO:     connection closed
INFO:     connection closed
INFO:     connection closed
INFO:     connection closed
INFO:     Waiting for application shutdown.
INFO:     Application shutdown complete.
INFO:     Finished server process [186020]
INFO:     Started server process [186035]
INFO:     Waiting for application startup.
INFO:     Application startup complete.
INFO:     127.0.0.1:59724 - "WebSocket /ws/kitchen/display" [accepted]
INFO:     connection open
INFO:     127.0.0.1:59738 - "WebSocket /ws/admin/dashboard" [accepted]
Failed to get order analytics: (sqlite3.OperationalError) no such column: orders.display_id
[SQL: SELECT count(*) AS count_1 
FROM (SELECT orders.id AS orders_id, orders.display_id AS orders_display_id, orders.ref_code AS orders_ref_code, orders.user_id AS orders_user_id, orders.customer_name AS orders_customer_name, orders.status AS orders_status, orders.date_ordered AS orders_date_ordered, orders.date_preparing AS orders_date_preparing, orders.date_ready AS orders_date_ready, orders.date_complete AS orders_date_complete, orders.last_status_change AS orders_last_status_change 
FROM orders) AS anon_1]
(Background on this error at: https://sqlalche.me/e/20/e3q8)
INFO:     connection open
INFO:     127.0.0.1:59748 - "WebSocket /ws/admin/dashboard" [accepted]
Failed to get order analytics: (sqlite3.OperationalError) no such column: orders.display_id
[SQL: SELECT count(*) AS count_1 
FROM (SELECT orders.id AS orders_id, orders.display_id AS orders_display_id, orders.ref_code AS orders_ref_code, orders.user_id AS orders_user_id, orders.customer_name AS orders_customer_name, orders.status AS orders_status, orders.date_ordered AS orders_date_ordered, orders.date_preparing AS orders_date_preparing, orders.date_ready AS orders_date_ready, orders.date_complete AS orders_date_complete, orders.last_status_change AS orders_last_status_change 
FROM orders) AS anon_1]
(Background on this error at: https://sqlalche.me/e/20/e3q8)
INFO:     connection open
INFO:     127.0.0.1:59760 - "WebSocket /ws/kitchen/display" [accepted]
INFO:     connection open
INFO:     127.0.0.1:59768 - "WebSocket /ws/kitchen/display" [accepted]
INFO:     connection open
INFO:     127.0.0.1:59776 - "WebSocket /ws/admin/dashboard" [accepted]
Failed to get order analytics: (sqlite3.OperationalError) no such column: orders.display_id
[SQL: SELECT count(*) AS count_1 
FROM (SELECT orders.id AS orders_id, orders.display_id AS orders_display_id, orders.ref_code AS orders_ref_code, orders.user_id AS orders_user_id, orders.customer_name AS orders_customer_name, orders.status AS orders_status, orders.date_ordered AS orders_date_ordered, orders.date_preparing AS orders_date_preparing, orders.date_ready AS orders_date_ready, orders.date_complete AS orders_date_complete, orders.last_status_change AS orders_last_status_change 
FROM orders) AS anon_1]
(Background on this error at: https://sqlalche.me/e/20/e3q8)
INFO:     connection open
WARNING:  WatchFiles detected changes in 'app/services/order_service.py'. Reloading...
INFO:     Shutting down
INFO:     connection closed
INFO:     connection closed
INFO:     connection closed
INFO:     connection closed
INFO:     connection closed
INFO:     connection closed
INFO:     Waiting for application shutdown.
INFO:     Application shutdown complete.
INFO:     Finished server process [186035]
INFO:     Started server process [186045]
INFO:     Waiting for application startup.
INFO:     Application startup complete.
INFO:     127.0.0.1:48862 - "WebSocket /ws/admin/dashboard" [accepted]
Failed to get order analytics: (sqlite3.OperationalError) no such column: orders.display_id
[SQL: SELECT count(*) AS count_1 
FROM (SELECT orders.id AS orders_id, orders.display_id AS orders_display_id, orders.ref_code AS orders_ref_code, orders.user_id AS orders_user_id, orders.customer_name AS orders_customer_name, orders.status AS orders_status, orders.date_ordered AS orders_date_ordered, orders.date_preparing AS orders_date_preparing, orders.date_ready AS orders_date_ready, orders.date_complete AS orders_date_complete, orders.last_status_change AS orders_last_status_change 
FROM orders) AS anon_1]
(Background on this error at: https://sqlalche.me/e/20/e3q8)
INFO:     connection open
INFO:     127.0.0.1:48864 - "WebSocket /ws/kitchen/display" [accepted]
INFO:     connection open
INFO:     127.0.0.1:48868 - "WebSocket /ws/admin/dashboard" [accepted]
Failed to get order analytics: (sqlite3.OperationalError) no such column: orders.display_id
[SQL: SELECT count(*) AS count_1 
FROM (SELECT orders.id AS orders_id, orders.display_id AS orders_display_id, orders.ref_code AS orders_ref_code, orders.user_id AS orders_user_id, orders.customer_name AS orders_customer_name, orders.status AS orders_status, orders.date_ordered AS orders_date_ordered, orders.date_preparing AS orders_date_preparing, orders.date_ready AS orders_date_ready, orders.date_complete AS orders_date_complete, orders.last_status_change AS orders_last_status_change 
FROM orders) AS anon_1]
(Background on this error at: https://sqlalche.me/e/20/e3q8)
INFO:     connection open
INFO:     127.0.0.1:48878 - "WebSocket /ws/admin/dashboard" [accepted]
Failed to get order analytics: (sqlite3.OperationalError) no such column: orders.display_id
[SQL: SELECT count(*) AS count_1 
FROM (SELECT orders.id AS orders_id, orders.display_id AS orders_display_id, orders.ref_code AS orders_ref_code, orders.user_id AS orders_user_id, orders.customer_name AS orders_customer_name, orders.status AS orders_status, orders.date_ordered AS orders_date_ordered, orders.date_preparing AS orders_date_preparing, orders.date_ready AS orders_date_ready, orders.date_complete AS orders_date_complete, orders.last_status_change AS orders_last_status_change 
FROM orders) AS anon_1]
(Background on this error at: https://sqlalche.me/e/20/e3q8)
INFO:     connection open
INFO:     127.0.0.1:48890 - "WebSocket /ws/kitchen/display" [accepted]
INFO:     connection open
INFO:     127.0.0.1:48894 - "WebSocket /ws/kitchen/display" [accepted]
INFO:     connection open
WARNING:  WatchFiles detected changes in 'app/services/order_service.py'. Reloading...
INFO:     Shutting down
INFO:     connection closed
INFO:     connection closed
INFO:     connection closed
INFO:     connection closed
INFO:     connection closed
INFO:     connection closed
INFO:     Waiting for application shutdown.
INFO:     Application shutdown complete.
INFO:     Finished server process [186045]
INFO:     Started server process [186077]
INFO:     Waiting for application startup.
INFO:     Application startup complete.
INFO:     127.0.0.1:48908 - "WebSocket /ws/admin/dashboard" [accepted]
Failed to get order analytics: (sqlite3.OperationalError) no such column: orders.display_id
[SQL: SELECT count(*) AS count_1 
FROM (SELECT orders.id AS orders_id, orders.display_id AS orders_display_id, orders.ref_code AS orders_ref_code, orders.user_id AS orders_user_id, orders.customer_name AS orders_customer_name, orders.status AS orders_status, orders.date_ordered AS orders_date_ordered, orders.date_preparing AS orders_date_preparing, orders.date_ready AS orders_date_ready, orders.date_complete AS orders_date_complete, orders.last_status_change AS orders_last_status_change 
FROM orders) AS anon_1]
(Background on this error at: https://sqlalche.me/e/20/e3q8)
INFO:     connection open
INFO:     127.0.0.1:48924 - "WebSocket /ws/kitchen/display" [accepted]
INFO:     connection open
INFO:     127.0.0.1:48928 - "WebSocket /ws/admin/dashboard" [accepted]
Failed to get order analytics: (sqlite3.OperationalError) no such column: orders.display_id
[SQL: SELECT count(*) AS count_1 
FROM (SELECT orders.id AS orders_id, orders.display_id AS orders_display_id, orders.ref_code AS orders_ref_code, orders.user_id AS orders_user_id, orders.customer_name AS orders_customer_name, orders.status AS orders_status, orders.date_ordered AS orders_date_ordered, orders.date_preparing AS orders_date_preparing, orders.date_ready AS orders_date_ready, orders.date_complete AS orders_date_complete, orders.last_status_change AS orders_last_status_change 
FROM orders) AS anon_1]
(Background on this error at: https://sqlalche.me/e/20/e3q8)
INFO:     connection open
INFO:     127.0.0.1:48940 - "WebSocket /ws/admin/dashboard" [accepted]
Failed to get order analytics: (sqlite3.OperationalError) no such column: orders.display_id
[SQL: SELECT count(*) AS count_1 
FROM (SELECT orders.id AS orders_id, orders.display_id AS orders_display_id, orders.ref_code AS orders_ref_code, orders.user_id AS orders_user_id, orders.customer_name AS orders_customer_name, orders.status AS orders_status, orders.date_ordered AS orders_date_ordered, orders.date_preparing AS orders_date_preparing, orders.date_ready AS orders_date_ready, orders.date_complete AS orders_date_complete, orders.last_status_change AS orders_last_status_change 
FROM orders) AS anon_1]
(Background on this error at: https://sqlalche.me/e/20/e3q8)
INFO:     connection open
INFO:     127.0.0.1:48948 - "WebSocket /ws/kitchen/display" [accepted]
INFO:     connection open
INFO:     127.0.0.1:48964 - "WebSocket /ws/kitchen/display" [accepted]
INFO:     connection open
WARNING:  WatchFiles detected changes in 'app/services/order_service.py'. Reloading...
INFO:     Shutting down
INFO:     connection closed
INFO:     connection closed
INFO:     connection closed
INFO:     connection closed
INFO:     connection closed
INFO:     connection closed
INFO:     Waiting for application shutdown.
INFO:     Application shutdown complete.
INFO:     Finished server process [186077]
INFO:     Started server process [186079]
INFO:     Waiting for application startup.
INFO:     Application startup complete.
INFO:     127.0.0.1:48972 - "WebSocket /ws/admin/dashboard" [accepted]
Failed to get order analytics: (sqlite3.OperationalError) no such column: orders.display_id
[SQL: SELECT count(*) AS count_1 
FROM (SELECT orders.id AS orders_id, orders.display_id AS orders_display_id, orders.ref_code AS orders_ref_code, orders.user_id AS orders_user_id, orders.customer_name AS orders_customer_name, orders.status AS orders_status, orders.date_ordered AS orders_date_ordered, orders.date_preparing AS orders_date_preparing, orders.date_ready AS orders_date_ready, orders.date_complete AS orders_date_complete, orders.last_status_change AS orders_last_status_change 
FROM orders) AS anon_1]
(Background on this error at: https://sqlalche.me/e/20/e3q8)
INFO:     connection open
INFO:     127.0.0.1:48988 - "WebSocket /ws/kitchen/display" [accepted]
INFO:     connection open
INFO:     127.0.0.1:48990 - "WebSocket /ws/kitchen/display" [accepted]
INFO:     connection open
INFO:     127.0.0.1:48992 - "WebSocket /ws/kitchen/display" [accepted]
INFO:     connection open
INFO:     127.0.0.1:48998 - "WebSocket /ws/admin/dashboard" [accepted]
Failed to get order analytics: (sqlite3.OperationalError) no such column: orders.display_id
[SQL: SELECT count(*) AS count_1 
FROM (SELECT orders.id AS orders_id, orders.display_id AS orders_display_id, orders.ref_code AS orders_ref_code, orders.user_id AS orders_user_id, orders.customer_name AS orders_customer_name, orders.status AS orders_status, orders.date_ordered AS orders_date_ordered, orders.date_preparing AS orders_date_preparing, orders.date_ready AS orders_date_ready, orders.date_complete AS orders_date_complete, orders.last_status_change AS orders_last_status_change 
FROM orders) AS anon_1]
(Background on this error at: https://sqlalche.me/e/20/e3q8)
INFO:     connection open
INFO:     127.0.0.1:49004 - "WebSocket /ws/admin/dashboard" [accepted]
Failed to get order analytics: (sqlite3.OperationalError) no such column: orders.display_id
[SQL: SELECT count(*) AS count_1 
FROM (SELECT orders.id AS orders_id, orders.display_id AS orders_display_id, orders.ref_code AS orders_ref_code, orders.user_id AS orders_user_id, orders.customer_name AS orders_customer_name, orders.status AS orders_status, orders.date_ordered AS orders_date_ordered, orders.date_preparing AS orders_date_preparing, orders.date_ready AS orders_date_ready, orders.date_complete AS orders_date_complete, orders.last_status_change AS orders_last_status_change 
FROM orders) AS anon_1]
(Background on this error at: https://sqlalche.me/e/20/e3q8)
INFO:     connection open
WARNING:  WatchFiles detected changes in 'app/schemas/order.py'. Reloading...
INFO:     Shutting down
INFO:     connection closed
INFO:     connection closed
INFO:     connection closed
INFO:     connection closed
INFO:     connection closed
INFO:     connection closed
INFO:     Waiting for application shutdown.
INFO:     Application shutdown complete.
INFO:     Finished server process [186079]
INFO:     Started server process [186085]
INFO:     Waiting for application startup.
INFO:     Application startup complete.
INFO:     127.0.0.1:58348 - "WebSocket /ws/kitchen/display" [accepted]
INFO:     connection open
INFO:     127.0.0.1:58364 - "WebSocket /ws/admin/dashboard" [accepted]
Failed to get order analytics: (sqlite3.OperationalError) no such column: orders.display_id
[SQL: SELECT count(*) AS count_1 
FROM (SELECT orders.id AS orders_id, orders.display_id AS orders_display_id, orders.ref_code AS orders_ref_code, orders.user_id AS orders_user_id, orders.customer_name AS orders_customer_name, orders.status AS orders_status, orders.date_ordered AS orders_date_ordered, orders.date_preparing AS orders_date_preparing, orders.date_ready AS orders_date_ready, orders.date_complete AS orders_date_complete, orders.last_status_change AS orders_last_status_change 
FROM orders) AS anon_1]
(Background on this error at: https://sqlalche.me/e/20/e3q8)
INFO:     connection open
INFO:     127.0.0.1:58366 - "WebSocket /ws/kitchen/display" [accepted]
INFO:     connection open
INFO:     127.0.0.1:58374 - "WebSocket /ws/kitchen/display" [accepted]
INFO:     connection open
INFO:     127.0.0.1:58376 - "WebSocket /ws/admin/dashboard" [accepted]
Failed to get order analytics: (sqlite3.OperationalError) no such column: orders.display_id
[SQL: SELECT count(*) AS count_1 
FROM (SELECT orders.id AS orders_id, orders.display_id AS orders_display_id, orders.ref_code AS orders_ref_code, orders.user_id AS orders_user_id, orders.customer_name AS orders_customer_name, orders.status AS orders_status, orders.date_ordered AS orders_date_ordered, orders.date_preparing AS orders_date_preparing, orders.date_ready AS orders_date_ready, orders.date_complete AS orders_date_complete, orders.last_status_change AS orders_last_status_change 
FROM orders) AS anon_1]
(Background on this error at: https://sqlalche.me/e/20/e3q8)
INFO:     connection open
INFO:     127.0.0.1:58380 - "WebSocket /ws/admin/dashboard" [accepted]
Failed to get order analytics: (sqlite3.OperationalError) no such column: orders.display_id
[SQL: SELECT count(*) AS count_1 
FROM (SELECT orders.id AS orders_id, orders.display_id AS orders_display_id, orders.ref_code AS orders_ref_code, orders.user_id AS orders_user_id, orders.customer_name AS orders_customer_name, orders.status AS orders_status, orders.date_ordered AS orders_date_ordered, orders.date_preparing AS orders_date_preparing, orders.date_ready AS orders_date_ready, orders.date_complete AS orders_date_complete, orders.last_status_change AS orders_last_status_change 
FROM orders) AS anon_1]
(Background on this error at: https://sqlalche.me/e/20/e3q8)
INFO:     connection open
WARNING:  WatchFiles detected changes in 'app/schemas/order.py'. Reloading...
INFO:     Shutting down
INFO:     connection closed
INFO:     connection closed
INFO:     connection closed
INFO:     connection closed
INFO:     connection closed
INFO:     connection closed
INFO:     Waiting for application shutdown.
INFO:     Application shutdown complete.
INFO:     Finished server process [186085]
INFO:     Started server process [186094]
INFO:     Waiting for application startup.
INFO:     Application startup complete.
INFO:     127.0.0.1:58390 - "WebSocket /ws/admin/dashboard" [accepted]
Failed to get order analytics: (sqlite3.OperationalError) no such column: orders.display_id
[SQL: SELECT count(*) AS count_1 
FROM (SELECT orders.id AS orders_id, orders.display_id AS orders_display_id, orders.ref_code AS orders_ref_code, orders.user_id AS orders_user_id, orders.customer_name AS orders_customer_name, orders.status AS orders_status, orders.date_ordered AS orders_date_ordered, orders.date_preparing AS orders_date_preparing, orders.date_ready AS orders_date_ready, orders.date_complete AS orders_date_complete, orders.last_status_change AS orders_last_status_change 
FROM orders) AS anon_1]
(Background on this error at: https://sqlalche.me/e/20/e3q8)
INFO:     connection open
INFO:     127.0.0.1:58396 - "WebSocket /ws/kitchen/display" [accepted]
INFO:     connection open
INFO:     127.0.0.1:58398 - "WebSocket /ws/admin/dashboard" [accepted]
Failed to get order analytics: (sqlite3.OperationalError) no such column: orders.display_id
[SQL: SELECT count(*) AS count_1 
FROM (SELECT orders.id AS orders_id, orders.display_id AS orders_display_id, orders.ref_code AS orders_ref_code, orders.user_id AS orders_user_id, orders.customer_name AS orders_customer_name, orders.status AS orders_status, orders.date_ordered AS orders_date_ordered, orders.date_preparing AS orders_date_preparing, orders.date_ready AS orders_date_ready, orders.date_complete AS orders_date_complete, orders.last_status_change AS orders_last_status_change 
FROM orders) AS anon_1]
(Background on this error at: https://sqlalche.me/e/20/e3q8)
INFO:     connection open
INFO:     127.0.0.1:58406 - "WebSocket /ws/kitchen/display" [accepted]
INFO:     connection open
INFO:     127.0.0.1:58408 - "WebSocket /ws/kitchen/display" [accepted]
INFO:     connection open
INFO:     127.0.0.1:58418 - "WebSocket /ws/admin/dashboard" [accepted]
Failed to get order analytics: (sqlite3.OperationalError) no such column: orders.display_id
[SQL: SELECT count(*) AS count_1 
FROM (SELECT orders.id AS orders_id, orders.display_id AS orders_display_id, orders.ref_code AS orders_ref_code, orders.user_id AS orders_user_id, orders.customer_name AS orders_customer_name, orders.status AS orders_status, orders.date_ordered AS orders_date_ordered, orders.date_preparing AS orders_date_preparing, orders.date_ready AS orders_date_ready, orders.date_complete AS orders_date_complete, orders.last_status_change AS orders_last_status_change 
FROM orders) AS anon_1]
(Background on this error at: https://sqlalche.me/e/20/e3q8)
INFO:     connection open
INFO:     connection closed
INFO:     127.0.0.1:33508 - "WebSocket /ws/kitchen/display" [accepted]
INFO:     connection open
‚úÖ WebSocket connected to channel: admin_dashboard
‚ùå WebSocket error in admin dashboard: (sqlite3.OperationalError) no such column: orders.display_id
[SQL: SELECT orders.id AS orders_id, orders.display_id AS orders_display_id, orders.ref_code AS orders_ref_code, orders.user_id AS orders_user_id, orders.customer_name AS orders_customer_name, orders.status AS orders_status, orders.date_ordered AS orders_date_ordered, orders.date_preparing AS orders_date_preparing, orders.date_ready AS orders_date_ready, orders.date_complete AS orders_date_complete, orders.last_status_change AS orders_last_status_change 
FROM orders ORDER BY orders.date_ordered DESC
 LIMIT ? OFFSET ?]
[parameters: (50, 0)]
(Background on this error at: https://sqlalche.me/e/20/e3q8)
‚ùå WebSocket disconnected from channel: admin_dashboard
‚úÖ WebSocket connected to channel: kitchen_display
‚ùå WebSocket error in kitchen display: (sqlite3.OperationalError) no such column: orders.display_id
[SQL: SELECT orders.id AS orders_id, orders.display_id AS orders_display_id, orders.ref_code AS orders_ref_code, orders.user_id AS orders_user_id, orders.customer_name AS orders_customer_name, orders.status AS orders_status, orders.date_ordered AS orders_date_ordered, orders.date_preparing AS orders_date_preparing, orders.date_ready AS orders_date_ready, orders.date_complete AS orders_date_complete, orders.last_status_change AS orders_last_status_change 
FROM orders 
WHERE orders.status = ? ORDER BY orders.date_ordered]
[parameters: ('PENDING',)]
(Background on this error at: https://sqlalche.me/e/20/e3q8)
‚ùå WebSocket disconnected from channel: kitchen_display
‚úÖ WebSocket connected to channel: admin_dashboard
‚ùå WebSocket error in admin dashboard: (sqlite3.OperationalError) no such column: orders.display_id
[SQL: SELECT orders.id AS orders_id, orders.display_id AS orders_display_id, orders.ref_code AS orders_ref_code, orders.user_id AS orders_user_id, orders.customer_name AS orders_customer_name, orders.status AS orders_status, orders.date_ordered AS orders_date_ordered, orders.date_preparing AS orders_date_preparing, orders.date_ready AS orders_date_ready, orders.date_complete AS orders_date_complete, orders.last_status_change AS orders_last_status_change 
FROM orders ORDER BY orders.date_ordered DESC
 LIMIT ? OFFSET ?]
[parameters: (50, 0)]
(Background on this error at: https://sqlalche.me/e/20/e3q8)
‚ùå WebSocket disconnected from channel: admin_dashboard
‚úÖ WebSocket connected to channel: kitchen_display
‚ùå WebSocket error in kitchen display: (sqlite3.OperationalError) no such column: orders.display_id
[SQL: SELECT orders.id AS orders_id, orders.display_id AS orders_display_id, orders.ref_code AS orders_ref_code, orders.user_id AS orders_user_id, orders.customer_name AS orders_customer_name, orders.status AS orders_status, orders.date_ordered AS orders_date_ordered, orders.date_preparing AS orders_date_preparing, orders.date_ready AS orders_date_ready, orders.date_complete AS orders_date_complete, orders.last_status_change AS orders_last_status_change 
FROM orders 
WHERE orders.status = ? ORDER BY orders.date_ordered]
[parameters: ('PENDING',)]
(Background on this error at: https://sqlalche.me/e/20/e3q8)
‚ùå WebSocket disconnected from channel: kitchen_display
‚úÖ WebSocket connected to channel: kitchen_display
‚ùå WebSocket error in kitchen display: (sqlite3.OperationalError) no such column: orders.display_id
[SQL: SELECT orders.id AS orders_id, orders.display_id AS orders_display_id, orders.ref_code AS orders_ref_code, orders.user_id AS orders_user_id, orders.customer_name AS orders_customer_name, orders.status AS orders_status, orders.date_ordered AS orders_date_ordered, orders.date_preparing AS orders_date_preparing, orders.date_ready AS orders_date_ready, orders.date_complete AS orders_date_complete, orders.last_status_change AS orders_last_status_change 
FROM orders 
WHERE orders.status = ? ORDER BY orders.date_ordered]
[parameters: ('PENDING',)]
(Background on this error at: https://sqlalche.me/e/20/e3q8)
‚ùå WebSocket disconnected from channel: kitchen_display
‚úÖ WebSocket connected to channel: admin_dashboard
‚ùå WebSocket error in admin dashboard: (sqlite3.OperationalError) no such column: orders.display_id
[SQL: SELECT orders.id AS orders_id, orders.display_id AS orders_display_id, orders.ref_code AS orders_ref_code, orders.user_id AS orders_user_id, orders.customer_name AS orders_customer_name, orders.status AS orders_status, orders.date_ordered AS orders_date_ordered, orders.date_preparing AS orders_date_preparing, orders.date_ready AS orders_date_ready, orders.date_complete AS orders_date_complete, orders.last_status_change AS orders_last_status_change 
FROM orders ORDER BY orders.date_ordered DESC
 LIMIT ? OFFSET ?]
[parameters: (50, 0)]
(Background on this error at: https://sqlalche.me/e/20/e3q8)
‚ùå WebSocket disconnected from channel: admin_dashboard
‚úÖ WebSocket connected to channel: kitchen_display
‚ùå WebSocket error in kitchen display: (sqlite3.OperationalError) no such column: orders.display_id
[SQL: SELECT orders.id AS orders_id, orders.display_id AS orders_display_id, orders.ref_code AS orders_ref_code, orders.user_id AS orders_user_id, orders.customer_name AS orders_customer_name, orders.status AS orders_status, orders.date_ordered AS orders_date_ordered, orders.date_preparing AS orders_date_preparing, orders.date_ready AS orders_date_ready, orders.date_complete AS orders_date_complete, orders.last_status_change AS orders_last_status_change 
FROM orders 
WHERE orders.status = ? ORDER BY orders.date_ordered]
[parameters: ('PENDING',)]
(Background on this error at: https://sqlalche.me/e/20/e3q8)
‚ùå WebSocket disconnected from channel: kitchen_display
INFO:     127.0.0.1:33518 - "OPTIONS /api/v1/operations/orders/pending HTTP/1.1" 200 OK
INFO:     127.0.0.1:33534 - "OPTIONS /api/v1/operations/orders/preparing HTTP/1.1" 200 OK
INFO:     127.0.0.1:33542 - "OPTIONS /api/v1/operations/orders/ready HTTP/1.1" 200 OK
INFO:     127.0.0.1:33564 - "WebSocket /ws/kitchen/display" [accepted]
INFO:     connection open
‚úÖ WebSocket connected to channel: kitchen_display
‚ùå WebSocket error in kitchen display: (sqlite3.OperationalError) no such column: orders.display_id
[SQL: SELECT orders.id AS orders_id, orders.display_id AS orders_display_id, orders.ref_code AS orders_ref_code, orders.user_id AS orders_user_id, orders.customer_name AS orders_customer_name, orders.status AS orders_status, orders.date_ordered AS orders_date_ordered, orders.date_preparing AS orders_date_preparing, orders.date_ready AS orders_date_ready, orders.date_complete AS orders_date_complete, orders.last_status_change AS orders_last_status_change 
FROM orders 
WHERE orders.status = ? ORDER BY orders.date_ordered]
[parameters: ('PENDING',)]
(Background on this error at: https://sqlalche.me/e/20/e3q8)
‚ùå WebSocket disconnected from channel: kitchen_display
INFO:     127.0.0.1:33556 - "GET /api/v1/operations/orders/pending HTTP/1.1" 401 Unauthorized
INFO:     127.0.0.1:33518 - "GET /api/v1/operations/orders/preparing HTTP/1.1" 401 Unauthorized
INFO:     127.0.0.1:33534 - "GET /api/v1/operations/orders/ready HTTP/1.1" 401 Unauthorized
INFO:     127.0.0.1:33518 - "OPTIONS /api/v1/auth/refresh HTTP/1.1" 200 OK
INFO:     127.0.0.1:33534 - "OPTIONS /api/v1/auth/refresh HTTP/1.1" 200 OK
INFO:     127.0.0.1:33556 - "OPTIONS /api/v1/auth/refresh HTTP/1.1" 200 OK
INFO:     127.0.0.1:33576 - "WebSocket /ws/kitchen/display" [accepted]
‚úÖ WebSocket connected to channel: kitchen_display
‚ùå WebSocket error in kitchen display: (sqlite3.OperationalError) no such column: orders.display_id
[SQL: SELECT orders.id AS orders_id, orders.display_id AS orders_display_id, orders.ref_code AS orders_ref_code, orders.user_id AS orders_user_id, orders.customer_name AS orders_customer_name, orders.status AS orders_status, orders.date_ordered AS orders_date_ordered, orders.date_preparing AS orders_date_preparing, orders.date_ready AS orders_date_ready, orders.date_complete AS orders_date_complete, orders.last_status_change AS orders_last_status_change 
FROM orders 
WHERE orders.status = ? ORDER BY orders.date_ordered]
[parameters: ('PENDING',)]
(Background on this error at: https://sqlalche.me/e/20/e3q8)
‚ùå WebSocket disconnected from channel: kitchen_display
INFO:     127.0.0.1:33542 - "POST /api/v1/auth/refresh HTTP/1.1" 404 Not Found
INFO:     connection open
INFO:     127.0.0.1:33518 - "POST /api/v1/auth/refresh HTTP/1.1" 404 Not Found
INFO:     127.0.0.1:33556 - "POST /api/v1/auth/refresh HTTP/1.1" 404 Not Found
INFO:     127.0.0.1:33592 - "WebSocket /ws/kitchen/display" [accepted]
INFO:     connection open
INFO:     connection closed
INFO:     connection closed
INFO:     connection closed
INFO:     connection closed
WARNING:  WatchFiles detected changes in 'alembic/env.py'. Reloading...
INFO:     Shutting down
INFO:     connection closed
INFO:     connection closed
INFO:     connection closed
INFO:     connection closed
INFO:     connection closed
INFO:     Waiting for application shutdown.
INFO:     Application shutdown complete.
INFO:     Finished server process [186094]
WARNING:  WatchFiles detected changes in 'alembic/env.py'. Reloading...
INFO:     Started server process [186700]
INFO:     Waiting for application startup.
INFO:     Application startup complete.
INFO:     Started server process [186702]
INFO:     Waiting for application startup.
INFO:     Application startup complete.
INFO:     127.0.0.1:50040 - "WebSocket /ws/admin/dashboard" [accepted]
Failed to get order analytics: (sqlite3.OperationalError) no such column: orders.display_id
[SQL: SELECT count(*) AS count_1 
FROM (SELECT orders.id AS orders_id, orders.display_id AS orders_display_id, orders.ref_code AS orders_ref_code, orders.user_id AS orders_user_id, orders.customer_name AS orders_customer_name, orders.status AS orders_status, orders.date_ordered AS orders_date_ordered, orders.date_preparing AS orders_date_preparing, orders.date_ready AS orders_date_ready, orders.date_complete AS orders_date_complete, orders.last_status_change AS orders_last_status_change 
FROM orders) AS anon_1]
(Background on this error at: https://sqlalche.me/e/20/e3q8)
INFO:     connection open
INFO:     127.0.0.1:50048 - "WebSocket /ws/admin/dashboard" [accepted]
Failed to get order analytics: (sqlite3.OperationalError) no such column: orders.display_id
[SQL: SELECT count(*) AS count_1 
FROM (SELECT orders.id AS orders_id, orders.display_id AS orders_display_id, orders.ref_code AS orders_ref_code, orders.user_id AS orders_user_id, orders.customer_name AS orders_customer_name, orders.status AS orders_status, orders.date_ordered AS orders_date_ordered, orders.date_preparing AS orders_date_preparing, orders.date_ready AS orders_date_ready, orders.date_complete AS orders_date_complete, orders.last_status_change AS orders_last_status_change 
FROM orders) AS anon_1]
(Background on this error at: https://sqlalche.me/e/20/e3q8)
INFO:     connection open
INFO:     127.0.0.1:50060 - "WebSocket /ws/kitchen/display" [accepted]
INFO:     connection open
INFO:     127.0.0.1:50068 - "WebSocket /ws/admin/dashboard" [accepted]
Failed to get order analytics: (sqlite3.OperationalError) no such column: orders.display_id
[SQL: SELECT count(*) AS count_1 
FROM (SELECT orders.id AS orders_id, orders.display_id AS orders_display_id, orders.ref_code AS orders_ref_code, orders.user_id AS orders_user_id, orders.customer_name AS orders_customer_name, orders.status AS orders_status, orders.date_ordered AS orders_date_ordered, orders.date_preparing AS orders_date_preparing, orders.date_ready AS orders_date_ready, orders.date_complete AS orders_date_complete, orders.last_status_change AS orders_last_status_change 
FROM orders) AS anon_1]
(Background on this error at: https://sqlalche.me/e/20/e3q8)
INFO:     connection open
INFO:     127.0.0.1:50084 - "WebSocket /ws/kitchen/display" [accepted]
INFO:     connection open
WARNING:  WatchFiles detected changes in 'alembic/versions/0001_add_display_id_to_orders.py'. Reloading...
INFO:     Shutting down
INFO:     connection closed
INFO:     connection closed
INFO:     connection closed
INFO:     connection closed
INFO:     connection closed
INFO:     Waiting for application shutdown.
INFO:     Application shutdown complete.
INFO:     Finished server process [186702]
WARNING:  WatchFiles detected changes in 'alembic/versions/0001_add_display_id_to_orders.py'. Reloading...
INFO:     Started server process [186726]
INFO:     Waiting for application startup.
INFO:     Application startup complete.
INFO:     Started server process [186728]
INFO:     Waiting for application startup.
INFO:     Application startup complete.
INFO:     127.0.0.1:50098 - "WebSocket /ws/admin/dashboard" [accepted]
Failed to get order analytics: (sqlite3.OperationalError) no such column: orders.display_id
[SQL: SELECT count(*) AS count_1 
FROM (SELECT orders.id AS orders_id, orders.display_id AS orders_display_id, orders.ref_code AS orders_ref_code, orders.user_id AS orders_user_id, orders.customer_name AS orders_customer_name, orders.status AS orders_status, orders.date_ordered AS orders_date_ordered, orders.date_preparing AS orders_date_preparing, orders.date_ready AS orders_date_ready, orders.date_complete AS orders_date_complete, orders.last_status_change AS orders_last_status_change 
FROM orders) AS anon_1]
(Background on this error at: https://sqlalche.me/e/20/e3q8)
INFO:     connection open
INFO:     127.0.0.1:50100 - "WebSocket /ws/kitchen/display" [accepted]
INFO:     connection open
INFO:     127.0.0.1:50116 - "WebSocket /ws/kitchen/display" [accepted]
INFO:     connection open
INFO:     127.0.0.1:50122 - "WebSocket /ws/admin/dashboard" [accepted]
Failed to get order analytics: (sqlite3.OperationalError) no such column: orders.display_id
[SQL: SELECT count(*) AS count_1 
FROM (SELECT orders.id AS orders_id, orders.display_id AS orders_display_id, orders.ref_code AS orders_ref_code, orders.user_id AS orders_user_id, orders.customer_name AS orders_customer_name, orders.status AS orders_status, orders.date_ordered AS orders_date_ordered, orders.date_preparing AS orders_date_preparing, orders.date_ready AS orders_date_ready, orders.date_complete AS orders_date_complete, orders.last_status_change AS orders_last_status_change 
FROM orders) AS anon_1]
(Background on this error at: https://sqlalche.me/e/20/e3q8)
INFO:     connection open
INFO:     127.0.0.1:50130 - "WebSocket /ws/admin/dashboard" [accepted]
Failed to get order analytics: (sqlite3.OperationalError) no such column: orders.display_id
[SQL: SELECT count(*) AS count_1 
FROM (SELECT orders.id AS orders_id, orders.display_id AS orders_display_id, orders.ref_code AS orders_ref_code, orders.user_id AS orders_user_id, orders.customer_name AS orders_customer_name, orders.status AS orders_status, orders.date_ordered AS orders_date_ordered, orders.date_preparing AS orders_date_preparing, orders.date_ready AS orders_date_ready, orders.date_complete AS orders_date_complete, orders.last_status_change AS orders_last_status_change 
FROM orders) AS anon_1]
(Background on this error at: https://sqlalche.me/e/20/e3q8)
INFO:     connection open
WARNING:  WatchFiles detected changes in 'alembic/versions/__init__.py'. Reloading...
INFO:     Shutting down
INFO:     connection closed
INFO:     connection closed
INFO:     connection closed
INFO:     connection closed
INFO:     connection closed
INFO:     Waiting for application shutdown.
INFO:     Application shutdown complete.
INFO:     Finished server process [186728]
WARNING:  WatchFiles detected changes in 'alembic/versions/__init__.py'. Reloading...
INFO:     Started server process [186730]
INFO:     Waiting for application startup.
INFO:     Application startup complete.
INFO:     Started server process [186732]
INFO:     Waiting for application startup.
INFO:     Application startup complete.
INFO:     127.0.0.1:39348 - "WebSocket /ws/admin/dashboard" [accepted]
Failed to get order analytics: (sqlite3.OperationalError) no such column: orders.display_id
[SQL: SELECT count(*) AS count_1 
FROM (SELECT orders.id AS orders_id, orders.display_id AS orders_display_id, orders.ref_code AS orders_ref_code, orders.user_id AS orders_user_id, orders.customer_name AS orders_customer_name, orders.status AS orders_status, orders.date_ordered AS orders_date_ordered, orders.date_preparing AS orders_date_preparing, orders.date_ready AS orders_date_ready, orders.date_complete AS orders_date_complete, orders.last_status_change AS orders_last_status_change 
FROM orders) AS anon_1]
(Background on this error at: https://sqlalche.me/e/20/e3q8)
INFO:     connection open
INFO:     127.0.0.1:39358 - "WebSocket /ws/kitchen/display" [accepted]
INFO:     connection open
INFO:     127.0.0.1:39362 - "WebSocket /ws/admin/dashboard" [accepted]
Failed to get order analytics: (sqlite3.OperationalError) no such column: orders.display_id
[SQL: SELECT count(*) AS count_1 
FROM (SELECT orders.id AS orders_id, orders.display_id AS orders_display_id, orders.ref_code AS orders_ref_code, orders.user_id AS orders_user_id, orders.customer_name AS orders_customer_name, orders.status AS orders_status, orders.date_ordered AS orders_date_ordered, orders.date_preparing AS orders_date_preparing, orders.date_ready AS orders_date_ready, orders.date_complete AS orders_date_complete, orders.last_status_change AS orders_last_status_change 
FROM orders) AS anon_1]
(Background on this error at: https://sqlalche.me/e/20/e3q8)
INFO:     connection open
INFO:     127.0.0.1:39376 - "WebSocket /ws/admin/dashboard" [accepted]
Failed to get order analytics: (sqlite3.OperationalError) no such column: orders.display_id
[SQL: SELECT count(*) AS count_1 
FROM (SELECT orders.id AS orders_id, orders.display_id AS orders_display_id, orders.ref_code AS orders_ref_code, orders.user_id AS orders_user_id, orders.customer_name AS orders_customer_name, orders.status AS orders_status, orders.date_ordered AS orders_date_ordered, orders.date_preparing AS orders_date_preparing, orders.date_ready AS orders_date_ready, orders.date_complete AS orders_date_complete, orders.last_status_change AS orders_last_status_change 
FROM orders) AS anon_1]
(Background on this error at: https://sqlalche.me/e/20/e3q8)
INFO:     connection open
INFO:     127.0.0.1:39378 - "WebSocket /ws/kitchen/display" [accepted]
INFO:     connection open
WARNING:  WatchFiles detected changes in 'alembic/__init__.py'. Reloading...
INFO:     Shutting down
INFO:     connection closed
INFO:     connection closed
INFO:     connection closed
INFO:     connection closed
INFO:     connection closed
INFO:     Waiting for application shutdown.
INFO:     Application shutdown complete.
INFO:     Finished server process [186732]
WARNING:  WatchFiles detected changes in 'alembic/__init__.py'. Reloading...
INFO:     Started server process [186734]
INFO:     Waiting for application startup.
INFO:     Application startup complete.
INFO:     Started server process [186737]
INFO:     Waiting for application startup.
INFO:     Application startup complete.
INFO:     127.0.0.1:39392 - "WebSocket /ws/admin/dashboard" [accepted]
Failed to get order analytics: (sqlite3.OperationalError) no such column: orders.display_id
[SQL: SELECT count(*) AS count_1 
FROM (SELECT orders.id AS orders_id, orders.display_id AS orders_display_id, orders.ref_code AS orders_ref_code, orders.user_id AS orders_user_id, orders.customer_name AS orders_customer_name, orders.status AS orders_status, orders.date_ordered AS orders_date_ordered, orders.date_preparing AS orders_date_preparing, orders.date_ready AS orders_date_ready, orders.date_complete AS orders_date_complete, orders.last_status_change AS orders_last_status_change 
FROM orders) AS anon_1]
(Background on this error at: https://sqlalche.me/e/20/e3q8)
INFO:     connection open
INFO:     127.0.0.1:39406 - "WebSocket /ws/kitchen/display" [accepted]
INFO:     connection open
INFO:     127.0.0.1:39422 - "WebSocket /ws/admin/dashboard" [accepted]
Failed to get order analytics: (sqlite3.OperationalError) no such column: orders.display_id
[SQL: SELECT count(*) AS count_1 
FROM (SELECT orders.id AS orders_id, orders.display_id AS orders_display_id, orders.ref_code AS orders_ref_code, orders.user_id AS orders_user_id, orders.customer_name AS orders_customer_name, orders.status AS orders_status, orders.date_ordered AS orders_date_ordered, orders.date_preparing AS orders_date_preparing, orders.date_ready AS orders_date_ready, orders.date_complete AS orders_date_complete, orders.last_status_change AS orders_last_status_change 
FROM orders) AS anon_1]
(Background on this error at: https://sqlalche.me/e/20/e3q8)
INFO:     connection open
INFO:     127.0.0.1:39438 - "WebSocket /ws/admin/dashboard" [accepted]
Failed to get order analytics: (sqlite3.OperationalError) no such column: orders.display_id
[SQL: SELECT count(*) AS count_1 
FROM (SELECT orders.id AS orders_id, orders.display_id AS orders_display_id, orders.ref_code AS orders_ref_code, orders.user_id AS orders_user_id, orders.customer_name AS orders_customer_name, orders.status AS orders_status, orders.date_ordered AS orders_date_ordered, orders.date_preparing AS orders_date_preparing, orders.date_ready AS orders_date_ready, orders.date_complete AS orders_date_complete, orders.last_status_change AS orders_last_status_change 
FROM orders) AS anon_1]
(Background on this error at: https://sqlalche.me/e/20/e3q8)
INFO:     connection open
INFO:     127.0.0.1:39452 - "WebSocket /ws/kitchen/display" [accepted]
INFO:     connection open
WARNING:  WatchFiles detected changes in 'app/api/v1/orders.py'. Reloading...
INFO:     Shutting down
INFO:     connection closed
INFO:     connection closed
INFO:     connection closed
INFO:     connection closed
INFO:     connection closed
INFO:     Waiting for application shutdown.
INFO:     Application shutdown complete.
INFO:     Finished server process [186737]
INFO:     Started server process [186748]
INFO:     Waiting for application startup.
INFO:     Application startup complete.
INFO:     127.0.0.1:39458 - "WebSocket /ws/admin/dashboard" [accepted]
Failed to get order analytics: (sqlite3.OperationalError) no such column: orders.display_id
[SQL: SELECT count(*) AS count_1 
FROM (SELECT orders.id AS orders_id, orders.display_id AS orders_display_id, orders.ref_code AS orders_ref_code, orders.user_id AS orders_user_id, orders.customer_name AS orders_customer_name, orders.status AS orders_status, orders.date_ordered AS orders_date_ordered, orders.date_preparing AS orders_date_preparing, orders.date_ready AS orders_date_ready, orders.date_complete AS orders_date_complete, orders.last_status_change AS orders_last_status_change 
FROM orders) AS anon_1]
(Background on this error at: https://sqlalche.me/e/20/e3q8)
INFO:     connection open
INFO:     127.0.0.1:39850 - "WebSocket /ws/admin/dashboard" [accepted]
Failed to get order analytics: (sqlite3.OperationalError) no such column: orders.display_id
[SQL: SELECT count(*) AS count_1 
FROM (SELECT orders.id AS orders_id, orders.display_id AS orders_display_id, orders.ref_code AS orders_ref_code, orders.user_id AS orders_user_id, orders.customer_name AS orders_customer_name, orders.status AS orders_status, orders.date_ordered AS orders_date_ordered, orders.date_preparing AS orders_date_preparing, orders.date_ready AS orders_date_ready, orders.date_complete AS orders_date_complete, orders.last_status_change AS orders_last_status_change 
FROM orders) AS anon_1]
(Background on this error at: https://sqlalche.me/e/20/e3q8)
INFO:     connection open
INFO:     127.0.0.1:39864 - "WebSocket /ws/kitchen/display" [accepted]
INFO:     connection open
INFO:     127.0.0.1:39876 - "WebSocket /ws/kitchen/display" [accepted]
INFO:     connection open
INFO:     127.0.0.1:39882 - "WebSocket /ws/admin/dashboard" [accepted]
Failed to get order analytics: (sqlite3.OperationalError) no such column: orders.display_id
[SQL: SELECT count(*) AS count_1 
FROM (SELECT orders.id AS orders_id, orders.display_id AS orders_display_id, orders.ref_code AS orders_ref_code, orders.user_id AS orders_user_id, orders.customer_name AS orders_customer_name, orders.status AS orders_status, orders.date_ordered AS orders_date_ordered, orders.date_preparing AS orders_date_preparing, orders.date_ready AS orders_date_ready, orders.date_complete AS orders_date_complete, orders.last_status_change AS orders_last_status_change 
FROM orders) AS anon_1]
(Background on this error at: https://sqlalche.me/e/20/e3q8)
INFO:     connection open
WARNING:  WatchFiles detected changes in 'app/api/v1/orders.py'. Reloading...
INFO:     Shutting down
INFO:     connection closed
INFO:     connection closed
INFO:     connection closed
INFO:     connection closed
INFO:     connection closed
INFO:     Waiting for application shutdown.
INFO:     Application shutdown complete.
INFO:     Finished server process [186748]
INFO:     Started server process [186786]
INFO:     Waiting for application startup.
INFO:     Application startup complete.
INFO:     127.0.0.1:39886 - "WebSocket /ws/admin/dashboard" [accepted]
Failed to get order analytics: (sqlite3.OperationalError) no such column: orders.display_id
[SQL: SELECT count(*) AS count_1 
FROM (SELECT orders.id AS orders_id, orders.display_id AS orders_display_id, orders.ref_code AS orders_ref_code, orders.user_id AS orders_user_id, orders.customer_name AS orders_customer_name, orders.status AS orders_status, orders.date_ordered AS orders_date_ordered, orders.date_preparing AS orders_date_preparing, orders.date_ready AS orders_date_ready, orders.date_complete AS orders_date_complete, orders.last_status_change AS orders_last_status_change 
FROM orders) AS anon_1]
(Background on this error at: https://sqlalche.me/e/20/e3q8)
INFO:     connection open
INFO:     127.0.0.1:39890 - "WebSocket /ws/kitchen/display" [accepted]
INFO:     connection open
INFO:     127.0.0.1:39894 - "WebSocket /ws/admin/dashboard" [accepted]
Failed to get order analytics: (sqlite3.OperationalError) no such column: orders.display_id
[SQL: SELECT count(*) AS count_1 
FROM (SELECT orders.id AS orders_id, orders.display_id AS orders_display_id, orders.ref_code AS orders_ref_code, orders.user_id AS orders_user_id, orders.customer_name AS orders_customer_name, orders.status AS orders_status, orders.date_ordered AS orders_date_ordered, orders.date_preparing AS orders_date_preparing, orders.date_ready AS orders_date_ready, orders.date_complete AS orders_date_complete, orders.last_status_change AS orders_last_status_change 
FROM orders) AS anon_1]
(Background on this error at: https://sqlalche.me/e/20/e3q8)
INFO:     connection open
INFO:     127.0.0.1:39906 - "WebSocket /ws/kitchen/display" [accepted]
INFO:     connection open
INFO:     127.0.0.1:39908 - "WebSocket /ws/admin/dashboard" [accepted]
Failed to get order analytics: (sqlite3.OperationalError) no such column: orders.display_id
[SQL: SELECT count(*) AS count_1 
FROM (SELECT orders.id AS orders_id, orders.display_id AS orders_display_id, orders.ref_code AS orders_ref_code, orders.user_id AS orders_user_id, orders.customer_name AS orders_customer_name, orders.status AS orders_status, orders.date_ordered AS orders_date_ordered, orders.date_preparing AS orders_date_preparing, orders.date_ready AS orders_date_ready, orders.date_complete AS orders_date_complete, orders.last_status_change AS orders_last_status_change 
FROM orders) AS anon_1]
(Background on this error at: https://sqlalche.me/e/20/e3q8)
INFO:     connection open
WARNING:  WatchFiles detected changes in 'app/api/v1/orders.py'. Reloading...
INFO:     Shutting down
INFO:     connection closed
INFO:     connection closed
INFO:     connection closed
INFO:     connection closed
INFO:     connection closed
INFO:     Waiting for application shutdown.
INFO:     Application shutdown complete.
INFO:     Finished server process [186786]
INFO:     Started server process [186792]
INFO:     Waiting for application startup.
INFO:     Application startup complete.
INFO:     127.0.0.1:39912 - "WebSocket /ws/admin/dashboard" [accepted]
Failed to get order analytics: (sqlite3.OperationalError) no such column: orders.display_id
[SQL: SELECT count(*) AS count_1 
FROM (SELECT orders.id AS orders_id, orders.display_id AS orders_display_id, orders.ref_code AS orders_ref_code, orders.user_id AS orders_user_id, orders.customer_name AS orders_customer_name, orders.status AS orders_status, orders.date_ordered AS orders_date_ordered, orders.date_preparing AS orders_date_preparing, orders.date_ready AS orders_date_ready, orders.date_complete AS orders_date_complete, orders.last_status_change AS orders_last_status_change 
FROM orders) AS anon_1]
(Background on this error at: https://sqlalche.me/e/20/e3q8)
INFO:     connection open
INFO:     127.0.0.1:52652 - "WebSocket /ws/admin/dashboard" [accepted]
Failed to get order analytics: (sqlite3.OperationalError) no such column: orders.display_id
[SQL: SELECT count(*) AS count_1 
FROM (SELECT orders.id AS orders_id, orders.display_id AS orders_display_id, orders.ref_code AS orders_ref_code, orders.user_id AS orders_user_id, orders.customer_name AS orders_customer_name, orders.status AS orders_status, orders.date_ordered AS orders_date_ordered, orders.date_preparing AS orders_date_preparing, orders.date_ready AS orders_date_ready, orders.date_complete AS orders_date_complete, orders.last_status_change AS orders_last_status_change 
FROM orders) AS anon_1]
(Background on this error at: https://sqlalche.me/e/20/e3q8)
INFO:     connection open
INFO:     127.0.0.1:52660 - "WebSocket /ws/kitchen/display" [accepted]
INFO:     connection open
INFO:     127.0.0.1:52662 - "WebSocket /ws/kitchen/display" [accepted]
INFO:     connection open
INFO:     127.0.0.1:52674 - "WebSocket /ws/admin/dashboard" [accepted]
Failed to get order analytics: (sqlite3.OperationalError) no such column: orders.display_id
[SQL: SELECT count(*) AS count_1 
FROM (SELECT orders.id AS orders_id, orders.display_id AS orders_display_id, orders.ref_code AS orders_ref_code, orders.user_id AS orders_user_id, orders.customer_name AS orders_customer_name, orders.status AS orders_status, orders.date_ordered AS orders_date_ordered, orders.date_preparing AS orders_date_preparing, orders.date_ready AS orders_date_ready, orders.date_complete AS orders_date_complete, orders.last_status_change AS orders_last_status_change 
FROM orders) AS anon_1]
(Background on this error at: https://sqlalche.me/e/20/e3q8)
INFO:     connection open
WARNING:  WatchFiles detected changes in 'app/api/v1/orders.py'. Reloading...
INFO:     Shutting down
INFO:     connection closed
INFO:     connection closed
INFO:     connection closed
INFO:     connection closed
INFO:     connection closed
INFO:     Waiting for application shutdown.
INFO:     Application shutdown complete.
INFO:     Finished server process [186792]
INFO:     Started server process [186805]
INFO:     Waiting for application startup.
INFO:     Application startup complete.
INFO:     127.0.0.1:46036 - "WebSocket /ws/admin/dashboard" [accepted]
Failed to get order analytics: (sqlite3.OperationalError) no such column: orders.display_id
[SQL: SELECT count(*) AS count_1 
FROM (SELECT orders.id AS orders_id, orders.display_id AS orders_display_id, orders.ref_code AS orders_ref_code, orders.user_id AS orders_user_id, orders.customer_name AS orders_customer_name, orders.status AS orders_status, orders.date_ordered AS orders_date_ordered, orders.date_preparing AS orders_date_preparing, orders.date_ready AS orders_date_ready, orders.date_complete AS orders_date_complete, orders.last_status_change AS orders_last_status_change 
FROM orders) AS anon_1]
(Background on this error at: https://sqlalche.me/e/20/e3q8)
INFO:     connection open
INFO:     127.0.0.1:46046 - "WebSocket /ws/admin/dashboard" [accepted]
Failed to get order analytics: (sqlite3.OperationalError) no such column: orders.display_id
[SQL: SELECT count(*) AS count_1 
FROM (SELECT orders.id AS orders_id, orders.display_id AS orders_display_id, orders.ref_code AS orders_ref_code, orders.user_id AS orders_user_id, orders.customer_name AS orders_customer_name, orders.status AS orders_status, orders.date_ordered AS orders_date_ordered, orders.date_preparing AS orders_date_preparing, orders.date_ready AS orders_date_ready, orders.date_complete AS orders_date_complete, orders.last_status_change AS orders_last_status_change 
FROM orders) AS anon_1]
(Background on this error at: https://sqlalche.me/e/20/e3q8)
INFO:     connection open
INFO:     127.0.0.1:46060 - "WebSocket /ws/admin/dashboard" [accepted]
Failed to get order analytics: (sqlite3.OperationalError) no such column: orders.display_id
[SQL: SELECT count(*) AS count_1 
FROM (SELECT orders.id AS orders_id, orders.display_id AS orders_display_id, orders.ref_code AS orders_ref_code, orders.user_id AS orders_user_id, orders.customer_name AS orders_customer_name, orders.status AS orders_status, orders.date_ordered AS orders_date_ordered, orders.date_preparing AS orders_date_preparing, orders.date_ready AS orders_date_ready, orders.date_complete AS orders_date_complete, orders.last_status_change AS orders_last_status_change 
FROM orders) AS anon_1]
(Background on this error at: https://sqlalche.me/e/20/e3q8)
INFO:     connection open
INFO:     127.0.0.1:46066 - "WebSocket /ws/kitchen/display" [accepted]
INFO:     connection open
INFO:     127.0.0.1:46078 - "WebSocket /ws/kitchen/display" [accepted]
INFO:     connection open
WARNING:  WatchFiles detected changes in 'app/schemas/order.py', 'app/services/order_service.py', 'alembic/__init__.py', 'app/models/order.py', 'alembic/versions/__init__.py', 'alembic/versions/0001_add_display_id_to_orders.py', 'alembic/env.py', 'app/api/v1/orders.py'. Reloading...
INFO:     Shutting down
INFO:     connection closed
INFO:     connection closed
INFO:     connection closed
INFO:     connection closed
INFO:     connection closed
INFO:     Waiting for application shutdown.
INFO:     Application shutdown complete.
INFO:     Finished server process [186805]
INFO:     Started server process [186955]
INFO:     Waiting for application startup.
INFO:     Application startup complete.
INFO:     127.0.0.1:48598 - "WebSocket /ws/admin/dashboard" [accepted]
Failed to get order analytics: (sqlite3.OperationalError) no such column: orders.display_id
[SQL: SELECT count(*) AS count_1 
FROM (SELECT orders.id AS orders_id, orders.display_id AS orders_display_id, orders.ref_code AS orders_ref_code, orders.user_id AS orders_user_id, orders.customer_name AS orders_customer_name, orders.status AS orders_status, orders.date_ordered AS orders_date_ordered, orders.date_preparing AS orders_date_preparing, orders.date_ready AS orders_date_ready, orders.date_complete AS orders_date_complete, orders.last_status_change AS orders_last_status_change 
FROM orders) AS anon_1]
(Background on this error at: https://sqlalche.me/e/20/e3q8)
INFO:     connection open
‚úÖ WebSocket connected to channel: admin_dashboard
‚ùå WebSocket error in admin dashboard: (sqlite3.OperationalError) no such column: orders.display_id
[SQL: SELECT orders.id AS orders_id, orders.display_id AS orders_display_id, orders.ref_code AS orders_ref_code, orders.user_id AS orders_user_id, orders.customer_name AS orders_customer_name, orders.status AS orders_status, orders.date_ordered AS orders_date_ordered, orders.date_preparing AS orders_date_preparing, orders.date_ready AS orders_date_ready, orders.date_complete AS orders_date_complete, orders.last_status_change AS orders_last_status_change 
FROM orders ORDER BY orders.date_ordered DESC
 LIMIT ? OFFSET ?]
[parameters: (50, 0)]
(Background on this error at: https://sqlalche.me/e/20/e3q8)
‚ùå WebSocket disconnected from channel: admin_dashboard
INFO:     127.0.0.1:48604 - "POST /api/v1/auth/login HTTP/1.1" 200 OK
INFO:     127.0.0.1:48604 - "OPTIONS /api/v1/auth/me HTTP/1.1" 200 OK
INFO:     127.0.0.1:48606 - "GET /api/v1/auth/me HTTP/1.1" 200 OK
INFO:     127.0.0.1:48606 - "OPTIONS /api/v1/menu/items/groups HTTP/1.1" 200 OK
INFO:     127.0.0.1:48604 - "OPTIONS /api/v1/menu/items/groups HTTP/1.1" 200 OK
INFO:     127.0.0.1:48622 - "GET /api/v1/menu/items/groups HTTP/1.1" 200 OK
INFO:     127.0.0.1:48622 - "GET /api/v1/menu/items/groups HTTP/1.1" 200 OK
INFO:     127.0.0.1:48632 - "WebSocket /ws/admin/dashboard" [accepted]
Failed to get order analytics: (sqlite3.OperationalError) no such column: orders.display_id
[SQL: SELECT count(*) AS count_1 
FROM (SELECT orders.id AS orders_id, orders.display_id AS orders_display_id, orders.ref_code AS orders_ref_code, orders.user_id AS orders_user_id, orders.customer_name AS orders_customer_name, orders.status AS orders_status, orders.date_ordered AS orders_date_ordered, orders.date_preparing AS orders_date_preparing, orders.date_ready AS orders_date_ready, orders.date_complete AS orders_date_complete, orders.last_status_change AS orders_last_status_change 
FROM orders) AS anon_1]
(Background on this error at: https://sqlalche.me/e/20/e3q8)
INFO:     connection open
INFO:     127.0.0.1:48640 - "WebSocket /ws/kitchen/display" [accepted]
INFO:     connection open
INFO:     127.0.0.1:48656 - "WebSocket /ws/kitchen/display" [accepted]
INFO:     connection open
INFO:     127.0.0.1:48658 - "WebSocket /ws/admin/dashboard" [accepted]
Failed to get order analytics: (sqlite3.OperationalError) no such column: orders.display_id
[SQL: SELECT count(*) AS count_1 
FROM (SELECT orders.id AS orders_id, orders.display_id AS orders_display_id, orders.ref_code AS orders_ref_code, orders.user_id AS orders_user_id, orders.customer_name AS orders_customer_name, orders.status AS orders_status, orders.date_ordered AS orders_date_ordered, orders.date_preparing AS orders_date_preparing, orders.date_ready AS orders_date_ready, orders.date_complete AS orders_date_complete, orders.last_status_change AS orders_last_status_change 
FROM orders) AS anon_1]
(Background on this error at: https://sqlalche.me/e/20/e3q8)
INFO:     connection open
INFO:     127.0.0.1:48660 - "WebSocket /ws/kitchen/display" [accepted]
INFO:     connection open
INFO:     127.0.0.1:48666 - "WebSocket /ws/kitchen/display" [accepted]
INFO:     connection open
‚úÖ WebSocket connected to channel: admin_dashboard
‚ùå WebSocket error in admin dashboard: (sqlite3.OperationalError) no such column: orders.display_id
[SQL: SELECT orders.id AS orders_id, orders.display_id AS orders_display_id, orders.ref_code AS orders_ref_code, orders.user_id AS orders_user_id, orders.customer_name AS orders_customer_name, orders.status AS orders_status, orders.date_ordered AS orders_date_ordered, orders.date_preparing AS orders_date_preparing, orders.date_ready AS orders_date_ready, orders.date_complete AS orders_date_complete, orders.last_status_change AS orders_last_status_change 
FROM orders ORDER BY orders.date_ordered DESC
 LIMIT ? OFFSET ?]
[parameters: (50, 0)]
(Background on this error at: https://sqlalche.me/e/20/e3q8)
‚ùå WebSocket disconnected from channel: admin_dashboard
‚úÖ WebSocket connected to channel: kitchen_display
‚ùå WebSocket error in kitchen display: (sqlite3.OperationalError) no such column: orders.display_id
[SQL: SELECT orders.id AS orders_id, orders.display_id AS orders_display_id, orders.ref_code AS orders_ref_code, orders.user_id AS orders_user_id, orders.customer_name AS orders_customer_name, orders.status AS orders_status, orders.date_ordered AS orders_date_ordered, orders.date_preparing AS orders_date_preparing, orders.date_ready AS orders_date_ready, orders.date_complete AS orders_date_complete, orders.last_status_change AS orders_last_status_change 
FROM orders 
WHERE orders.status = ? ORDER BY orders.date_ordered]
[parameters: ('PENDING',)]
(Background on this error at: https://sqlalche.me/e/20/e3q8)
‚ùå WebSocket disconnected from channel: kitchen_display
‚úÖ WebSocket connected to channel: kitchen_display
‚ùå WebSocket error in kitchen display: (sqlite3.OperationalError) no such column: orders.display_id
[SQL: SELECT orders.id AS orders_id, orders.display_id AS orders_display_id, orders.ref_code AS orders_ref_code, orders.user_id AS orders_user_id, orders.customer_name AS orders_customer_name, orders.status AS orders_status, orders.date_ordered AS orders_date_ordered, orders.date_preparing AS orders_date_preparing, orders.date_ready AS orders_date_ready, orders.date_complete AS orders_date_complete, orders.last_status_change AS orders_last_status_change 
FROM orders 
WHERE orders.status = ? ORDER BY orders.date_ordered]
[parameters: ('PENDING',)]
(Background on this error at: https://sqlalche.me/e/20/e3q8)
‚ùå WebSocket disconnected from channel: kitchen_display
‚úÖ WebSocket connected to channel: admin_dashboard
‚ùå WebSocket error in admin dashboard: (sqlite3.OperationalError) no such column: orders.display_id
[SQL: SELECT orders.id AS orders_id, orders.display_id AS orders_display_id, orders.ref_code AS orders_ref_code, orders.user_id AS orders_user_id, orders.customer_name AS orders_customer_name, orders.status AS orders_status, orders.date_ordered AS orders_date_ordered, orders.date_preparing AS orders_date_preparing, orders.date_ready AS orders_date_ready, orders.date_complete AS orders_date_complete, orders.last_status_change AS orders_last_status_change 
FROM orders ORDER BY orders.date_ordered DESC
 LIMIT ? OFFSET ?]
[parameters: (50, 0)]
(Background on this error at: https://sqlalche.me/e/20/e3q8)
‚ùå WebSocket disconnected from channel: admin_dashboard
‚úÖ WebSocket connected to channel: kitchen_display
‚ùå WebSocket error in kitchen display: (sqlite3.OperationalError) no such column: orders.display_id
[SQL: SELECT orders.id AS orders_id, orders.display_id AS orders_display_id, orders.ref_code AS orders_ref_code, orders.user_id AS orders_user_id, orders.customer_name AS orders_customer_name, orders.status AS orders_status, orders.date_ordered AS orders_date_ordered, orders.date_preparing AS orders_date_preparing, orders.date_ready AS orders_date_ready, orders.date_complete AS orders_date_complete, orders.last_status_change AS orders_last_status_change 
FROM orders 
WHERE orders.status = ? ORDER BY orders.date_ordered]
[parameters: ('PENDING',)]
(Background on this error at: https://sqlalche.me/e/20/e3q8)
‚ùå WebSocket disconnected from channel: kitchen_display
‚úÖ WebSocket connected to channel: kitchen_display
‚ùå WebSocket error in kitchen display: (sqlite3.OperationalError) no such column: orders.display_id
[SQL: SELECT orders.id AS orders_id, orders.display_id AS orders_display_id, orders.ref_code AS orders_ref_code, orders.user_id AS orders_user_id, orders.customer_name AS orders_customer_name, orders.status AS orders_status, orders.date_ordered AS orders_date_ordered, orders.date_preparing AS orders_date_preparing, orders.date_ready AS orders_date_ready, orders.date_complete AS orders_date_complete, orders.last_status_change AS orders_last_status_change 
FROM orders 
WHERE orders.status = ? ORDER BY orders.date_ordered]
[parameters: ('PENDING',)]
(Background on this error at: https://sqlalche.me/e/20/e3q8)
‚ùå WebSocket disconnected from channel: kitchen_display
INFO:     127.0.0.1:48604 - "GET /api/v1/operations/orders/preparing HTTP/1.1" 500 Internal Server Error
ERROR:    Exception in ASGI application
Traceback (most recent call last):
  File "/home/utah/Desktop/olgFeast/fastapi_app/venv/lib/python3.13/site-packages/sqlalchemy/engine/base.py", line 1967, in _exec_single_context
    self.dialect.do_execute(
    ~~~~~~~~~~~~~~~~~~~~~~~^
        cursor, str_statement, effective_parameters, context
        ^^^^^^^^^^^^^^^^^^^^^^^^^^^^^^^^^^^^^^^^^^^^^^^^^^^^
    )
    ^
  File "/home/utah/Desktop/olgFeast/fastapi_app/venv/lib/python3.13/site-packages/sqlalchemy/engine/default.py", line 951, in do_execute
    cursor.execute(statement, parameters)
    ~~~~~~~~~~~~~~^^^^^^^^^^^^^^^^^^^^^^^
sqlite3.OperationalError: no such column: orders.display_id

The above exception was the direct cause of the following exception:

Traceback (most recent call last):
  File "/home/utah/Desktop/olgFeast/fastapi_app/venv/lib/python3.13/site-packages/uvicorn/protocols/http/httptools_impl.py", line 409, in run_asgi
    result = await app(  # type: ignore[func-returns-value]
             ^^^^^^^^^^^^^^^^^^^^^^^^^^^^^^^^^^^^^^^^^^^^^^
        self.scope, self.receive, self.send
        ^^^^^^^^^^^^^^^^^^^^^^^^^^^^^^^^^^^
    )
    ^
  File "/home/utah/Desktop/olgFeast/fastapi_app/venv/lib/python3.13/site-packages/uvicorn/middleware/proxy_headers.py", line 60, in __call__
    return await self.app(scope, receive, send)
           ^^^^^^^^^^^^^^^^^^^^^^^^^^^^^^^^^^^^
  File "/home/utah/Desktop/olgFeast/fastapi_app/venv/lib/python3.13/site-packages/fastapi/applications.py", line 1133, in __call__
    await super().__call__(scope, receive, send)
  File "/home/utah/Desktop/olgFeast/fastapi_app/venv/lib/python3.13/site-packages/starlette/applications.py", line 113, in __call__
    await self.middleware_stack(scope, receive, send)
  File "/home/utah/Desktop/olgFeast/fastapi_app/venv/lib/python3.13/site-packages/starlette/middleware/errors.py", line 186, in __call__
    raise exc
  File "/home/utah/Desktop/olgFeast/fastapi_app/venv/lib/python3.13/site-packages/starlette/middleware/errors.py", line 164, in __call__
    await self.app(scope, receive, _send)
  File "/home/utah/Desktop/olgFeast/fastapi_app/venv/lib/python3.13/site-packages/starlette/middleware/cors.py", line 93, in __call__
    await self.simple_response(scope, receive, send, request_headers=headers)
  File "/home/utah/Desktop/olgFeast/fastapi_app/venv/lib/python3.13/site-packages/starlette/middleware/cors.py", line 144, in simple_response
    await self.app(scope, receive, send)
  File "/home/utah/Desktop/olgFeast/fastapi_app/venv/lib/python3.13/site-packages/starlette/middleware/exceptions.py", line 63, in __call__
    await wrap_app_handling_exceptions(self.app, conn)(scope, receive, send)
  File "/home/utah/Desktop/olgFeast/fastapi_app/venv/lib/python3.13/site-packages/starlette/_exception_handler.py", line 53, in wrapped_app
    raise exc
  File "/home/utah/Desktop/olgFeast/fastapi_app/venv/lib/python3.13/site-packages/starlette/_exception_handler.py", line 42, in wrapped_app
    await app(scope, receive, sender)
  File "/home/utah/Desktop/olgFeast/fastapi_app/venv/lib/python3.13/site-packages/fastapi/middleware/asyncexitstack.py", line 18, in __call__
    await self.app(scope, receive, send)
  File "/home/utah/Desktop/olgFeast/fastapi_app/venv/lib/python3.13/site-packages/starlette/routing.py", line 716, in __call__
    await self.middleware_stack(scope, receive, send)
  File "/home/utah/Desktop/olgFeast/fastapi_app/venv/lib/python3.13/site-packages/starlette/routing.py", line 736, in app
    await route.handle(scope, receive, send)
  File "/home/utah/Desktop/olgFeast/fastapi_app/venv/lib/python3.13/site-packages/starlette/routing.py", line 290, in handle
    await self.app(scope, receive, send)
  File "/home/utah/Desktop/olgFeast/fastapi_app/venv/lib/python3.13/site-packages/fastapi/routing.py", line 123, in app
    await wrap_app_handling_exceptions(app, request)(scope, receive, send)
  File "/home/utah/Desktop/olgFeast/fastapi_app/venv/lib/python3.13/site-packages/starlette/_exception_handler.py", line 53, in wrapped_app
    raise exc
  File "/home/utah/Desktop/olgFeast/fastapi_app/venv/lib/python3.13/site-packages/starlette/_exception_handler.py", line 42, in wrapped_app
    await app(scope, receive, sender)
  File "/home/utah/Desktop/olgFeast/fastapi_app/venv/lib/python3.13/site-packages/fastapi/routing.py", line 109, in app
    response = await f(request)
               ^^^^^^^^^^^^^^^^
  File "/home/utah/Desktop/olgFeast/fastapi_app/venv/lib/python3.13/site-packages/fastapi/routing.py", line 387, in app
    raw_response = await run_endpoint_function(
                   ^^^^^^^^^^^^^^^^^^^^^^^^^^^^
    ...<3 lines>...
    )
    ^
  File "/home/utah/Desktop/olgFeast/fastapi_app/venv/lib/python3.13/site-packages/fastapi/routing.py", line 290, in run_endpoint_function
    return await run_in_threadpool(dependant.call, **values)
           ^^^^^^^^^^^^^^^^^^^^^^^^^^^^^^^^^^^^^^^^^^^^^^^^^
  File "/home/utah/Desktop/olgFeast/fastapi_app/venv/lib/python3.13/site-packages/starlette/concurrency.py", line 38, in run_in_threadpool
    return await anyio.to_thread.run_sync(func)
           ^^^^^^^^^^^^^^^^^^^^^^^^^^^^^^^^^^^^
  File "/home/utah/Desktop/olgFeast/fastapi_app/venv/lib/python3.13/site-packages/anyio/to_thread.py", line 56, in run_sync
    return await get_async_backend().run_sync_in_worker_thread(
           ^^^^^^^^^^^^^^^^^^^^^^^^^^^^^^^^^^^^^^^^^^^^^^^^^^^^
        func, args, abandon_on_cancel=abandon_on_cancel, limiter=limiter
        ^^^^^^^^^^^^^^^^^^^^^^^^^^^^^^^^^^^^^^^^^^^^^^^^^^^^^^^^^^^^^^^^
    )
    ^
  File "/home/utah/Desktop/olgFeast/fastapi_app/venv/lib/python3.13/site-packages/anyio/_backends/_asyncio.py", line 2485, in run_sync_in_worker_thread
    return await future
           ^^^^^^^^^^^^
  File "/home/utah/Desktop/olgFeast/fastapi_app/venv/lib/python3.13/site-packages/anyio/_backends/_asyncio.py", line 976, in run
    result = context.run(func, *args)
  File "/home/utah/Desktop/olgFeast/fastapi_app/app/api/v1/operations.py", line 74, in get_preparing_orders
    ).filter(Order.status == OrderStatus.PREPARING).order_by(Order.date_ordered).all()
                                                                                 ~~~^^
  File "/home/utah/Desktop/olgFeast/fastapi_app/venv/lib/python3.13/site-packages/sqlalchemy/orm/query.py", line 2704, in all
    return self._iter().all()  # type: ignore
           ~~~~~~~~~~^^
  File "/home/utah/Desktop/olgFeast/fastapi_app/venv/lib/python3.13/site-packages/sqlalchemy/orm/query.py", line 2857, in _iter
    result: Union[ScalarResult[_T], Result[_T]] = self.session.execute(
                                                  ~~~~~~~~~~~~~~~~~~~~^
        statement,
        ^^^^^^^^^^
        params,
        ^^^^^^^
        execution_options={"_sa_orm_load_options": self.load_options},
        ^^^^^^^^^^^^^^^^^^^^^^^^^^^^^^^^^^^^^^^^^^^^^^^^^^^^^^^^^^^^^^
    )
    ^
  File "/home/utah/Desktop/olgFeast/fastapi_app/venv/lib/python3.13/site-packages/sqlalchemy/orm/session.py", line 2365, in execute
    return self._execute_internal(
           ~~~~~~~~~~~~~~~~~~~~~~^
        statement,
        ^^^^^^^^^^
    ...<4 lines>...
        _add_event=_add_event,
        ^^^^^^^^^^^^^^^^^^^^^^
    )
    ^
  File "/home/utah/Desktop/olgFeast/fastapi_app/venv/lib/python3.13/site-packages/sqlalchemy/orm/session.py", line 2251, in _execute_internal
    result: Result[Any] = compile_state_cls.orm_execute_statement(
                          ~~~~~~~~~~~~~~~~~~~~~~~~~~~~~~~~~~~~~~~^
        self,
        ^^^^^
    ...<4 lines>...
        conn,
        ^^^^^
    )
    ^
  File "/home/utah/Desktop/olgFeast/fastapi_app/venv/lib/python3.13/site-packages/sqlalchemy/orm/context.py", line 306, in orm_execute_statement
    result = conn.execute(
        statement, params or {}, execution_options=execution_options
    )
  File "/home/utah/Desktop/olgFeast/fastapi_app/venv/lib/python3.13/site-packages/sqlalchemy/engine/base.py", line 1419, in execute
    return meth(
        self,
        distilled_parameters,
        execution_options or NO_OPTIONS,
    )
  File "/home/utah/Desktop/olgFeast/fastapi_app/venv/lib/python3.13/site-packages/sqlalchemy/sql/elements.py", line 526, in _execute_on_connection
    return connection._execute_clauseelement(
           ~~~~~~~~~~~~~~~~~~~~~~~~~~~~~~~~~^
        self, distilled_params, execution_options
        ^^^^^^^^^^^^^^^^^^^^^^^^^^^^^^^^^^^^^^^^^
    )
    ^
  File "/home/utah/Desktop/olgFeast/fastapi_app/venv/lib/python3.13/site-packages/sqlalchemy/engine/base.py", line 1641, in _execute_clauseelement
    ret = self._execute_context(
        dialect,
    ...<8 lines>...
        cache_hit=cache_hit,
    )
  File "/home/utah/Desktop/olgFeast/fastapi_app/venv/lib/python3.13/site-packages/sqlalchemy/engine/base.py", line 1846, in _execute_context
    return self._exec_single_context(
           ~~~~~~~~~~~~~~~~~~~~~~~~~^
        dialect, context, statement, parameters
        ^^^^^^^^^^^^^^^^^^^^^^^^^^^^^^^^^^^^^^^
    )
    ^
  File "/home/utah/Desktop/olgFeast/fastapi_app/venv/lib/python3.13/site-packages/sqlalchemy/engine/base.py", line 1986, in _exec_single_context
    self._handle_dbapi_exception(
    ~~~~~~~~~~~~~~~~~~~~~~~~~~~~^
        e, str_statement, effective_parameters, cursor, context
        ^^^^^^^^^^^^^^^^^^^^^^^^^^^^^^^^^^^^^^^^^^^^^^^^^^^^^^^
    )
    ^
  File "/home/utah/Desktop/olgFeast/fastapi_app/venv/lib/python3.13/site-packages/sqlalchemy/engine/base.py", line 2355, in _handle_dbapi_exception
    raise sqlalchemy_exception.with_traceback(exc_info[2]) from e
  File "/home/utah/Desktop/olgFeast/fastapi_app/venv/lib/python3.13/site-packages/sqlalchemy/engine/base.py", line 1967, in _exec_single_context
    self.dialect.do_execute(
    ~~~~~~~~~~~~~~~~~~~~~~~^
        cursor, str_statement, effective_parameters, context
        ^^^^^^^^^^^^^^^^^^^^^^^^^^^^^^^^^^^^^^^^^^^^^^^^^^^^
    )
    ^
  File "/home/utah/Desktop/olgFeast/fastapi_app/venv/lib/python3.13/site-packages/sqlalchemy/engine/default.py", line 951, in do_execute
    cursor.execute(statement, parameters)
    ~~~~~~~~~~~~~~^^^^^^^^^^^^^^^^^^^^^^^
sqlalchemy.exc.OperationalError: (sqlite3.OperationalError) no such column: orders.display_id
[SQL: SELECT orders.id AS orders_id, orders.display_id AS orders_display_id, orders.ref_code AS orders_ref_code, orders.user_id AS orders_user_id, orders.customer_name AS orders_customer_name, orders.status AS orders_status, orders.date_ordered AS orders_date_ordered, orders.date_preparing AS orders_date_preparing, orders.date_ready AS orders_date_ready, orders.date_complete AS orders_date_complete, orders.last_status_change AS orders_last_status_change, food_items_1.id AS food_items_1_id, food_items_1.food_group AS food_items_1_food_group, food_items_1.name AS food_items_1_name, food_items_1.value AS food_items_1_value, food_items_1.ticket AS food_items_1_ticket, food_items_1.description AS food_items_1_description, food_items_1.is_available AS food_items_1_is_available, food_items_1.created_at AS food_items_1_created_at, food_items_1.updated_at AS food_items_1_updated_at, order_items_1.id AS order_items_1_id, order_items_1.order_id AS order_items_1_order_id, order_items_1.food_item_id AS order_items_1_food_item_id, order_items_1.quantity AS order_items_1_quantity, order_items_1.created_at AS order_items_1_created_at 
FROM orders LEFT OUTER JOIN order_items AS order_items_1 ON orders.id = order_items_1.order_id LEFT OUTER JOIN food_items AS food_items_1 ON food_items_1.id = order_items_1.food_item_id 
WHERE orders.status = ? ORDER BY orders.date_ordered]
[parameters: ('PREPARING',)]
(Background on this error at: https://sqlalche.me/e/20/e3q8)
INFO:     127.0.0.1:48682 - "WebSocket /ws/kitchen/display" [accepted]
INFO:     connection open
‚úÖ WebSocket connected to channel: kitchen_display
‚ùå WebSocket error in kitchen display: (sqlite3.OperationalError) no such column: orders.display_id
[SQL: SELECT orders.id AS orders_id, orders.display_id AS orders_display_id, orders.ref_code AS orders_ref_code, orders.user_id AS orders_user_id, orders.customer_name AS orders_customer_name, orders.status AS orders_status, orders.date_ordered AS orders_date_ordered, orders.date_preparing AS orders_date_preparing, orders.date_ready AS orders_date_ready, orders.date_complete AS orders_date_complete, orders.last_status_change AS orders_last_status_change 
FROM orders 
WHERE orders.status = ? ORDER BY orders.date_ordered]
[parameters: ('PENDING',)]
(Background on this error at: https://sqlalche.me/e/20/e3q8)
‚ùå WebSocket disconnected from channel: kitchen_display
INFO:     127.0.0.1:48622 - "GET /api/v1/operations/orders/pending HTTP/1.1" 500 Internal Server Error
ERROR:    Exception in ASGI application
Traceback (most recent call last):
  File "/home/utah/Desktop/olgFeast/fastapi_app/venv/lib/python3.13/site-packages/sqlalchemy/engine/base.py", line 1967, in _exec_single_context
    self.dialect.do_execute(
    ~~~~~~~~~~~~~~~~~~~~~~~^
        cursor, str_statement, effective_parameters, context
        ^^^^^^^^^^^^^^^^^^^^^^^^^^^^^^^^^^^^^^^^^^^^^^^^^^^^
    )
    ^
  File "/home/utah/Desktop/olgFeast/fastapi_app/venv/lib/python3.13/site-packages/sqlalchemy/engine/default.py", line 951, in do_execute
    cursor.execute(statement, parameters)
    ~~~~~~~~~~~~~~^^^^^^^^^^^^^^^^^^^^^^^
sqlite3.OperationalError: no such column: orders.display_id

The above exception was the direct cause of the following exception:

Traceback (most recent call last):
  File "/home/utah/Desktop/olgFeast/fastapi_app/venv/lib/python3.13/site-packages/uvicorn/protocols/http/httptools_impl.py", line 409, in run_asgi
    result = await app(  # type: ignore[func-returns-value]
             ^^^^^^^^^^^^^^^^^^^^^^^^^^^^^^^^^^^^^^^^^^^^^^
        self.scope, self.receive, self.send
        ^^^^^^^^^^^^^^^^^^^^^^^^^^^^^^^^^^^
    )
    ^
  File "/home/utah/Desktop/olgFeast/fastapi_app/venv/lib/python3.13/site-packages/uvicorn/middleware/proxy_headers.py", line 60, in __call__
    return await self.app(scope, receive, send)
           ^^^^^^^^^^^^^^^^^^^^^^^^^^^^^^^^^^^^
  File "/home/utah/Desktop/olgFeast/fastapi_app/venv/lib/python3.13/site-packages/fastapi/applications.py", line 1133, in __call__
    await super().__call__(scope, receive, send)
  File "/home/utah/Desktop/olgFeast/fastapi_app/venv/lib/python3.13/site-packages/starlette/applications.py", line 113, in __call__
    await self.middleware_stack(scope, receive, send)
  File "/home/utah/Desktop/olgFeast/fastapi_app/venv/lib/python3.13/site-packages/starlette/middleware/errors.py", line 186, in __call__
    raise exc
  File "/home/utah/Desktop/olgFeast/fastapi_app/venv/lib/python3.13/site-packages/starlette/middleware/errors.py", line 164, in __call__
    await self.app(scope, receive, _send)
  File "/home/utah/Desktop/olgFeast/fastapi_app/venv/lib/python3.13/site-packages/starlette/middleware/cors.py", line 93, in __call__
    await self.simple_response(scope, receive, send, request_headers=headers)
  File "/home/utah/Desktop/olgFeast/fastapi_app/venv/lib/python3.13/site-packages/starlette/middleware/cors.py", line 144, in simple_response
    await self.app(scope, receive, send)
  File "/home/utah/Desktop/olgFeast/fastapi_app/venv/lib/python3.13/site-packages/starlette/middleware/exceptions.py", line 63, in __call__
    await wrap_app_handling_exceptions(self.app, conn)(scope, receive, send)
  File "/home/utah/Desktop/olgFeast/fastapi_app/venv/lib/python3.13/site-packages/starlette/_exception_handler.py", line 53, in wrapped_app
    raise exc
  File "/home/utah/Desktop/olgFeast/fastapi_app/venv/lib/python3.13/site-packages/starlette/_exception_handler.py", line 42, in wrapped_app
    await app(scope, receive, sender)
  File "/home/utah/Desktop/olgFeast/fastapi_app/venv/lib/python3.13/site-packages/fastapi/middleware/asyncexitstack.py", line 18, in __call__
    await self.app(scope, receive, send)
  File "/home/utah/Desktop/olgFeast/fastapi_app/venv/lib/python3.13/site-packages/starlette/routing.py", line 716, in __call__
    await self.middleware_stack(scope, receive, send)
  File "/home/utah/Desktop/olgFeast/fastapi_app/venv/lib/python3.13/site-packages/starlette/routing.py", line 736, in app
    await route.handle(scope, receive, send)
  File "/home/utah/Desktop/olgFeast/fastapi_app/venv/lib/python3.13/site-packages/starlette/routing.py", line 290, in handle
    await self.app(scope, receive, send)
  File "/home/utah/Desktop/olgFeast/fastapi_app/venv/lib/python3.13/site-packages/fastapi/routing.py", line 123, in app
    await wrap_app_handling_exceptions(app, request)(scope, receive, send)
  File "/home/utah/Desktop/olgFeast/fastapi_app/venv/lib/python3.13/site-packages/starlette/_exception_handler.py", line 53, in wrapped_app
    raise exc
  File "/home/utah/Desktop/olgFeast/fastapi_app/venv/lib/python3.13/site-packages/starlette/_exception_handler.py", line 42, in wrapped_app
    await app(scope, receive, sender)
  File "/home/utah/Desktop/olgFeast/fastapi_app/venv/lib/python3.13/site-packages/fastapi/routing.py", line 109, in app
    response = await f(request)
               ^^^^^^^^^^^^^^^^
  File "/home/utah/Desktop/olgFeast/fastapi_app/venv/lib/python3.13/site-packages/fastapi/routing.py", line 387, in app
    raw_response = await run_endpoint_function(
                   ^^^^^^^^^^^^^^^^^^^^^^^^^^^^
    ...<3 lines>...
    )
    ^
  File "/home/utah/Desktop/olgFeast/fastapi_app/venv/lib/python3.13/site-packages/fastapi/routing.py", line 290, in run_endpoint_function
    return await run_in_threadpool(dependant.call, **values)
           ^^^^^^^^^^^^^^^^^^^^^^^^^^^^^^^^^^^^^^^^^^^^^^^^^
  File "/home/utah/Desktop/olgFeast/fastapi_app/venv/lib/python3.13/site-packages/starlette/concurrency.py", line 38, in run_in_threadpool
    return await anyio.to_thread.run_sync(func)
           ^^^^^^^^^^^^^^^^^^^^^^^^^^^^^^^^^^^^
  File "/home/utah/Desktop/olgFeast/fastapi_app/venv/lib/python3.13/site-packages/anyio/to_thread.py", line 56, in run_sync
    return await get_async_backend().run_sync_in_worker_thread(
           ^^^^^^^^^^^^^^^^^^^^^^^^^^^^^^^^^^^^^^^^^^^^^^^^^^^^
        func, args, abandon_on_cancel=abandon_on_cancel, limiter=limiter
        ^^^^^^^^^^^^^^^^^^^^^^^^^^^^^^^^^^^^^^^^^^^^^^^^^^^^^^^^^^^^^^^^
    )
    ^
  File "/home/utah/Desktop/olgFeast/fastapi_app/venv/lib/python3.13/site-packages/anyio/_backends/_asyncio.py", line 2485, in run_sync_in_worker_thread
    return await future
           ^^^^^^^^^^^^
  File "/home/utah/Desktop/olgFeast/fastapi_app/venv/lib/python3.13/site-packages/anyio/_backends/_asyncio.py", line 976, in run
    result = context.run(func, *args)
  File "/home/utah/Desktop/olgFeast/fastapi_app/app/api/v1/operations.py", line 62, in get_pending_orders
    ).filter(Order.status == OrderStatus.PENDING).order_by(Order.date_ordered).all()
                                                                               ~~~^^
  File "/home/utah/Desktop/olgFeast/fastapi_app/venv/lib/python3.13/site-packages/sqlalchemy/orm/query.py", line 2704, in all
    return self._iter().all()  # type: ignore
           ~~~~~~~~~~^^
  File "/home/utah/Desktop/olgFeast/fastapi_app/venv/lib/python3.13/site-packages/sqlalchemy/orm/query.py", line 2857, in _iter
    result: Union[ScalarResult[_T], Result[_T]] = self.session.execute(
                                                  ~~~~~~~~~~~~~~~~~~~~^
        statement,
        ^^^^^^^^^^
        params,
        ^^^^^^^
        execution_options={"_sa_orm_load_options": self.load_options},
        ^^^^^^^^^^^^^^^^^^^^^^^^^^^^^^^^^^^^^^^^^^^^^^^^^^^^^^^^^^^^^^
    )
    ^
  File "/home/utah/Desktop/olgFeast/fastapi_app/venv/lib/python3.13/site-packages/sqlalchemy/orm/session.py", line 2365, in execute
    return self._execute_internal(
           ~~~~~~~~~~~~~~~~~~~~~~^
        statement,
        ^^^^^^^^^^
    ...<4 lines>...
        _add_event=_add_event,
        ^^^^^^^^^^^^^^^^^^^^^^
    )
    ^
  File "/home/utah/Desktop/olgFeast/fastapi_app/venv/lib/python3.13/site-packages/sqlalchemy/orm/session.py", line 2251, in _execute_internal
    result: Result[Any] = compile_state_cls.orm_execute_statement(
                          ~~~~~~~~~~~~~~~~~~~~~~~~~~~~~~~~~~~~~~~^
        self,
        ^^^^^
    ...<4 lines>...
        conn,
        ^^^^^
    )
    ^
  File "/home/utah/Desktop/olgFeast/fastapi_app/venv/lib/python3.13/site-packages/sqlalchemy/orm/context.py", line 306, in orm_execute_statement
    result = conn.execute(
        statement, params or {}, execution_options=execution_options
    )
  File "/home/utah/Desktop/olgFeast/fastapi_app/venv/lib/python3.13/site-packages/sqlalchemy/engine/base.py", line 1419, in execute
    return meth(
        self,
        distilled_parameters,
        execution_options or NO_OPTIONS,
    )
  File "/home/utah/Desktop/olgFeast/fastapi_app/venv/lib/python3.13/site-packages/sqlalchemy/sql/elements.py", line 526, in _execute_on_connection
    return connection._execute_clauseelement(
           ~~~~~~~~~~~~~~~~~~~~~~~~~~~~~~~~~^
        self, distilled_params, execution_options
        ^^^^^^^^^^^^^^^^^^^^^^^^^^^^^^^^^^^^^^^^^
    )
    ^
  File "/home/utah/Desktop/olgFeast/fastapi_app/venv/lib/python3.13/site-packages/sqlalchemy/engine/base.py", line 1641, in _execute_clauseelement
    ret = self._execute_context(
        dialect,
    ...<8 lines>...
        cache_hit=cache_hit,
    )
  File "/home/utah/Desktop/olgFeast/fastapi_app/venv/lib/python3.13/site-packages/sqlalchemy/engine/base.py", line 1846, in _execute_context
    return self._exec_single_context(
           ~~~~~~~~~~~~~~~~~~~~~~~~~^
        dialect, context, statement, parameters
        ^^^^^^^^^^^^^^^^^^^^^^^^^^^^^^^^^^^^^^^
    )
    ^
  File "/home/utah/Desktop/olgFeast/fastapi_app/venv/lib/python3.13/site-packages/sqlalchemy/engine/base.py", line 1986, in _exec_single_context
    self._handle_dbapi_exception(
    ~~~~~~~~~~~~~~~~~~~~~~~~~~~~^
        e, str_statement, effective_parameters, cursor, context
        ^^^^^^^^^^^^^^^^^^^^^^^^^^^^^^^^^^^^^^^^^^^^^^^^^^^^^^^
    )
    ^
  File "/home/utah/Desktop/olgFeast/fastapi_app/venv/lib/python3.13/site-packages/sqlalchemy/engine/base.py", line 2355, in _handle_dbapi_exception
    raise sqlalchemy_exception.with_traceback(exc_info[2]) from e
  File "/home/utah/Desktop/olgFeast/fastapi_app/venv/lib/python3.13/site-packages/sqlalchemy/engine/base.py", line 1967, in _exec_single_context
    self.dialect.do_execute(
    ~~~~~~~~~~~~~~~~~~~~~~~^
        cursor, str_statement, effective_parameters, context
        ^^^^^^^^^^^^^^^^^^^^^^^^^^^^^^^^^^^^^^^^^^^^^^^^^^^^
    )
    ^
  File "/home/utah/Desktop/olgFeast/fastapi_app/venv/lib/python3.13/site-packages/sqlalchemy/engine/default.py", line 951, in do_execute
    cursor.execute(statement, parameters)
    ~~~~~~~~~~~~~~^^^^^^^^^^^^^^^^^^^^^^^
sqlalchemy.exc.OperationalError: (sqlite3.OperationalError) no such column: orders.display_id
[SQL: SELECT orders.id AS orders_id, orders.display_id AS orders_display_id, orders.ref_code AS orders_ref_code, orders.user_id AS orders_user_id, orders.customer_name AS orders_customer_name, orders.status AS orders_status, orders.date_ordered AS orders_date_ordered, orders.date_preparing AS orders_date_preparing, orders.date_ready AS orders_date_ready, orders.date_complete AS orders_date_complete, orders.last_status_change AS orders_last_status_change, food_items_1.id AS food_items_1_id, food_items_1.food_group AS food_items_1_food_group, food_items_1.name AS food_items_1_name, food_items_1.value AS food_items_1_value, food_items_1.ticket AS food_items_1_ticket, food_items_1.description AS food_items_1_description, food_items_1.is_available AS food_items_1_is_available, food_items_1.created_at AS food_items_1_created_at, food_items_1.updated_at AS food_items_1_updated_at, order_items_1.id AS order_items_1_id, order_items_1.order_id AS order_items_1_order_id, order_items_1.food_item_id AS order_items_1_food_item_id, order_items_1.quantity AS order_items_1_quantity, order_items_1.created_at AS order_items_1_created_at 
FROM orders LEFT OUTER JOIN order_items AS order_items_1 ON orders.id = order_items_1.order_id LEFT OUTER JOIN food_items AS food_items_1 ON food_items_1.id = order_items_1.food_item_id 
WHERE orders.status = ? ORDER BY orders.date_ordered]
[parameters: ('PENDING',)]
(Background on this error at: https://sqlalche.me/e/20/e3q8)
INFO:     127.0.0.1:48606 - "GET /api/v1/operations/orders/ready HTTP/1.1" 500 Internal Server Error
ERROR:    Exception in ASGI application
Traceback (most recent call last):
  File "/home/utah/Desktop/olgFeast/fastapi_app/venv/lib/python3.13/site-packages/sqlalchemy/engine/base.py", line 1967, in _exec_single_context
    self.dialect.do_execute(
    ~~~~~~~~~~~~~~~~~~~~~~~^
        cursor, str_statement, effective_parameters, context
        ^^^^^^^^^^^^^^^^^^^^^^^^^^^^^^^^^^^^^^^^^^^^^^^^^^^^
    )
    ^
  File "/home/utah/Desktop/olgFeast/fastapi_app/venv/lib/python3.13/site-packages/sqlalchemy/engine/default.py", line 951, in do_execute
    cursor.execute(statement, parameters)
    ~~~~~~~~~~~~~~^^^^^^^^^^^^^^^^^^^^^^^
sqlite3.OperationalError: no such column: orders.display_id

The above exception was the direct cause of the following exception:

Traceback (most recent call last):
  File "/home/utah/Desktop/olgFeast/fastapi_app/venv/lib/python3.13/site-packages/uvicorn/protocols/http/httptools_impl.py", line 409, in run_asgi
    result = await app(  # type: ignore[func-returns-value]
             ^^^^^^^^^^^^^^^^^^^^^^^^^^^^^^^^^^^^^^^^^^^^^^
        self.scope, self.receive, self.send
        ^^^^^^^^^^^^^^^^^^^^^^^^^^^^^^^^^^^
    )
    ^
  File "/home/utah/Desktop/olgFeast/fastapi_app/venv/lib/python3.13/site-packages/uvicorn/middleware/proxy_headers.py", line 60, in __call__
    return await self.app(scope, receive, send)
           ^^^^^^^^^^^^^^^^^^^^^^^^^^^^^^^^^^^^
  File "/home/utah/Desktop/olgFeast/fastapi_app/venv/lib/python3.13/site-packages/fastapi/applications.py", line 1133, in __call__
    await super().__call__(scope, receive, send)
  File "/home/utah/Desktop/olgFeast/fastapi_app/venv/lib/python3.13/site-packages/starlette/applications.py", line 113, in __call__
    await self.middleware_stack(scope, receive, send)
  File "/home/utah/Desktop/olgFeast/fastapi_app/venv/lib/python3.13/site-packages/starlette/middleware/errors.py", line 186, in __call__
    raise exc
  File "/home/utah/Desktop/olgFeast/fastapi_app/venv/lib/python3.13/site-packages/starlette/middleware/errors.py", line 164, in __call__
    await self.app(scope, receive, _send)
  File "/home/utah/Desktop/olgFeast/fastapi_app/venv/lib/python3.13/site-packages/starlette/middleware/cors.py", line 93, in __call__
    await self.simple_response(scope, receive, send, request_headers=headers)
  File "/home/utah/Desktop/olgFeast/fastapi_app/venv/lib/python3.13/site-packages/starlette/middleware/cors.py", line 144, in simple_response
    await self.app(scope, receive, send)
  File "/home/utah/Desktop/olgFeast/fastapi_app/venv/lib/python3.13/site-packages/starlette/middleware/exceptions.py", line 63, in __call__
    await wrap_app_handling_exceptions(self.app, conn)(scope, receive, send)
  File "/home/utah/Desktop/olgFeast/fastapi_app/venv/lib/python3.13/site-packages/starlette/_exception_handler.py", line 53, in wrapped_app
    raise exc
  File "/home/utah/Desktop/olgFeast/fastapi_app/venv/lib/python3.13/site-packages/starlette/_exception_handler.py", line 42, in wrapped_app
    await app(scope, receive, sender)
  File "/home/utah/Desktop/olgFeast/fastapi_app/venv/lib/python3.13/site-packages/fastapi/middleware/asyncexitstack.py", line 18, in __call__
    await self.app(scope, receive, send)
  File "/home/utah/Desktop/olgFeast/fastapi_app/venv/lib/python3.13/site-packages/starlette/routing.py", line 716, in __call__
    await self.middleware_stack(scope, receive, send)
  File "/home/utah/Desktop/olgFeast/fastapi_app/venv/lib/python3.13/site-packages/starlette/routing.py", line 736, in app
    await route.handle(scope, receive, send)
  File "/home/utah/Desktop/olgFeast/fastapi_app/venv/lib/python3.13/site-packages/starlette/routing.py", line 290, in handle
    await self.app(scope, receive, send)
  File "/home/utah/Desktop/olgFeast/fastapi_app/venv/lib/python3.13/site-packages/fastapi/routing.py", line 123, in app
    await wrap_app_handling_exceptions(app, request)(scope, receive, send)
  File "/home/utah/Desktop/olgFeast/fastapi_app/venv/lib/python3.13/site-packages/starlette/_exception_handler.py", line 53, in wrapped_app
    raise exc
  File "/home/utah/Desktop/olgFeast/fastapi_app/venv/lib/python3.13/site-packages/starlette/_exception_handler.py", line 42, in wrapped_app
    await app(scope, receive, sender)
  File "/home/utah/Desktop/olgFeast/fastapi_app/venv/lib/python3.13/site-packages/fastapi/routing.py", line 109, in app
    response = await f(request)
               ^^^^^^^^^^^^^^^^
  File "/home/utah/Desktop/olgFeast/fastapi_app/venv/lib/python3.13/site-packages/fastapi/routing.py", line 387, in app
    raw_response = await run_endpoint_function(
                   ^^^^^^^^^^^^^^^^^^^^^^^^^^^^
    ...<3 lines>...
    )
    ^
  File "/home/utah/Desktop/olgFeast/fastapi_app/venv/lib/python3.13/site-packages/fastapi/routing.py", line 290, in run_endpoint_function
    return await run_in_threadpool(dependant.call, **values)
           ^^^^^^^^^^^^^^^^^^^^^^^^^^^^^^^^^^^^^^^^^^^^^^^^^
  File "/home/utah/Desktop/olgFeast/fastapi_app/venv/lib/python3.13/site-packages/starlette/concurrency.py", line 38, in run_in_threadpool
    return await anyio.to_thread.run_sync(func)
           ^^^^^^^^^^^^^^^^^^^^^^^^^^^^^^^^^^^^
  File "/home/utah/Desktop/olgFeast/fastapi_app/venv/lib/python3.13/site-packages/anyio/to_thread.py", line 56, in run_sync
    return await get_async_backend().run_sync_in_worker_thread(
           ^^^^^^^^^^^^^^^^^^^^^^^^^^^^^^^^^^^^^^^^^^^^^^^^^^^^
        func, args, abandon_on_cancel=abandon_on_cancel, limiter=limiter
        ^^^^^^^^^^^^^^^^^^^^^^^^^^^^^^^^^^^^^^^^^^^^^^^^^^^^^^^^^^^^^^^^
    )
    ^
  File "/home/utah/Desktop/olgFeast/fastapi_app/venv/lib/python3.13/site-packages/anyio/_backends/_asyncio.py", line 2485, in run_sync_in_worker_thread
    return await future
           ^^^^^^^^^^^^
  File "/home/utah/Desktop/olgFeast/fastapi_app/venv/lib/python3.13/site-packages/anyio/_backends/_asyncio.py", line 976, in run
    result = context.run(func, *args)
  File "/home/utah/Desktop/olgFeast/fastapi_app/app/api/v1/operations.py", line 86, in get_ready_orders
    ).filter(Order.status == OrderStatus.READY).order_by(Order.date_ordered).all()
                                                                             ~~~^^
  File "/home/utah/Desktop/olgFeast/fastapi_app/venv/lib/python3.13/site-packages/sqlalchemy/orm/query.py", line 2704, in all
    return self._iter().all()  # type: ignore
           ~~~~~~~~~~^^
  File "/home/utah/Desktop/olgFeast/fastapi_app/venv/lib/python3.13/site-packages/sqlalchemy/orm/query.py", line 2857, in _iter
    result: Union[ScalarResult[_T], Result[_T]] = self.session.execute(
                                                  ~~~~~~~~~~~~~~~~~~~~^
        statement,
        ^^^^^^^^^^
        params,
        ^^^^^^^
        execution_options={"_sa_orm_load_options": self.load_options},
        ^^^^^^^^^^^^^^^^^^^^^^^^^^^^^^^^^^^^^^^^^^^^^^^^^^^^^^^^^^^^^^
    )
    ^
  File "/home/utah/Desktop/olgFeast/fastapi_app/venv/lib/python3.13/site-packages/sqlalchemy/orm/session.py", line 2365, in execute
    return self._execute_internal(
           ~~~~~~~~~~~~~~~~~~~~~~^
        statement,
        ^^^^^^^^^^
    ...<4 lines>...
        _add_event=_add_event,
        ^^^^^^^^^^^^^^^^^^^^^^
    )
    ^
  File "/home/utah/Desktop/olgFeast/fastapi_app/venv/lib/python3.13/site-packages/sqlalchemy/orm/session.py", line 2251, in _execute_internal
    result: Result[Any] = compile_state_cls.orm_execute_statement(
                          ~~~~~~~~~~~~~~~~~~~~~~~~~~~~~~~~~~~~~~~^
        self,
        ^^^^^
    ...<4 lines>...
        conn,
        ^^^^^
    )
    ^
  File "/home/utah/Desktop/olgFeast/fastapi_app/venv/lib/python3.13/site-packages/sqlalchemy/orm/context.py", line 306, in orm_execute_statement
    result = conn.execute(
        statement, params or {}, execution_options=execution_options
    )
  File "/home/utah/Desktop/olgFeast/fastapi_app/venv/lib/python3.13/site-packages/sqlalchemy/engine/base.py", line 1419, in execute
    return meth(
        self,
        distilled_parameters,
        execution_options or NO_OPTIONS,
    )
  File "/home/utah/Desktop/olgFeast/fastapi_app/venv/lib/python3.13/site-packages/sqlalchemy/sql/elements.py", line 526, in _execute_on_connection
    return connection._execute_clauseelement(
           ~~~~~~~~~~~~~~~~~~~~~~~~~~~~~~~~~^
        self, distilled_params, execution_options
        ^^^^^^^^^^^^^^^^^^^^^^^^^^^^^^^^^^^^^^^^^
    )
    ^
  File "/home/utah/Desktop/olgFeast/fastapi_app/venv/lib/python3.13/site-packages/sqlalchemy/engine/base.py", line 1641, in _execute_clauseelement
    ret = self._execute_context(
        dialect,
    ...<8 lines>...
        cache_hit=cache_hit,
    )
  File "/home/utah/Desktop/olgFeast/fastapi_app/venv/lib/python3.13/site-packages/sqlalchemy/engine/base.py", line 1846, in _execute_context
    return self._exec_single_context(
           ~~~~~~~~~~~~~~~~~~~~~~~~~^
        dialect, context, statement, parameters
        ^^^^^^^^^^^^^^^^^^^^^^^^^^^^^^^^^^^^^^^
    )
    ^
  File "/home/utah/Desktop/olgFeast/fastapi_app/venv/lib/python3.13/site-packages/sqlalchemy/engine/base.py", line 1986, in _exec_single_context
    self._handle_dbapi_exception(
    ~~~~~~~~~~~~~~~~~~~~~~~~~~~~^
        e, str_statement, effective_parameters, cursor, context
        ^^^^^^^^^^^^^^^^^^^^^^^^^^^^^^^^^^^^^^^^^^^^^^^^^^^^^^^
    )
    ^
  File "/home/utah/Desktop/olgFeast/fastapi_app/venv/lib/python3.13/site-packages/sqlalchemy/engine/base.py", line 2355, in _handle_dbapi_exception
    raise sqlalchemy_exception.with_traceback(exc_info[2]) from e
  File "/home/utah/Desktop/olgFeast/fastapi_app/venv/lib/python3.13/site-packages/sqlalchemy/engine/base.py", line 1967, in _exec_single_context
    self.dialect.do_execute(
    ~~~~~~~~~~~~~~~~~~~~~~~^
        cursor, str_statement, effective_parameters, context
        ^^^^^^^^^^^^^^^^^^^^^^^^^^^^^^^^^^^^^^^^^^^^^^^^^^^^
    )
    ^
  File "/home/utah/Desktop/olgFeast/fastapi_app/venv/lib/python3.13/site-packages/sqlalchemy/engine/default.py", line 951, in do_execute
    cursor.execute(statement, parameters)
    ~~~~~~~~~~~~~~^^^^^^^^^^^^^^^^^^^^^^^
sqlalchemy.exc.OperationalError: (sqlite3.OperationalError) no such column: orders.display_id
[SQL: SELECT orders.id AS orders_id, orders.display_id AS orders_display_id, orders.ref_code AS orders_ref_code, orders.user_id AS orders_user_id, orders.customer_name AS orders_customer_name, orders.status AS orders_status, orders.date_ordered AS orders_date_ordered, orders.date_preparing AS orders_date_preparing, orders.date_ready AS orders_date_ready, orders.date_complete AS orders_date_complete, orders.last_status_change AS orders_last_status_change, food_items_1.id AS food_items_1_id, food_items_1.food_group AS food_items_1_food_group, food_items_1.name AS food_items_1_name, food_items_1.value AS food_items_1_value, food_items_1.ticket AS food_items_1_ticket, food_items_1.description AS food_items_1_description, food_items_1.is_available AS food_items_1_is_available, food_items_1.created_at AS food_items_1_created_at, food_items_1.updated_at AS food_items_1_updated_at, order_items_1.id AS order_items_1_id, order_items_1.order_id AS order_items_1_order_id, order_items_1.food_item_id AS order_items_1_food_item_id, order_items_1.quantity AS order_items_1_quantity, order_items_1.created_at AS order_items_1_created_at 
FROM orders LEFT OUTER JOIN order_items AS order_items_1 ON orders.id = order_items_1.order_id LEFT OUTER JOIN food_items AS food_items_1 ON food_items_1.id = order_items_1.food_item_id 
WHERE orders.status = ? ORDER BY orders.date_ordered]
[parameters: ('READY',)]
(Background on this error at: https://sqlalche.me/e/20/e3q8)
INFO:     127.0.0.1:48720 - "WebSocket /ws/kitchen/display" [accepted]
INFO:     connection open
‚úÖ WebSocket connected to channel: kitchen_display
‚ùå WebSocket error in kitchen display: (sqlite3.OperationalError) no such column: orders.display_id
[SQL: SELECT orders.id AS orders_id, orders.display_id AS orders_display_id, orders.ref_code AS orders_ref_code, orders.user_id AS orders_user_id, orders.customer_name AS orders_customer_name, orders.status AS orders_status, orders.date_ordered AS orders_date_ordered, orders.date_preparing AS orders_date_preparing, orders.date_ready AS orders_date_ready, orders.date_complete AS orders_date_complete, orders.last_status_change AS orders_last_status_change 
FROM orders 
WHERE orders.status = ? ORDER BY orders.date_ordered]
[parameters: ('PENDING',)]
(Background on this error at: https://sqlalche.me/e/20/e3q8)
‚ùå WebSocket disconnected from channel: kitchen_display
INFO:     127.0.0.1:48694 - "GET /api/v1/operations/orders/preparing HTTP/1.1" 500 Internal Server Error
ERROR:    Exception in ASGI application
Traceback (most recent call last):
  File "/home/utah/Desktop/olgFeast/fastapi_app/venv/lib/python3.13/site-packages/sqlalchemy/engine/base.py", line 1967, in _exec_single_context
    self.dialect.do_execute(
    ~~~~~~~~~~~~~~~~~~~~~~~^
        cursor, str_statement, effective_parameters, context
        ^^^^^^^^^^^^^^^^^^^^^^^^^^^^^^^^^^^^^^^^^^^^^^^^^^^^
    )
    ^
  File "/home/utah/Desktop/olgFeast/fastapi_app/venv/lib/python3.13/site-packages/sqlalchemy/engine/default.py", line 951, in do_execute
    cursor.execute(statement, parameters)
    ~~~~~~~~~~~~~~^^^^^^^^^^^^^^^^^^^^^^^
sqlite3.OperationalError: no such column: orders.display_id

The above exception was the direct cause of the following exception:

Traceback (most recent call last):
  File "/home/utah/Desktop/olgFeast/fastapi_app/venv/lib/python3.13/site-packages/uvicorn/protocols/http/httptools_impl.py", line 409, in run_asgi
    result = await app(  # type: ignore[func-returns-value]
             ^^^^^^^^^^^^^^^^^^^^^^^^^^^^^^^^^^^^^^^^^^^^^^
        self.scope, self.receive, self.send
        ^^^^^^^^^^^^^^^^^^^^^^^^^^^^^^^^^^^
    )
    ^
  File "/home/utah/Desktop/olgFeast/fastapi_app/venv/lib/python3.13/site-packages/uvicorn/middleware/proxy_headers.py", line 60, in __call__
    return await self.app(scope, receive, send)
           ^^^^^^^^^^^^^^^^^^^^^^^^^^^^^^^^^^^^
  File "/home/utah/Desktop/olgFeast/fastapi_app/venv/lib/python3.13/site-packages/fastapi/applications.py", line 1133, in __call__
    await super().__call__(scope, receive, send)
  File "/home/utah/Desktop/olgFeast/fastapi_app/venv/lib/python3.13/site-packages/starlette/applications.py", line 113, in __call__
    await self.middleware_stack(scope, receive, send)
  File "/home/utah/Desktop/olgFeast/fastapi_app/venv/lib/python3.13/site-packages/starlette/middleware/errors.py", line 186, in __call__
    raise exc
  File "/home/utah/Desktop/olgFeast/fastapi_app/venv/lib/python3.13/site-packages/starlette/middleware/errors.py", line 164, in __call__
    await self.app(scope, receive, _send)
  File "/home/utah/Desktop/olgFeast/fastapi_app/venv/lib/python3.13/site-packages/starlette/middleware/cors.py", line 93, in __call__
    await self.simple_response(scope, receive, send, request_headers=headers)
  File "/home/utah/Desktop/olgFeast/fastapi_app/venv/lib/python3.13/site-packages/starlette/middleware/cors.py", line 144, in simple_response
    await self.app(scope, receive, send)
  File "/home/utah/Desktop/olgFeast/fastapi_app/venv/lib/python3.13/site-packages/starlette/middleware/exceptions.py", line 63, in __call__
    await wrap_app_handling_exceptions(self.app, conn)(scope, receive, send)
  File "/home/utah/Desktop/olgFeast/fastapi_app/venv/lib/python3.13/site-packages/starlette/_exception_handler.py", line 53, in wrapped_app
    raise exc
  File "/home/utah/Desktop/olgFeast/fastapi_app/venv/lib/python3.13/site-packages/starlette/_exception_handler.py", line 42, in wrapped_app
    await app(scope, receive, sender)
  File "/home/utah/Desktop/olgFeast/fastapi_app/venv/lib/python3.13/site-packages/fastapi/middleware/asyncexitstack.py", line 18, in __call__
    await self.app(scope, receive, send)
  File "/home/utah/Desktop/olgFeast/fastapi_app/venv/lib/python3.13/site-packages/starlette/routing.py", line 716, in __call__
    await self.middleware_stack(scope, receive, send)
  File "/home/utah/Desktop/olgFeast/fastapi_app/venv/lib/python3.13/site-packages/starlette/routing.py", line 736, in app
    await route.handle(scope, receive, send)
  File "/home/utah/Desktop/olgFeast/fastapi_app/venv/lib/python3.13/site-packages/starlette/routing.py", line 290, in handle
    await self.app(scope, receive, send)
  File "/home/utah/Desktop/olgFeast/fastapi_app/venv/lib/python3.13/site-packages/fastapi/routing.py", line 123, in app
    await wrap_app_handling_exceptions(app, request)(scope, receive, send)
  File "/home/utah/Desktop/olgFeast/fastapi_app/venv/lib/python3.13/site-packages/starlette/_exception_handler.py", line 53, in wrapped_app
    raise exc
  File "/home/utah/Desktop/olgFeast/fastapi_app/venv/lib/python3.13/site-packages/starlette/_exception_handler.py", line 42, in wrapped_app
    await app(scope, receive, sender)
  File "/home/utah/Desktop/olgFeast/fastapi_app/venv/lib/python3.13/site-packages/fastapi/routing.py", line 109, in app
    response = await f(request)
               ^^^^^^^^^^^^^^^^
  File "/home/utah/Desktop/olgFeast/fastapi_app/venv/lib/python3.13/site-packages/fastapi/routing.py", line 387, in app
    raw_response = await run_endpoint_function(
                   ^^^^^^^^^^^^^^^^^^^^^^^^^^^^
    ...<3 lines>...
    )
    ^
  File "/home/utah/Desktop/olgFeast/fastapi_app/venv/lib/python3.13/site-packages/fastapi/routing.py", line 290, in run_endpoint_function
    return await run_in_threadpool(dependant.call, **values)
           ^^^^^^^^^^^^^^^^^^^^^^^^^^^^^^^^^^^^^^^^^^^^^^^^^
  File "/home/utah/Desktop/olgFeast/fastapi_app/venv/lib/python3.13/site-packages/starlette/concurrency.py", line 38, in run_in_threadpool
    return await anyio.to_thread.run_sync(func)
           ^^^^^^^^^^^^^^^^^^^^^^^^^^^^^^^^^^^^
  File "/home/utah/Desktop/olgFeast/fastapi_app/venv/lib/python3.13/site-packages/anyio/to_thread.py", line 56, in run_sync
    return await get_async_backend().run_sync_in_worker_thread(
           ^^^^^^^^^^^^^^^^^^^^^^^^^^^^^^^^^^^^^^^^^^^^^^^^^^^^
        func, args, abandon_on_cancel=abandon_on_cancel, limiter=limiter
        ^^^^^^^^^^^^^^^^^^^^^^^^^^^^^^^^^^^^^^^^^^^^^^^^^^^^^^^^^^^^^^^^
    )
    ^
  File "/home/utah/Desktop/olgFeast/fastapi_app/venv/lib/python3.13/site-packages/anyio/_backends/_asyncio.py", line 2485, in run_sync_in_worker_thread
    return await future
           ^^^^^^^^^^^^
  File "/home/utah/Desktop/olgFeast/fastapi_app/venv/lib/python3.13/site-packages/anyio/_backends/_asyncio.py", line 976, in run
    result = context.run(func, *args)
  File "/home/utah/Desktop/olgFeast/fastapi_app/app/api/v1/operations.py", line 74, in get_preparing_orders
    ).filter(Order.status == OrderStatus.PREPARING).order_by(Order.date_ordered).all()
                                                                                 ~~~^^
  File "/home/utah/Desktop/olgFeast/fastapi_app/venv/lib/python3.13/site-packages/sqlalchemy/orm/query.py", line 2704, in all
    return self._iter().all()  # type: ignore
           ~~~~~~~~~~^^
  File "/home/utah/Desktop/olgFeast/fastapi_app/venv/lib/python3.13/site-packages/sqlalchemy/orm/query.py", line 2857, in _iter
    result: Union[ScalarResult[_T], Result[_T]] = self.session.execute(
                                                  ~~~~~~~~~~~~~~~~~~~~^
        statement,
        ^^^^^^^^^^
        params,
        ^^^^^^^
        execution_options={"_sa_orm_load_options": self.load_options},
        ^^^^^^^^^^^^^^^^^^^^^^^^^^^^^^^^^^^^^^^^^^^^^^^^^^^^^^^^^^^^^^
    )
    ^
  File "/home/utah/Desktop/olgFeast/fastapi_app/venv/lib/python3.13/site-packages/sqlalchemy/orm/session.py", line 2365, in execute
    return self._execute_internal(
           ~~~~~~~~~~~~~~~~~~~~~~^
        statement,
        ^^^^^^^^^^
    ...<4 lines>...
        _add_event=_add_event,
        ^^^^^^^^^^^^^^^^^^^^^^
    )
    ^
  File "/home/utah/Desktop/olgFeast/fastapi_app/venv/lib/python3.13/site-packages/sqlalchemy/orm/session.py", line 2251, in _execute_internal
    result: Result[Any] = compile_state_cls.orm_execute_statement(
                          ~~~~~~~~~~~~~~~~~~~~~~~~~~~~~~~~~~~~~~~^
        self,
        ^^^^^
    ...<4 lines>...
        conn,
        ^^^^^
    )
    ^
  File "/home/utah/Desktop/olgFeast/fastapi_app/venv/lib/python3.13/site-packages/sqlalchemy/orm/context.py", line 306, in orm_execute_statement
    result = conn.execute(
        statement, params or {}, execution_options=execution_options
    )
  File "/home/utah/Desktop/olgFeast/fastapi_app/venv/lib/python3.13/site-packages/sqlalchemy/engine/base.py", line 1419, in execute
    return meth(
        self,
        distilled_parameters,
        execution_options or NO_OPTIONS,
    )
  File "/home/utah/Desktop/olgFeast/fastapi_app/venv/lib/python3.13/site-packages/sqlalchemy/sql/elements.py", line 526, in _execute_on_connection
    return connection._execute_clauseelement(
           ~~~~~~~~~~~~~~~~~~~~~~~~~~~~~~~~~^
        self, distilled_params, execution_options
        ^^^^^^^^^^^^^^^^^^^^^^^^^^^^^^^^^^^^^^^^^
    )
    ^
  File "/home/utah/Desktop/olgFeast/fastapi_app/venv/lib/python3.13/site-packages/sqlalchemy/engine/base.py", line 1641, in _execute_clauseelement
    ret = self._execute_context(
        dialect,
    ...<8 lines>...
        cache_hit=cache_hit,
    )
  File "/home/utah/Desktop/olgFeast/fastapi_app/venv/lib/python3.13/site-packages/sqlalchemy/engine/base.py", line 1846, in _execute_context
    return self._exec_single_context(
           ~~~~~~~~~~~~~~~~~~~~~~~~~^
        dialect, context, statement, parameters
        ^^^^^^^^^^^^^^^^^^^^^^^^^^^^^^^^^^^^^^^
    )
    ^
  File "/home/utah/Desktop/olgFeast/fastapi_app/venv/lib/python3.13/site-packages/sqlalchemy/engine/base.py", line 1986, in _exec_single_context
    self._handle_dbapi_exception(
    ~~~~~~~~~~~~~~~~~~~~~~~~~~~~^
        e, str_statement, effective_parameters, cursor, context
        ^^^^^^^^^^^^^^^^^^^^^^^^^^^^^^^^^^^^^^^^^^^^^^^^^^^^^^^
    )
    ^
  File "/home/utah/Desktop/olgFeast/fastapi_app/venv/lib/python3.13/site-packages/sqlalchemy/engine/base.py", line 2355, in _handle_dbapi_exception
    raise sqlalchemy_exception.with_traceback(exc_info[2]) from e
  File "/home/utah/Desktop/olgFeast/fastapi_app/venv/lib/python3.13/site-packages/sqlalchemy/engine/base.py", line 1967, in _exec_single_context
    self.dialect.do_execute(
    ~~~~~~~~~~~~~~~~~~~~~~~^
        cursor, str_statement, effective_parameters, context
        ^^^^^^^^^^^^^^^^^^^^^^^^^^^^^^^^^^^^^^^^^^^^^^^^^^^^
    )
    ^
  File "/home/utah/Desktop/olgFeast/fastapi_app/venv/lib/python3.13/site-packages/sqlalchemy/engine/default.py", line 951, in do_execute
    cursor.execute(statement, parameters)
    ~~~~~~~~~~~~~~^^^^^^^^^^^^^^^^^^^^^^^
sqlalchemy.exc.OperationalError: (sqlite3.OperationalError) no such column: orders.display_id
[SQL: SELECT orders.id AS orders_id, orders.display_id AS orders_display_id, orders.ref_code AS orders_ref_code, orders.user_id AS orders_user_id, orders.customer_name AS orders_customer_name, orders.status AS orders_status, orders.date_ordered AS orders_date_ordered, orders.date_preparing AS orders_date_preparing, orders.date_ready AS orders_date_ready, orders.date_complete AS orders_date_complete, orders.last_status_change AS orders_last_status_change, food_items_1.id AS food_items_1_id, food_items_1.food_group AS food_items_1_food_group, food_items_1.name AS food_items_1_name, food_items_1.value AS food_items_1_value, food_items_1.ticket AS food_items_1_ticket, food_items_1.description AS food_items_1_description, food_items_1.is_available AS food_items_1_is_available, food_items_1.created_at AS food_items_1_created_at, food_items_1.updated_at AS food_items_1_updated_at, order_items_1.id AS order_items_1_id, order_items_1.order_id AS order_items_1_order_id, order_items_1.food_item_id AS order_items_1_food_item_id, order_items_1.quantity AS order_items_1_quantity, order_items_1.created_at AS order_items_1_created_at 
FROM orders LEFT OUTER JOIN order_items AS order_items_1 ON orders.id = order_items_1.order_id LEFT OUTER JOIN food_items AS food_items_1 ON food_items_1.id = order_items_1.food_item_id 
WHERE orders.status = ? ORDER BY orders.date_ordered]
[parameters: ('PREPARING',)]
(Background on this error at: https://sqlalche.me/e/20/e3q8)
INFO:     127.0.0.1:48706 - "GET /api/v1/operations/orders/pending HTTP/1.1" 500 Internal Server Error
ERROR:    Exception in ASGI application
Traceback (most recent call last):
  File "/home/utah/Desktop/olgFeast/fastapi_app/venv/lib/python3.13/site-packages/sqlalchemy/engine/base.py", line 1967, in _exec_single_context
    self.dialect.do_execute(
    ~~~~~~~~~~~~~~~~~~~~~~~^
        cursor, str_statement, effective_parameters, context
        ^^^^^^^^^^^^^^^^^^^^^^^^^^^^^^^^^^^^^^^^^^^^^^^^^^^^
    )
    ^
  File "/home/utah/Desktop/olgFeast/fastapi_app/venv/lib/python3.13/site-packages/sqlalchemy/engine/default.py", line 951, in do_execute
    cursor.execute(statement, parameters)
    ~~~~~~~~~~~~~~^^^^^^^^^^^^^^^^^^^^^^^
sqlite3.OperationalError: no such column: orders.display_id

The above exception was the direct cause of the following exception:

Traceback (most recent call last):
  File "/home/utah/Desktop/olgFeast/fastapi_app/venv/lib/python3.13/site-packages/uvicorn/protocols/http/httptools_impl.py", line 409, in run_asgi
    result = await app(  # type: ignore[func-returns-value]
             ^^^^^^^^^^^^^^^^^^^^^^^^^^^^^^^^^^^^^^^^^^^^^^
        self.scope, self.receive, self.send
        ^^^^^^^^^^^^^^^^^^^^^^^^^^^^^^^^^^^
    )
    ^
  File "/home/utah/Desktop/olgFeast/fastapi_app/venv/lib/python3.13/site-packages/uvicorn/middleware/proxy_headers.py", line 60, in __call__
    return await self.app(scope, receive, send)
           ^^^^^^^^^^^^^^^^^^^^^^^^^^^^^^^^^^^^
  File "/home/utah/Desktop/olgFeast/fastapi_app/venv/lib/python3.13/site-packages/fastapi/applications.py", line 1133, in __call__
    await super().__call__(scope, receive, send)
  File "/home/utah/Desktop/olgFeast/fastapi_app/venv/lib/python3.13/site-packages/starlette/applications.py", line 113, in __call__
    await self.middleware_stack(scope, receive, send)
  File "/home/utah/Desktop/olgFeast/fastapi_app/venv/lib/python3.13/site-packages/starlette/middleware/errors.py", line 186, in __call__
    raise exc
  File "/home/utah/Desktop/olgFeast/fastapi_app/venv/lib/python3.13/site-packages/starlette/middleware/errors.py", line 164, in __call__
    await self.app(scope, receive, _send)
  File "/home/utah/Desktop/olgFeast/fastapi_app/venv/lib/python3.13/site-packages/starlette/middleware/cors.py", line 93, in __call__
    await self.simple_response(scope, receive, send, request_headers=headers)
  File "/home/utah/Desktop/olgFeast/fastapi_app/venv/lib/python3.13/site-packages/starlette/middleware/cors.py", line 144, in simple_response
    await self.app(scope, receive, send)
  File "/home/utah/Desktop/olgFeast/fastapi_app/venv/lib/python3.13/site-packages/starlette/middleware/exceptions.py", line 63, in __call__
    await wrap_app_handling_exceptions(self.app, conn)(scope, receive, send)
  File "/home/utah/Desktop/olgFeast/fastapi_app/venv/lib/python3.13/site-packages/starlette/_exception_handler.py", line 53, in wrapped_app
    raise exc
  File "/home/utah/Desktop/olgFeast/fastapi_app/venv/lib/python3.13/site-packages/starlette/_exception_handler.py", line 42, in wrapped_app
    await app(scope, receive, sender)
  File "/home/utah/Desktop/olgFeast/fastapi_app/venv/lib/python3.13/site-packages/fastapi/middleware/asyncexitstack.py", line 18, in __call__
    await self.app(scope, receive, send)
  File "/home/utah/Desktop/olgFeast/fastapi_app/venv/lib/python3.13/site-packages/starlette/routing.py", line 716, in __call__
    await self.middleware_stack(scope, receive, send)
  File "/home/utah/Desktop/olgFeast/fastapi_app/venv/lib/python3.13/site-packages/starlette/routing.py", line 736, in app
    await route.handle(scope, receive, send)
  File "/home/utah/Desktop/olgFeast/fastapi_app/venv/lib/python3.13/site-packages/starlette/routing.py", line 290, in handle
    await self.app(scope, receive, send)
  File "/home/utah/Desktop/olgFeast/fastapi_app/venv/lib/python3.13/site-packages/fastapi/routing.py", line 123, in app
    await wrap_app_handling_exceptions(app, request)(scope, receive, send)
  File "/home/utah/Desktop/olgFeast/fastapi_app/venv/lib/python3.13/site-packages/starlette/_exception_handler.py", line 53, in wrapped_app
    raise exc
  File "/home/utah/Desktop/olgFeast/fastapi_app/venv/lib/python3.13/site-packages/starlette/_exception_handler.py", line 42, in wrapped_app
    await app(scope, receive, sender)
  File "/home/utah/Desktop/olgFeast/fastapi_app/venv/lib/python3.13/site-packages/fastapi/routing.py", line 109, in app
    response = await f(request)
               ^^^^^^^^^^^^^^^^
  File "/home/utah/Desktop/olgFeast/fastapi_app/venv/lib/python3.13/site-packages/fastapi/routing.py", line 387, in app
    raw_response = await run_endpoint_function(
                   ^^^^^^^^^^^^^^^^^^^^^^^^^^^^
    ...<3 lines>...
    )
    ^
  File "/home/utah/Desktop/olgFeast/fastapi_app/venv/lib/python3.13/site-packages/fastapi/routing.py", line 290, in run_endpoint_function
    return await run_in_threadpool(dependant.call, **values)
           ^^^^^^^^^^^^^^^^^^^^^^^^^^^^^^^^^^^^^^^^^^^^^^^^^
  File "/home/utah/Desktop/olgFeast/fastapi_app/venv/lib/python3.13/site-packages/starlette/concurrency.py", line 38, in run_in_threadpool
    return await anyio.to_thread.run_sync(func)
           ^^^^^^^^^^^^^^^^^^^^^^^^^^^^^^^^^^^^
  File "/home/utah/Desktop/olgFeast/fastapi_app/venv/lib/python3.13/site-packages/anyio/to_thread.py", line 56, in run_sync
    return await get_async_backend().run_sync_in_worker_thread(
           ^^^^^^^^^^^^^^^^^^^^^^^^^^^^^^^^^^^^^^^^^^^^^^^^^^^^
        func, args, abandon_on_cancel=abandon_on_cancel, limiter=limiter
        ^^^^^^^^^^^^^^^^^^^^^^^^^^^^^^^^^^^^^^^^^^^^^^^^^^^^^^^^^^^^^^^^
    )
    ^
  File "/home/utah/Desktop/olgFeast/fastapi_app/venv/lib/python3.13/site-packages/anyio/_backends/_asyncio.py", line 2485, in run_sync_in_worker_thread
    return await future
           ^^^^^^^^^^^^
  File "/home/utah/Desktop/olgFeast/fastapi_app/venv/lib/python3.13/site-packages/anyio/_backends/_asyncio.py", line 976, in run
    result = context.run(func, *args)
  File "/home/utah/Desktop/olgFeast/fastapi_app/app/api/v1/operations.py", line 62, in get_pending_orders
    ).filter(Order.status == OrderStatus.PENDING).order_by(Order.date_ordered).all()
                                                                               ~~~^^
  File "/home/utah/Desktop/olgFeast/fastapi_app/venv/lib/python3.13/site-packages/sqlalchemy/orm/query.py", line 2704, in all
    return self._iter().all()  # type: ignore
           ~~~~~~~~~~^^
  File "/home/utah/Desktop/olgFeast/fastapi_app/venv/lib/python3.13/site-packages/sqlalchemy/orm/query.py", line 2857, in _iter
    result: Union[ScalarResult[_T], Result[_T]] = self.session.execute(
                                                  ~~~~~~~~~~~~~~~~~~~~^
        statement,
        ^^^^^^^^^^
        params,
        ^^^^^^^
        execution_options={"_sa_orm_load_options": self.load_options},
        ^^^^^^^^^^^^^^^^^^^^^^^^^^^^^^^^^^^^^^^^^^^^^^^^^^^^^^^^^^^^^^
    )
    ^
  File "/home/utah/Desktop/olgFeast/fastapi_app/venv/lib/python3.13/site-packages/sqlalchemy/orm/session.py", line 2365, in execute
    return self._execute_internal(
           ~~~~~~~~~~~~~~~~~~~~~~^
        statement,
        ^^^^^^^^^^
    ...<4 lines>...
        _add_event=_add_event,
        ^^^^^^^^^^^^^^^^^^^^^^
    )
    ^
  File "/home/utah/Desktop/olgFeast/fastapi_app/venv/lib/python3.13/site-packages/sqlalchemy/orm/session.py", line 2251, in _execute_internal
    result: Result[Any] = compile_state_cls.orm_execute_statement(
                          ~~~~~~~~~~~~~~~~~~~~~~~~~~~~~~~~~~~~~~~^
        self,
        ^^^^^
    ...<4 lines>...
        conn,
        ^^^^^
    )
    ^
  File "/home/utah/Desktop/olgFeast/fastapi_app/venv/lib/python3.13/site-packages/sqlalchemy/orm/context.py", line 306, in orm_execute_statement
    result = conn.execute(
        statement, params or {}, execution_options=execution_options
    )
  File "/home/utah/Desktop/olgFeast/fastapi_app/venv/lib/python3.13/site-packages/sqlalchemy/engine/base.py", line 1419, in execute
    return meth(
        self,
        distilled_parameters,
        execution_options or NO_OPTIONS,
    )
  File "/home/utah/Desktop/olgFeast/fastapi_app/venv/lib/python3.13/site-packages/sqlalchemy/sql/elements.py", line 526, in _execute_on_connection
    return connection._execute_clauseelement(
           ~~~~~~~~~~~~~~~~~~~~~~~~~~~~~~~~~^
        self, distilled_params, execution_options
        ^^^^^^^^^^^^^^^^^^^^^^^^^^^^^^^^^^^^^^^^^
    )
    ^
  File "/home/utah/Desktop/olgFeast/fastapi_app/venv/lib/python3.13/site-packages/sqlalchemy/engine/base.py", line 1641, in _execute_clauseelement
    ret = self._execute_context(
        dialect,
    ...<8 lines>...
        cache_hit=cache_hit,
    )
  File "/home/utah/Desktop/olgFeast/fastapi_app/venv/lib/python3.13/site-packages/sqlalchemy/engine/base.py", line 1846, in _execute_context
    return self._exec_single_context(
           ~~~~~~~~~~~~~~~~~~~~~~~~~^
        dialect, context, statement, parameters
        ^^^^^^^^^^^^^^^^^^^^^^^^^^^^^^^^^^^^^^^
    )
    ^
  File "/home/utah/Desktop/olgFeast/fastapi_app/venv/lib/python3.13/site-packages/sqlalchemy/engine/base.py", line 1986, in _exec_single_context
    self._handle_dbapi_exception(
    ~~~~~~~~~~~~~~~~~~~~~~~~~~~~^
        e, str_statement, effective_parameters, cursor, context
        ^^^^^^^^^^^^^^^^^^^^^^^^^^^^^^^^^^^^^^^^^^^^^^^^^^^^^^^
    )
    ^
  File "/home/utah/Desktop/olgFeast/fastapi_app/venv/lib/python3.13/site-packages/sqlalchemy/engine/base.py", line 2355, in _handle_dbapi_exception
    raise sqlalchemy_exception.with_traceback(exc_info[2]) from e
  File "/home/utah/Desktop/olgFeast/fastapi_app/venv/lib/python3.13/site-packages/sqlalchemy/engine/base.py", line 1967, in _exec_single_context
    self.dialect.do_execute(
    ~~~~~~~~~~~~~~~~~~~~~~~^
        cursor, str_statement, effective_parameters, context
        ^^^^^^^^^^^^^^^^^^^^^^^^^^^^^^^^^^^^^^^^^^^^^^^^^^^^
    )
    ^
  File "/home/utah/Desktop/olgFeast/fastapi_app/venv/lib/python3.13/site-packages/sqlalchemy/engine/default.py", line 951, in do_execute
    cursor.execute(statement, parameters)
    ~~~~~~~~~~~~~~^^^^^^^^^^^^^^^^^^^^^^^
sqlalchemy.exc.OperationalError: (sqlite3.OperationalError) no such column: orders.display_id
[SQL: SELECT orders.id AS orders_id, orders.display_id AS orders_display_id, orders.ref_code AS orders_ref_code, orders.user_id AS orders_user_id, orders.customer_name AS orders_customer_name, orders.status AS orders_status, orders.date_ordered AS orders_date_ordered, orders.date_preparing AS orders_date_preparing, orders.date_ready AS orders_date_ready, orders.date_complete AS orders_date_complete, orders.last_status_change AS orders_last_status_change, food_items_1.id AS food_items_1_id, food_items_1.food_group AS food_items_1_food_group, food_items_1.name AS food_items_1_name, food_items_1.value AS food_items_1_value, food_items_1.ticket AS food_items_1_ticket, food_items_1.description AS food_items_1_description, food_items_1.is_available AS food_items_1_is_available, food_items_1.created_at AS food_items_1_created_at, food_items_1.updated_at AS food_items_1_updated_at, order_items_1.id AS order_items_1_id, order_items_1.order_id AS order_items_1_order_id, order_items_1.food_item_id AS order_items_1_food_item_id, order_items_1.quantity AS order_items_1_quantity, order_items_1.created_at AS order_items_1_created_at 
FROM orders LEFT OUTER JOIN order_items AS order_items_1 ON orders.id = order_items_1.order_id LEFT OUTER JOIN food_items AS food_items_1 ON food_items_1.id = order_items_1.food_item_id 
WHERE orders.status = ? ORDER BY orders.date_ordered]
[parameters: ('PENDING',)]
(Background on this error at: https://sqlalche.me/e/20/e3q8)
INFO:     127.0.0.1:48712 - "GET /api/v1/operations/orders/ready HTTP/1.1" 500 Internal Server Error
ERROR:    Exception in ASGI application
Traceback (most recent call last):
  File "/home/utah/Desktop/olgFeast/fastapi_app/venv/lib/python3.13/site-packages/sqlalchemy/engine/base.py", line 1967, in _exec_single_context
    self.dialect.do_execute(
    ~~~~~~~~~~~~~~~~~~~~~~~^
        cursor, str_statement, effective_parameters, context
        ^^^^^^^^^^^^^^^^^^^^^^^^^^^^^^^^^^^^^^^^^^^^^^^^^^^^
    )
    ^
  File "/home/utah/Desktop/olgFeast/fastapi_app/venv/lib/python3.13/site-packages/sqlalchemy/engine/default.py", line 951, in do_execute
    cursor.execute(statement, parameters)
    ~~~~~~~~~~~~~~^^^^^^^^^^^^^^^^^^^^^^^
sqlite3.OperationalError: no such column: orders.display_id

The above exception was the direct cause of the following exception:

Traceback (most recent call last):
  File "/home/utah/Desktop/olgFeast/fastapi_app/venv/lib/python3.13/site-packages/uvicorn/protocols/http/httptools_impl.py", line 409, in run_asgi
    result = await app(  # type: ignore[func-returns-value]
             ^^^^^^^^^^^^^^^^^^^^^^^^^^^^^^^^^^^^^^^^^^^^^^
        self.scope, self.receive, self.send
        ^^^^^^^^^^^^^^^^^^^^^^^^^^^^^^^^^^^
    )
    ^
  File "/home/utah/Desktop/olgFeast/fastapi_app/venv/lib/python3.13/site-packages/uvicorn/middleware/proxy_headers.py", line 60, in __call__
    return await self.app(scope, receive, send)
           ^^^^^^^^^^^^^^^^^^^^^^^^^^^^^^^^^^^^
  File "/home/utah/Desktop/olgFeast/fastapi_app/venv/lib/python3.13/site-packages/fastapi/applications.py", line 1133, in __call__
    await super().__call__(scope, receive, send)
  File "/home/utah/Desktop/olgFeast/fastapi_app/venv/lib/python3.13/site-packages/starlette/applications.py", line 113, in __call__
    await self.middleware_stack(scope, receive, send)
  File "/home/utah/Desktop/olgFeast/fastapi_app/venv/lib/python3.13/site-packages/starlette/middleware/errors.py", line 186, in __call__
    raise exc
  File "/home/utah/Desktop/olgFeast/fastapi_app/venv/lib/python3.13/site-packages/starlette/middleware/errors.py", line 164, in __call__
    await self.app(scope, receive, _send)
  File "/home/utah/Desktop/olgFeast/fastapi_app/venv/lib/python3.13/site-packages/starlette/middleware/cors.py", line 93, in __call__
    await self.simple_response(scope, receive, send, request_headers=headers)
  File "/home/utah/Desktop/olgFeast/fastapi_app/venv/lib/python3.13/site-packages/starlette/middleware/cors.py", line 144, in simple_response
    await self.app(scope, receive, send)
  File "/home/utah/Desktop/olgFeast/fastapi_app/venv/lib/python3.13/site-packages/starlette/middleware/exceptions.py", line 63, in __call__
    await wrap_app_handling_exceptions(self.app, conn)(scope, receive, send)
  File "/home/utah/Desktop/olgFeast/fastapi_app/venv/lib/python3.13/site-packages/starlette/_exception_handler.py", line 53, in wrapped_app
    raise exc
  File "/home/utah/Desktop/olgFeast/fastapi_app/venv/lib/python3.13/site-packages/starlette/_exception_handler.py", line 42, in wrapped_app
    await app(scope, receive, sender)
  File "/home/utah/Desktop/olgFeast/fastapi_app/venv/lib/python3.13/site-packages/fastapi/middleware/asyncexitstack.py", line 18, in __call__
    await self.app(scope, receive, send)
  File "/home/utah/Desktop/olgFeast/fastapi_app/venv/lib/python3.13/site-packages/starlette/routing.py", line 716, in __call__
    await self.middleware_stack(scope, receive, send)
  File "/home/utah/Desktop/olgFeast/fastapi_app/venv/lib/python3.13/site-packages/starlette/routing.py", line 736, in app
    await route.handle(scope, receive, send)
  File "/home/utah/Desktop/olgFeast/fastapi_app/venv/lib/python3.13/site-packages/starlette/routing.py", line 290, in handle
    await self.app(scope, receive, send)
  File "/home/utah/Desktop/olgFeast/fastapi_app/venv/lib/python3.13/site-packages/fastapi/routing.py", line 123, in app
    await wrap_app_handling_exceptions(app, request)(scope, receive, send)
  File "/home/utah/Desktop/olgFeast/fastapi_app/venv/lib/python3.13/site-packages/starlette/_exception_handler.py", line 53, in wrapped_app
    raise exc
  File "/home/utah/Desktop/olgFeast/fastapi_app/venv/lib/python3.13/site-packages/starlette/_exception_handler.py", line 42, in wrapped_app
    await app(scope, receive, sender)
  File "/home/utah/Desktop/olgFeast/fastapi_app/venv/lib/python3.13/site-packages/fastapi/routing.py", line 109, in app
    response = await f(request)
               ^^^^^^^^^^^^^^^^
  File "/home/utah/Desktop/olgFeast/fastapi_app/venv/lib/python3.13/site-packages/fastapi/routing.py", line 387, in app
    raw_response = await run_endpoint_function(
                   ^^^^^^^^^^^^^^^^^^^^^^^^^^^^
    ...<3 lines>...
    )
    ^
  File "/home/utah/Desktop/olgFeast/fastapi_app/venv/lib/python3.13/site-packages/fastapi/routing.py", line 290, in run_endpoint_function
    return await run_in_threadpool(dependant.call, **values)
           ^^^^^^^^^^^^^^^^^^^^^^^^^^^^^^^^^^^^^^^^^^^^^^^^^
  File "/home/utah/Desktop/olgFeast/fastapi_app/venv/lib/python3.13/site-packages/starlette/concurrency.py", line 38, in run_in_threadpool
    return await anyio.to_thread.run_sync(func)
           ^^^^^^^^^^^^^^^^^^^^^^^^^^^^^^^^^^^^
  File "/home/utah/Desktop/olgFeast/fastapi_app/venv/lib/python3.13/site-packages/anyio/to_thread.py", line 56, in run_sync
    return await get_async_backend().run_sync_in_worker_thread(
           ^^^^^^^^^^^^^^^^^^^^^^^^^^^^^^^^^^^^^^^^^^^^^^^^^^^^
        func, args, abandon_on_cancel=abandon_on_cancel, limiter=limiter
        ^^^^^^^^^^^^^^^^^^^^^^^^^^^^^^^^^^^^^^^^^^^^^^^^^^^^^^^^^^^^^^^^
    )
    ^
  File "/home/utah/Desktop/olgFeast/fastapi_app/venv/lib/python3.13/site-packages/anyio/_backends/_asyncio.py", line 2485, in run_sync_in_worker_thread
    return await future
           ^^^^^^^^^^^^
  File "/home/utah/Desktop/olgFeast/fastapi_app/venv/lib/python3.13/site-packages/anyio/_backends/_asyncio.py", line 976, in run
    result = context.run(func, *args)
  File "/home/utah/Desktop/olgFeast/fastapi_app/app/api/v1/operations.py", line 86, in get_ready_orders
    ).filter(Order.status == OrderStatus.READY).order_by(Order.date_ordered).all()
                                                                             ~~~^^
  File "/home/utah/Desktop/olgFeast/fastapi_app/venv/lib/python3.13/site-packages/sqlalchemy/orm/query.py", line 2704, in all
    return self._iter().all()  # type: ignore
           ~~~~~~~~~~^^
  File "/home/utah/Desktop/olgFeast/fastapi_app/venv/lib/python3.13/site-packages/sqlalchemy/orm/query.py", line 2857, in _iter
    result: Union[ScalarResult[_T], Result[_T]] = self.session.execute(
                                                  ~~~~~~~~~~~~~~~~~~~~^
        statement,
        ^^^^^^^^^^
        params,
        ^^^^^^^
        execution_options={"_sa_orm_load_options": self.load_options},
        ^^^^^^^^^^^^^^^^^^^^^^^^^^^^^^^^^^^^^^^^^^^^^^^^^^^^^^^^^^^^^^
    )
    ^
  File "/home/utah/Desktop/olgFeast/fastapi_app/venv/lib/python3.13/site-packages/sqlalchemy/orm/session.py", line 2365, in execute
    return self._execute_internal(
           ~~~~~~~~~~~~~~~~~~~~~~^
        statement,
        ^^^^^^^^^^
    ...<4 lines>...
        _add_event=_add_event,
        ^^^^^^^^^^^^^^^^^^^^^^
    )
    ^
  File "/home/utah/Desktop/olgFeast/fastapi_app/venv/lib/python3.13/site-packages/sqlalchemy/orm/session.py", line 2251, in _execute_internal
    result: Result[Any] = compile_state_cls.orm_execute_statement(
                          ~~~~~~~~~~~~~~~~~~~~~~~~~~~~~~~~~~~~~~~^
        self,
        ^^^^^
    ...<4 lines>...
        conn,
        ^^^^^
    )
    ^
  File "/home/utah/Desktop/olgFeast/fastapi_app/venv/lib/python3.13/site-packages/sqlalchemy/orm/context.py", line 306, in orm_execute_statement
    result = conn.execute(
        statement, params or {}, execution_options=execution_options
    )
  File "/home/utah/Desktop/olgFeast/fastapi_app/venv/lib/python3.13/site-packages/sqlalchemy/engine/base.py", line 1419, in execute
    return meth(
        self,
        distilled_parameters,
        execution_options or NO_OPTIONS,
    )
  File "/home/utah/Desktop/olgFeast/fastapi_app/venv/lib/python3.13/site-packages/sqlalchemy/sql/elements.py", line 526, in _execute_on_connection
    return connection._execute_clauseelement(
           ~~~~~~~~~~~~~~~~~~~~~~~~~~~~~~~~~^
        self, distilled_params, execution_options
        ^^^^^^^^^^^^^^^^^^^^^^^^^^^^^^^^^^^^^^^^^
    )
    ^
  File "/home/utah/Desktop/olgFeast/fastapi_app/venv/lib/python3.13/site-packages/sqlalchemy/engine/base.py", line 1641, in _execute_clauseelement
    ret = self._execute_context(
        dialect,
    ...<8 lines>...
        cache_hit=cache_hit,
    )
  File "/home/utah/Desktop/olgFeast/fastapi_app/venv/lib/python3.13/site-packages/sqlalchemy/engine/base.py", line 1846, in _execute_context
    return self._exec_single_context(
           ~~~~~~~~~~~~~~~~~~~~~~~~~^
        dialect, context, statement, parameters
        ^^^^^^^^^^^^^^^^^^^^^^^^^^^^^^^^^^^^^^^
    )
    ^
  File "/home/utah/Desktop/olgFeast/fastapi_app/venv/lib/python3.13/site-packages/sqlalchemy/engine/base.py", line 1986, in _exec_single_context
    self._handle_dbapi_exception(
    ~~~~~~~~~~~~~~~~~~~~~~~~~~~~^
        e, str_statement, effective_parameters, cursor, context
        ^^^^^^^^^^^^^^^^^^^^^^^^^^^^^^^^^^^^^^^^^^^^^^^^^^^^^^^
    )
    ^
  File "/home/utah/Desktop/olgFeast/fastapi_app/venv/lib/python3.13/site-packages/sqlalchemy/engine/base.py", line 2355, in _handle_dbapi_exception
    raise sqlalchemy_exception.with_traceback(exc_info[2]) from e
  File "/home/utah/Desktop/olgFeast/fastapi_app/venv/lib/python3.13/site-packages/sqlalchemy/engine/base.py", line 1967, in _exec_single_context
    self.dialect.do_execute(
    ~~~~~~~~~~~~~~~~~~~~~~~^
        cursor, str_statement, effective_parameters, context
        ^^^^^^^^^^^^^^^^^^^^^^^^^^^^^^^^^^^^^^^^^^^^^^^^^^^^
    )
    ^
  File "/home/utah/Desktop/olgFeast/fastapi_app/venv/lib/python3.13/site-packages/sqlalchemy/engine/default.py", line 951, in do_execute
    cursor.execute(statement, parameters)
    ~~~~~~~~~~~~~~^^^^^^^^^^^^^^^^^^^^^^^
sqlalchemy.exc.OperationalError: (sqlite3.OperationalError) no such column: orders.display_id
[SQL: SELECT orders.id AS orders_id, orders.display_id AS orders_display_id, orders.ref_code AS orders_ref_code, orders.user_id AS orders_user_id, orders.customer_name AS orders_customer_name, orders.status AS orders_status, orders.date_ordered AS orders_date_ordered, orders.date_preparing AS orders_date_preparing, orders.date_ready AS orders_date_ready, orders.date_complete AS orders_date_complete, orders.last_status_change AS orders_last_status_change, food_items_1.id AS food_items_1_id, food_items_1.food_group AS food_items_1_food_group, food_items_1.name AS food_items_1_name, food_items_1.value AS food_items_1_value, food_items_1.ticket AS food_items_1_ticket, food_items_1.description AS food_items_1_description, food_items_1.is_available AS food_items_1_is_available, food_items_1.created_at AS food_items_1_created_at, food_items_1.updated_at AS food_items_1_updated_at, order_items_1.id AS order_items_1_id, order_items_1.order_id AS order_items_1_order_id, order_items_1.food_item_id AS order_items_1_food_item_id, order_items_1.quantity AS order_items_1_quantity, order_items_1.created_at AS order_items_1_created_at 
FROM orders LEFT OUTER JOIN order_items AS order_items_1 ON orders.id = order_items_1.order_id LEFT OUTER JOIN food_items AS food_items_1 ON food_items_1.id = order_items_1.food_item_id 
WHERE orders.status = ? ORDER BY orders.date_ordered]
[parameters: ('READY',)]
(Background on this error at: https://sqlalche.me/e/20/e3q8)
INFO:     127.0.0.1:48728 - "WebSocket /ws/kitchen/display" [accepted]
INFO:     connection open
INFO:     127.0.0.1:48738 - "WebSocket /ws/kitchen/display" [accepted]
INFO:     connection open
INFO:     127.0.0.1:48748 - "WebSocket /ws/kitchen/display" [accepted]
INFO:     connection open
INFO:     127.0.0.1:48752 - "WebSocket /ws/kitchen/display" [accepted]
INFO:     connection open
‚úÖ WebSocket connected to channel: kitchen_display
‚ùå WebSocket error in kitchen display: (sqlite3.OperationalError) no such column: orders.display_id
[SQL: SELECT orders.id AS orders_id, orders.display_id AS orders_display_id, orders.ref_code AS orders_ref_code, orders.user_id AS orders_user_id, orders.customer_name AS orders_customer_name, orders.status AS orders_status, orders.date_ordered AS orders_date_ordered, orders.date_preparing AS orders_date_preparing, orders.date_ready AS orders_date_ready, orders.date_complete AS orders_date_complete, orders.last_status_change AS orders_last_status_change 
FROM orders 
WHERE orders.status = ? ORDER BY orders.date_ordered]
[parameters: ('PENDING',)]
(Background on this error at: https://sqlalche.me/e/20/e3q8)
‚ùå WebSocket disconnected from channel: kitchen_display
‚úÖ WebSocket connected to channel: kitchen_display
‚ùå WebSocket error in kitchen display: (sqlite3.OperationalError) no such column: orders.display_id
[SQL: SELECT orders.id AS orders_id, orders.display_id AS orders_display_id, orders.ref_code AS orders_ref_code, orders.user_id AS orders_user_id, orders.customer_name AS orders_customer_name, orders.status AS orders_status, orders.date_ordered AS orders_date_ordered, orders.date_preparing AS orders_date_preparing, orders.date_ready AS orders_date_ready, orders.date_complete AS orders_date_complete, orders.last_status_change AS orders_last_status_change 
FROM orders 
WHERE orders.status = ? ORDER BY orders.date_ordered]
[parameters: ('PENDING',)]
(Background on this error at: https://sqlalche.me/e/20/e3q8)
‚ùå WebSocket disconnected from channel: kitchen_display
‚úÖ WebSocket connected to channel: kitchen_display
‚ùå WebSocket error in kitchen display: (sqlite3.OperationalError) no such column: orders.display_id
[SQL: SELECT orders.id AS orders_id, orders.display_id AS orders_display_id, orders.ref_code AS orders_ref_code, orders.user_id AS orders_user_id, orders.customer_name AS orders_customer_name, orders.status AS orders_status, orders.date_ordered AS orders_date_ordered, orders.date_preparing AS orders_date_preparing, orders.date_ready AS orders_date_ready, orders.date_complete AS orders_date_complete, orders.last_status_change AS orders_last_status_change 
FROM orders 
WHERE orders.status = ? ORDER BY orders.date_ordered]
[parameters: ('PENDING',)]
(Background on this error at: https://sqlalche.me/e/20/e3q8)
‚ùå WebSocket disconnected from channel: kitchen_display
‚úÖ WebSocket connected to channel: kitchen_display
‚ùå WebSocket error in kitchen display: (sqlite3.OperationalError) no such column: orders.display_id
[SQL: SELECT orders.id AS orders_id, orders.display_id AS orders_display_id, orders.ref_code AS orders_ref_code, orders.user_id AS orders_user_id, orders.customer_name AS orders_customer_name, orders.status AS orders_status, orders.date_ordered AS orders_date_ordered, orders.date_preparing AS orders_date_preparing, orders.date_ready AS orders_date_ready, orders.date_complete AS orders_date_complete, orders.last_status_change AS orders_last_status_change 
FROM orders 
WHERE orders.status = ? ORDER BY orders.date_ordered]
[parameters: ('PENDING',)]
(Background on this error at: https://sqlalche.me/e/20/e3q8)
‚ùå WebSocket disconnected from channel: kitchen_display
INFO:     127.0.0.1:48770 - "GET /api/v1/operations/orders/ready HTTP/1.1" 500 Internal Server Error
ERROR:    Exception in ASGI application
Traceback (most recent call last):
  File "/home/utah/Desktop/olgFeast/fastapi_app/venv/lib/python3.13/site-packages/sqlalchemy/engine/base.py", line 1967, in _exec_single_context
    self.dialect.do_execute(
    ~~~~~~~~~~~~~~~~~~~~~~~^
        cursor, str_statement, effective_parameters, context
        ^^^^^^^^^^^^^^^^^^^^^^^^^^^^^^^^^^^^^^^^^^^^^^^^^^^^
    )
    ^
  File "/home/utah/Desktop/olgFeast/fastapi_app/venv/lib/python3.13/site-packages/sqlalchemy/engine/default.py", line 951, in do_execute
    cursor.execute(statement, parameters)
    ~~~~~~~~~~~~~~^^^^^^^^^^^^^^^^^^^^^^^
sqlite3.OperationalError: no such column: orders.display_id

The above exception was the direct cause of the following exception:

Traceback (most recent call last):
  File "/home/utah/Desktop/olgFeast/fastapi_app/venv/lib/python3.13/site-packages/uvicorn/protocols/http/httptools_impl.py", line 409, in run_asgi
    result = await app(  # type: ignore[func-returns-value]
             ^^^^^^^^^^^^^^^^^^^^^^^^^^^^^^^^^^^^^^^^^^^^^^
        self.scope, self.receive, self.send
        ^^^^^^^^^^^^^^^^^^^^^^^^^^^^^^^^^^^
    )
    ^
  File "/home/utah/Desktop/olgFeast/fastapi_app/venv/lib/python3.13/site-packages/uvicorn/middleware/proxy_headers.py", line 60, in __call__
    return await self.app(scope, receive, send)
           ^^^^^^^^^^^^^^^^^^^^^^^^^^^^^^^^^^^^
  File "/home/utah/Desktop/olgFeast/fastapi_app/venv/lib/python3.13/site-packages/fastapi/applications.py", line 1133, in __call__
    await super().__call__(scope, receive, send)
  File "/home/utah/Desktop/olgFeast/fastapi_app/venv/lib/python3.13/site-packages/starlette/applications.py", line 113, in __call__
    await self.middleware_stack(scope, receive, send)
  File "/home/utah/Desktop/olgFeast/fastapi_app/venv/lib/python3.13/site-packages/starlette/middleware/errors.py", line 186, in __call__
    raise exc
  File "/home/utah/Desktop/olgFeast/fastapi_app/venv/lib/python3.13/site-packages/starlette/middleware/errors.py", line 164, in __call__
    await self.app(scope, receive, _send)
  File "/home/utah/Desktop/olgFeast/fastapi_app/venv/lib/python3.13/site-packages/starlette/middleware/cors.py", line 93, in __call__
    await self.simple_response(scope, receive, send, request_headers=headers)
  File "/home/utah/Desktop/olgFeast/fastapi_app/venv/lib/python3.13/site-packages/starlette/middleware/cors.py", line 144, in simple_response
    await self.app(scope, receive, send)
  File "/home/utah/Desktop/olgFeast/fastapi_app/venv/lib/python3.13/site-packages/starlette/middleware/exceptions.py", line 63, in __call__
    await wrap_app_handling_exceptions(self.app, conn)(scope, receive, send)
  File "/home/utah/Desktop/olgFeast/fastapi_app/venv/lib/python3.13/site-packages/starlette/_exception_handler.py", line 53, in wrapped_app
    raise exc
  File "/home/utah/Desktop/olgFeast/fastapi_app/venv/lib/python3.13/site-packages/starlette/_exception_handler.py", line 42, in wrapped_app
    await app(scope, receive, sender)
  File "/home/utah/Desktop/olgFeast/fastapi_app/venv/lib/python3.13/site-packages/fastapi/middleware/asyncexitstack.py", line 18, in __call__
    await self.app(scope, receive, send)
  File "/home/utah/Desktop/olgFeast/fastapi_app/venv/lib/python3.13/site-packages/starlette/routing.py", line 716, in __call__
    await self.middleware_stack(scope, receive, send)
  File "/home/utah/Desktop/olgFeast/fastapi_app/venv/lib/python3.13/site-packages/starlette/routing.py", line 736, in app
    await route.handle(scope, receive, send)
  File "/home/utah/Desktop/olgFeast/fastapi_app/venv/lib/python3.13/site-packages/starlette/routing.py", line 290, in handle
    await self.app(scope, receive, send)
  File "/home/utah/Desktop/olgFeast/fastapi_app/venv/lib/python3.13/site-packages/fastapi/routing.py", line 123, in app
    await wrap_app_handling_exceptions(app, request)(scope, receive, send)
  File "/home/utah/Desktop/olgFeast/fastapi_app/venv/lib/python3.13/site-packages/starlette/_exception_handler.py", line 53, in wrapped_app
    raise exc
  File "/home/utah/Desktop/olgFeast/fastapi_app/venv/lib/python3.13/site-packages/starlette/_exception_handler.py", line 42, in wrapped_app
    await app(scope, receive, sender)
  File "/home/utah/Desktop/olgFeast/fastapi_app/venv/lib/python3.13/site-packages/fastapi/routing.py", line 109, in app
    response = await f(request)
               ^^^^^^^^^^^^^^^^
  File "/home/utah/Desktop/olgFeast/fastapi_app/venv/lib/python3.13/site-packages/fastapi/routing.py", line 387, in app
    raw_response = await run_endpoint_function(
                   ^^^^^^^^^^^^^^^^^^^^^^^^^^^^
    ...<3 lines>...
    )
    ^
  File "/home/utah/Desktop/olgFeast/fastapi_app/venv/lib/python3.13/site-packages/fastapi/routing.py", line 290, in run_endpoint_function
    return await run_in_threadpool(dependant.call, **values)
           ^^^^^^^^^^^^^^^^^^^^^^^^^^^^^^^^^^^^^^^^^^^^^^^^^
  File "/home/utah/Desktop/olgFeast/fastapi_app/venv/lib/python3.13/site-packages/starlette/concurrency.py", line 38, in run_in_threadpool
    return await anyio.to_thread.run_sync(func)
           ^^^^^^^^^^^^^^^^^^^^^^^^^^^^^^^^^^^^
  File "/home/utah/Desktop/olgFeast/fastapi_app/venv/lib/python3.13/site-packages/anyio/to_thread.py", line 56, in run_sync
    return await get_async_backend().run_sync_in_worker_thread(
           ^^^^^^^^^^^^^^^^^^^^^^^^^^^^^^^^^^^^^^^^^^^^^^^^^^^^
        func, args, abandon_on_cancel=abandon_on_cancel, limiter=limiter
        ^^^^^^^^^^^^^^^^^^^^^^^^^^^^^^^^^^^^^^^^^^^^^^^^^^^^^^^^^^^^^^^^
    )
    ^
  File "/home/utah/Desktop/olgFeast/fastapi_app/venv/lib/python3.13/site-packages/anyio/_backends/_asyncio.py", line 2485, in run_sync_in_worker_thread
    return await future
           ^^^^^^^^^^^^
  File "/home/utah/Desktop/olgFeast/fastapi_app/venv/lib/python3.13/site-packages/anyio/_backends/_asyncio.py", line 976, in run
    result = context.run(func, *args)
  File "/home/utah/Desktop/olgFeast/fastapi_app/app/api/v1/operations.py", line 86, in get_ready_orders
    ).filter(Order.status == OrderStatus.READY).order_by(Order.date_ordered).all()
                                                                             ~~~^^
  File "/home/utah/Desktop/olgFeast/fastapi_app/venv/lib/python3.13/site-packages/sqlalchemy/orm/query.py", line 2704, in all
    return self._iter().all()  # type: ignore
           ~~~~~~~~~~^^
  File "/home/utah/Desktop/olgFeast/fastapi_app/venv/lib/python3.13/site-packages/sqlalchemy/orm/query.py", line 2857, in _iter
    result: Union[ScalarResult[_T], Result[_T]] = self.session.execute(
                                                  ~~~~~~~~~~~~~~~~~~~~^
        statement,
        ^^^^^^^^^^
        params,
        ^^^^^^^
        execution_options={"_sa_orm_load_options": self.load_options},
        ^^^^^^^^^^^^^^^^^^^^^^^^^^^^^^^^^^^^^^^^^^^^^^^^^^^^^^^^^^^^^^
    )
    ^
  File "/home/utah/Desktop/olgFeast/fastapi_app/venv/lib/python3.13/site-packages/sqlalchemy/orm/session.py", line 2365, in execute
    return self._execute_internal(
           ~~~~~~~~~~~~~~~~~~~~~~^
        statement,
        ^^^^^^^^^^
    ...<4 lines>...
        _add_event=_add_event,
        ^^^^^^^^^^^^^^^^^^^^^^
    )
    ^
  File "/home/utah/Desktop/olgFeast/fastapi_app/venv/lib/python3.13/site-packages/sqlalchemy/orm/session.py", line 2251, in _execute_internal
    result: Result[Any] = compile_state_cls.orm_execute_statement(
                          ~~~~~~~~~~~~~~~~~~~~~~~~~~~~~~~~~~~~~~~^
        self,
        ^^^^^
    ...<4 lines>...
        conn,
        ^^^^^
    )
    ^
  File "/home/utah/Desktop/olgFeast/fastapi_app/venv/lib/python3.13/site-packages/sqlalchemy/orm/context.py", line 306, in orm_execute_statement
    result = conn.execute(
        statement, params or {}, execution_options=execution_options
    )
  File "/home/utah/Desktop/olgFeast/fastapi_app/venv/lib/python3.13/site-packages/sqlalchemy/engine/base.py", line 1419, in execute
    return meth(
        self,
        distilled_parameters,
        execution_options or NO_OPTIONS,
    )
  File "/home/utah/Desktop/olgFeast/fastapi_app/venv/lib/python3.13/site-packages/sqlalchemy/sql/elements.py", line 526, in _execute_on_connection
    return connection._execute_clauseelement(
           ~~~~~~~~~~~~~~~~~~~~~~~~~~~~~~~~~^
        self, distilled_params, execution_options
        ^^^^^^^^^^^^^^^^^^^^^^^^^^^^^^^^^^^^^^^^^
    )
    ^
  File "/home/utah/Desktop/olgFeast/fastapi_app/venv/lib/python3.13/site-packages/sqlalchemy/engine/base.py", line 1641, in _execute_clauseelement
    ret = self._execute_context(
        dialect,
    ...<8 lines>...
        cache_hit=cache_hit,
    )
  File "/home/utah/Desktop/olgFeast/fastapi_app/venv/lib/python3.13/site-packages/sqlalchemy/engine/base.py", line 1846, in _execute_context
    return self._exec_single_context(
           ~~~~~~~~~~~~~~~~~~~~~~~~~^
        dialect, context, statement, parameters
        ^^^^^^^^^^^^^^^^^^^^^^^^^^^^^^^^^^^^^^^
    )
    ^
  File "/home/utah/Desktop/olgFeast/fastapi_app/venv/lib/python3.13/site-packages/sqlalchemy/engine/base.py", line 1986, in _exec_single_context
    self._handle_dbapi_exception(
    ~~~~~~~~~~~~~~~~~~~~~~~~~~~~^
        e, str_statement, effective_parameters, cursor, context
        ^^^^^^^^^^^^^^^^^^^^^^^^^^^^^^^^^^^^^^^^^^^^^^^^^^^^^^^
    )
    ^
  File "/home/utah/Desktop/olgFeast/fastapi_app/venv/lib/python3.13/site-packages/sqlalchemy/engine/base.py", line 2355, in _handle_dbapi_exception
    raise sqlalchemy_exception.with_traceback(exc_info[2]) from e
  File "/home/utah/Desktop/olgFeast/fastapi_app/venv/lib/python3.13/site-packages/sqlalchemy/engine/base.py", line 1967, in _exec_single_context
    self.dialect.do_execute(
    ~~~~~~~~~~~~~~~~~~~~~~~^
        cursor, str_statement, effective_parameters, context
        ^^^^^^^^^^^^^^^^^^^^^^^^^^^^^^^^^^^^^^^^^^^^^^^^^^^^
    )
    ^
  File "/home/utah/Desktop/olgFeast/fastapi_app/venv/lib/python3.13/site-packages/sqlalchemy/engine/default.py", line 951, in do_execute
    cursor.execute(statement, parameters)
    ~~~~~~~~~~~~~~^^^^^^^^^^^^^^^^^^^^^^^
sqlalchemy.exc.OperationalError: (sqlite3.OperationalError) no such column: orders.display_id
[SQL: SELECT orders.id AS orders_id, orders.display_id AS orders_display_id, orders.ref_code AS orders_ref_code, orders.user_id AS orders_user_id, orders.customer_name AS orders_customer_name, orders.status AS orders_status, orders.date_ordered AS orders_date_ordered, orders.date_preparing AS orders_date_preparing, orders.date_ready AS orders_date_ready, orders.date_complete AS orders_date_complete, orders.last_status_change AS orders_last_status_change, food_items_1.id AS food_items_1_id, food_items_1.food_group AS food_items_1_food_group, food_items_1.name AS food_items_1_name, food_items_1.value AS food_items_1_value, food_items_1.ticket AS food_items_1_ticket, food_items_1.description AS food_items_1_description, food_items_1.is_available AS food_items_1_is_available, food_items_1.created_at AS food_items_1_created_at, food_items_1.updated_at AS food_items_1_updated_at, order_items_1.id AS order_items_1_id, order_items_1.order_id AS order_items_1_order_id, order_items_1.food_item_id AS order_items_1_food_item_id, order_items_1.quantity AS order_items_1_quantity, order_items_1.created_at AS order_items_1_created_at 
FROM orders LEFT OUTER JOIN order_items AS order_items_1 ON orders.id = order_items_1.order_id LEFT OUTER JOIN food_items AS food_items_1 ON food_items_1.id = order_items_1.food_item_id 
WHERE orders.status = ? ORDER BY orders.date_ordered]
[parameters: ('READY',)]
(Background on this error at: https://sqlalche.me/e/20/e3q8)
INFO:     127.0.0.1:48766 - "GET /api/v1/operations/orders/preparing HTTP/1.1" 500 Internal Server Error
ERROR:    Exception in ASGI application
Traceback (most recent call last):
  File "/home/utah/Desktop/olgFeast/fastapi_app/venv/lib/python3.13/site-packages/sqlalchemy/engine/base.py", line 1967, in _exec_single_context
    self.dialect.do_execute(
    ~~~~~~~~~~~~~~~~~~~~~~~^
        cursor, str_statement, effective_parameters, context
        ^^^^^^^^^^^^^^^^^^^^^^^^^^^^^^^^^^^^^^^^^^^^^^^^^^^^
    )
    ^
  File "/home/utah/Desktop/olgFeast/fastapi_app/venv/lib/python3.13/site-packages/sqlalchemy/engine/default.py", line 951, in do_execute
    cursor.execute(statement, parameters)
    ~~~~~~~~~~~~~~^^^^^^^^^^^^^^^^^^^^^^^
sqlite3.OperationalError: no such column: orders.display_id

The above exception was the direct cause of the following exception:

Traceback (most recent call last):
  File "/home/utah/Desktop/olgFeast/fastapi_app/venv/lib/python3.13/site-packages/uvicorn/protocols/http/httptools_impl.py", line 409, in run_asgi
    result = await app(  # type: ignore[func-returns-value]
             ^^^^^^^^^^^^^^^^^^^^^^^^^^^^^^^^^^^^^^^^^^^^^^
        self.scope, self.receive, self.send
        ^^^^^^^^^^^^^^^^^^^^^^^^^^^^^^^^^^^
    )
    ^
  File "/home/utah/Desktop/olgFeast/fastapi_app/venv/lib/python3.13/site-packages/uvicorn/middleware/proxy_headers.py", line 60, in __call__
    return await self.app(scope, receive, send)
           ^^^^^^^^^^^^^^^^^^^^^^^^^^^^^^^^^^^^
  File "/home/utah/Desktop/olgFeast/fastapi_app/venv/lib/python3.13/site-packages/fastapi/applications.py", line 1133, in __call__
    await super().__call__(scope, receive, send)
  File "/home/utah/Desktop/olgFeast/fastapi_app/venv/lib/python3.13/site-packages/starlette/applications.py", line 113, in __call__
    await self.middleware_stack(scope, receive, send)
  File "/home/utah/Desktop/olgFeast/fastapi_app/venv/lib/python3.13/site-packages/starlette/middleware/errors.py", line 186, in __call__
    raise exc
  File "/home/utah/Desktop/olgFeast/fastapi_app/venv/lib/python3.13/site-packages/starlette/middleware/errors.py", line 164, in __call__
    await self.app(scope, receive, _send)
  File "/home/utah/Desktop/olgFeast/fastapi_app/venv/lib/python3.13/site-packages/starlette/middleware/cors.py", line 93, in __call__
    await self.simple_response(scope, receive, send, request_headers=headers)
  File "/home/utah/Desktop/olgFeast/fastapi_app/venv/lib/python3.13/site-packages/starlette/middleware/cors.py", line 144, in simple_response
    await self.app(scope, receive, send)
  File "/home/utah/Desktop/olgFeast/fastapi_app/venv/lib/python3.13/site-packages/starlette/middleware/exceptions.py", line 63, in __call__
    await wrap_app_handling_exceptions(self.app, conn)(scope, receive, send)
  File "/home/utah/Desktop/olgFeast/fastapi_app/venv/lib/python3.13/site-packages/starlette/_exception_handler.py", line 53, in wrapped_app
    raise exc
  File "/home/utah/Desktop/olgFeast/fastapi_app/venv/lib/python3.13/site-packages/starlette/_exception_handler.py", line 42, in wrapped_app
    await app(scope, receive, sender)
  File "/home/utah/Desktop/olgFeast/fastapi_app/venv/lib/python3.13/site-packages/fastapi/middleware/asyncexitstack.py", line 18, in __call__
    await self.app(scope, receive, send)
  File "/home/utah/Desktop/olgFeast/fastapi_app/venv/lib/python3.13/site-packages/starlette/routing.py", line 716, in __call__
    await self.middleware_stack(scope, receive, send)
  File "/home/utah/Desktop/olgFeast/fastapi_app/venv/lib/python3.13/site-packages/starlette/routing.py", line 736, in app
    await route.handle(scope, receive, send)
  File "/home/utah/Desktop/olgFeast/fastapi_app/venv/lib/python3.13/site-packages/starlette/routing.py", line 290, in handle
    await self.app(scope, receive, send)
  File "/home/utah/Desktop/olgFeast/fastapi_app/venv/lib/python3.13/site-packages/fastapi/routing.py", line 123, in app
    await wrap_app_handling_exceptions(app, request)(scope, receive, send)
  File "/home/utah/Desktop/olgFeast/fastapi_app/venv/lib/python3.13/site-packages/starlette/_exception_handler.py", line 53, in wrapped_app
    raise exc
  File "/home/utah/Desktop/olgFeast/fastapi_app/venv/lib/python3.13/site-packages/starlette/_exception_handler.py", line 42, in wrapped_app
    await app(scope, receive, sender)
  File "/home/utah/Desktop/olgFeast/fastapi_app/venv/lib/python3.13/site-packages/fastapi/routing.py", line 109, in app
    response = await f(request)
               ^^^^^^^^^^^^^^^^
  File "/home/utah/Desktop/olgFeast/fastapi_app/venv/lib/python3.13/site-packages/fastapi/routing.py", line 387, in app
    raw_response = await run_endpoint_function(
                   ^^^^^^^^^^^^^^^^^^^^^^^^^^^^
    ...<3 lines>...
    )
    ^
  File "/home/utah/Desktop/olgFeast/fastapi_app/venv/lib/python3.13/site-packages/fastapi/routing.py", line 290, in run_endpoint_function
    return await run_in_threadpool(dependant.call, **values)
           ^^^^^^^^^^^^^^^^^^^^^^^^^^^^^^^^^^^^^^^^^^^^^^^^^
  File "/home/utah/Desktop/olgFeast/fastapi_app/venv/lib/python3.13/site-packages/starlette/concurrency.py", line 38, in run_in_threadpool
    return await anyio.to_thread.run_sync(func)
           ^^^^^^^^^^^^^^^^^^^^^^^^^^^^^^^^^^^^
  File "/home/utah/Desktop/olgFeast/fastapi_app/venv/lib/python3.13/site-packages/anyio/to_thread.py", line 56, in run_sync
    return await get_async_backend().run_sync_in_worker_thread(
           ^^^^^^^^^^^^^^^^^^^^^^^^^^^^^^^^^^^^^^^^^^^^^^^^^^^^
        func, args, abandon_on_cancel=abandon_on_cancel, limiter=limiter
        ^^^^^^^^^^^^^^^^^^^^^^^^^^^^^^^^^^^^^^^^^^^^^^^^^^^^^^^^^^^^^^^^
    )
    ^
  File "/home/utah/Desktop/olgFeast/fastapi_app/venv/lib/python3.13/site-packages/anyio/_backends/_asyncio.py", line 2485, in run_sync_in_worker_thread
    return await future
           ^^^^^^^^^^^^
  File "/home/utah/Desktop/olgFeast/fastapi_app/venv/lib/python3.13/site-packages/anyio/_backends/_asyncio.py", line 976, in run
    result = context.run(func, *args)
  File "/home/utah/Desktop/olgFeast/fastapi_app/app/api/v1/operations.py", line 74, in get_preparing_orders
    ).filter(Order.status == OrderStatus.PREPARING).order_by(Order.date_ordered).all()
                                                                                 ~~~^^
  File "/home/utah/Desktop/olgFeast/fastapi_app/venv/lib/python3.13/site-packages/sqlalchemy/orm/query.py", line 2704, in all
    return self._iter().all()  # type: ignore
           ~~~~~~~~~~^^
  File "/home/utah/Desktop/olgFeast/fastapi_app/venv/lib/python3.13/site-packages/sqlalchemy/orm/query.py", line 2857, in _iter
    result: Union[ScalarResult[_T], Result[_T]] = self.session.execute(
                                                  ~~~~~~~~~~~~~~~~~~~~^
        statement,
        ^^^^^^^^^^
        params,
        ^^^^^^^
        execution_options={"_sa_orm_load_options": self.load_options},
        ^^^^^^^^^^^^^^^^^^^^^^^^^^^^^^^^^^^^^^^^^^^^^^^^^^^^^^^^^^^^^^
    )
    ^
  File "/home/utah/Desktop/olgFeast/fastapi_app/venv/lib/python3.13/site-packages/sqlalchemy/orm/session.py", line 2365, in execute
    return self._execute_internal(
           ~~~~~~~~~~~~~~~~~~~~~~^
        statement,
        ^^^^^^^^^^
    ...<4 lines>...
        _add_event=_add_event,
        ^^^^^^^^^^^^^^^^^^^^^^
    )
    ^
  File "/home/utah/Desktop/olgFeast/fastapi_app/venv/lib/python3.13/site-packages/sqlalchemy/orm/session.py", line 2251, in _execute_internal
    result: Result[Any] = compile_state_cls.orm_execute_statement(
                          ~~~~~~~~~~~~~~~~~~~~~~~~~~~~~~~~~~~~~~~^
        self,
        ^^^^^
    ...<4 lines>...
        conn,
        ^^^^^
    )
    ^
  File "/home/utah/Desktop/olgFeast/fastapi_app/venv/lib/python3.13/site-packages/sqlalchemy/orm/context.py", line 306, in orm_execute_statement
    result = conn.execute(
        statement, params or {}, execution_options=execution_options
    )
  File "/home/utah/Desktop/olgFeast/fastapi_app/venv/lib/python3.13/site-packages/sqlalchemy/engine/base.py", line 1419, in execute
    return meth(
        self,
        distilled_parameters,
        execution_options or NO_OPTIONS,
    )
  File "/home/utah/Desktop/olgFeast/fastapi_app/venv/lib/python3.13/site-packages/sqlalchemy/sql/elements.py", line 526, in _execute_on_connection
    return connection._execute_clauseelement(
           ~~~~~~~~~~~~~~~~~~~~~~~~~~~~~~~~~^
        self, distilled_params, execution_options
        ^^^^^^^^^^^^^^^^^^^^^^^^^^^^^^^^^^^^^^^^^
    )
    ^
  File "/home/utah/Desktop/olgFeast/fastapi_app/venv/lib/python3.13/site-packages/sqlalchemy/engine/base.py", line 1641, in _execute_clauseelement
    ret = self._execute_context(
        dialect,
    ...<8 lines>...
        cache_hit=cache_hit,
    )
  File "/home/utah/Desktop/olgFeast/fastapi_app/venv/lib/python3.13/site-packages/sqlalchemy/engine/base.py", line 1846, in _execute_context
    return self._exec_single_context(
           ~~~~~~~~~~~~~~~~~~~~~~~~~^
        dialect, context, statement, parameters
        ^^^^^^^^^^^^^^^^^^^^^^^^^^^^^^^^^^^^^^^
    )
    ^
  File "/home/utah/Desktop/olgFeast/fastapi_app/venv/lib/python3.13/site-packages/sqlalchemy/engine/base.py", line 1986, in _exec_single_context
    self._handle_dbapi_exception(
    ~~~~~~~~~~~~~~~~~~~~~~~~~~~~^
        e, str_statement, effective_parameters, cursor, context
        ^^^^^^^^^^^^^^^^^^^^^^^^^^^^^^^^^^^^^^^^^^^^^^^^^^^^^^^
    )
    ^
  File "/home/utah/Desktop/olgFeast/fastapi_app/venv/lib/python3.13/site-packages/sqlalchemy/engine/base.py", line 2355, in _handle_dbapi_exception
    raise sqlalchemy_exception.with_traceback(exc_info[2]) from e
  File "/home/utah/Desktop/olgFeast/fastapi_app/venv/lib/python3.13/site-packages/sqlalchemy/engine/base.py", line 1967, in _exec_single_context
    self.dialect.do_execute(
    ~~~~~~~~~~~~~~~~~~~~~~~^
        cursor, str_statement, effective_parameters, context
        ^^^^^^^^^^^^^^^^^^^^^^^^^^^^^^^^^^^^^^^^^^^^^^^^^^^^
    )
    ^
  File "/home/utah/Desktop/olgFeast/fastapi_app/venv/lib/python3.13/site-packages/sqlalchemy/engine/default.py", line 951, in do_execute
    cursor.execute(statement, parameters)
    ~~~~~~~~~~~~~~^^^^^^^^^^^^^^^^^^^^^^^
sqlalchemy.exc.OperationalError: (sqlite3.OperationalError) no such column: orders.display_id
[SQL: SELECT orders.id AS orders_id, orders.display_id AS orders_display_id, orders.ref_code AS orders_ref_code, orders.user_id AS orders_user_id, orders.customer_name AS orders_customer_name, orders.status AS orders_status, orders.date_ordered AS orders_date_ordered, orders.date_preparing AS orders_date_preparing, orders.date_ready AS orders_date_ready, orders.date_complete AS orders_date_complete, orders.last_status_change AS orders_last_status_change, food_items_1.id AS food_items_1_id, food_items_1.food_group AS food_items_1_food_group, food_items_1.name AS food_items_1_name, food_items_1.value AS food_items_1_value, food_items_1.ticket AS food_items_1_ticket, food_items_1.description AS food_items_1_description, food_items_1.is_available AS food_items_1_is_available, food_items_1.created_at AS food_items_1_created_at, food_items_1.updated_at AS food_items_1_updated_at, order_items_1.id AS order_items_1_id, order_items_1.order_id AS order_items_1_order_id, order_items_1.food_item_id AS order_items_1_food_item_id, order_items_1.quantity AS order_items_1_quantity, order_items_1.created_at AS order_items_1_created_at 
FROM orders LEFT OUTER JOIN order_items AS order_items_1 ON orders.id = order_items_1.order_id LEFT OUTER JOIN food_items AS food_items_1 ON food_items_1.id = order_items_1.food_item_id 
WHERE orders.status = ? ORDER BY orders.date_ordered]
[parameters: ('PREPARING',)]
(Background on this error at: https://sqlalche.me/e/20/e3q8)
INFO:     127.0.0.1:48764 - "GET /api/v1/operations/orders/pending HTTP/1.1" 500 Internal Server Error
ERROR:    Exception in ASGI application
Traceback (most recent call last):
  File "/home/utah/Desktop/olgFeast/fastapi_app/venv/lib/python3.13/site-packages/sqlalchemy/engine/base.py", line 1967, in _exec_single_context
    self.dialect.do_execute(
    ~~~~~~~~~~~~~~~~~~~~~~~^
        cursor, str_statement, effective_parameters, context
        ^^^^^^^^^^^^^^^^^^^^^^^^^^^^^^^^^^^^^^^^^^^^^^^^^^^^
    )
    ^
  File "/home/utah/Desktop/olgFeast/fastapi_app/venv/lib/python3.13/site-packages/sqlalchemy/engine/default.py", line 951, in do_execute
    cursor.execute(statement, parameters)
    ~~~~~~~~~~~~~~^^^^^^^^^^^^^^^^^^^^^^^
sqlite3.OperationalError: no such column: orders.display_id

The above exception was the direct cause of the following exception:

Traceback (most recent call last):
  File "/home/utah/Desktop/olgFeast/fastapi_app/venv/lib/python3.13/site-packages/uvicorn/protocols/http/httptools_impl.py", line 409, in run_asgi
    result = await app(  # type: ignore[func-returns-value]
             ^^^^^^^^^^^^^^^^^^^^^^^^^^^^^^^^^^^^^^^^^^^^^^
        self.scope, self.receive, self.send
        ^^^^^^^^^^^^^^^^^^^^^^^^^^^^^^^^^^^
    )
    ^
  File "/home/utah/Desktop/olgFeast/fastapi_app/venv/lib/python3.13/site-packages/uvicorn/middleware/proxy_headers.py", line 60, in __call__
    return await self.app(scope, receive, send)
           ^^^^^^^^^^^^^^^^^^^^^^^^^^^^^^^^^^^^
  File "/home/utah/Desktop/olgFeast/fastapi_app/venv/lib/python3.13/site-packages/fastapi/applications.py", line 1133, in __call__
    await super().__call__(scope, receive, send)
  File "/home/utah/Desktop/olgFeast/fastapi_app/venv/lib/python3.13/site-packages/starlette/applications.py", line 113, in __call__
    await self.middleware_stack(scope, receive, send)
  File "/home/utah/Desktop/olgFeast/fastapi_app/venv/lib/python3.13/site-packages/starlette/middleware/errors.py", line 186, in __call__
    raise exc
  File "/home/utah/Desktop/olgFeast/fastapi_app/venv/lib/python3.13/site-packages/starlette/middleware/errors.py", line 164, in __call__
    await self.app(scope, receive, _send)
  File "/home/utah/Desktop/olgFeast/fastapi_app/venv/lib/python3.13/site-packages/starlette/middleware/cors.py", line 93, in __call__
    await self.simple_response(scope, receive, send, request_headers=headers)
  File "/home/utah/Desktop/olgFeast/fastapi_app/venv/lib/python3.13/site-packages/starlette/middleware/cors.py", line 144, in simple_response
    await self.app(scope, receive, send)
  File "/home/utah/Desktop/olgFeast/fastapi_app/venv/lib/python3.13/site-packages/starlette/middleware/exceptions.py", line 63, in __call__
    await wrap_app_handling_exceptions(self.app, conn)(scope, receive, send)
  File "/home/utah/Desktop/olgFeast/fastapi_app/venv/lib/python3.13/site-packages/starlette/_exception_handler.py", line 53, in wrapped_app
    raise exc
  File "/home/utah/Desktop/olgFeast/fastapi_app/venv/lib/python3.13/site-packages/starlette/_exception_handler.py", line 42, in wrapped_app
    await app(scope, receive, sender)
  File "/home/utah/Desktop/olgFeast/fastapi_app/venv/lib/python3.13/site-packages/fastapi/middleware/asyncexitstack.py", line 18, in __call__
    await self.app(scope, receive, send)
  File "/home/utah/Desktop/olgFeast/fastapi_app/venv/lib/python3.13/site-packages/starlette/routing.py", line 716, in __call__
    await self.middleware_stack(scope, receive, send)
  File "/home/utah/Desktop/olgFeast/fastapi_app/venv/lib/python3.13/site-packages/starlette/routing.py", line 736, in app
    await route.handle(scope, receive, send)
  File "/home/utah/Desktop/olgFeast/fastapi_app/venv/lib/python3.13/site-packages/starlette/routing.py", line 290, in handle
    await self.app(scope, receive, send)
  File "/home/utah/Desktop/olgFeast/fastapi_app/venv/lib/python3.13/site-packages/fastapi/routing.py", line 123, in app
    await wrap_app_handling_exceptions(app, request)(scope, receive, send)
  File "/home/utah/Desktop/olgFeast/fastapi_app/venv/lib/python3.13/site-packages/starlette/_exception_handler.py", line 53, in wrapped_app
    raise exc
  File "/home/utah/Desktop/olgFeast/fastapi_app/venv/lib/python3.13/site-packages/starlette/_exception_handler.py", line 42, in wrapped_app
    await app(scope, receive, sender)
  File "/home/utah/Desktop/olgFeast/fastapi_app/venv/lib/python3.13/site-packages/fastapi/routing.py", line 109, in app
    response = await f(request)
               ^^^^^^^^^^^^^^^^
  File "/home/utah/Desktop/olgFeast/fastapi_app/venv/lib/python3.13/site-packages/fastapi/routing.py", line 387, in app
    raw_response = await run_endpoint_function(
                   ^^^^^^^^^^^^^^^^^^^^^^^^^^^^
    ...<3 lines>...
    )
    ^
  File "/home/utah/Desktop/olgFeast/fastapi_app/venv/lib/python3.13/site-packages/fastapi/routing.py", line 290, in run_endpoint_function
    return await run_in_threadpool(dependant.call, **values)
           ^^^^^^^^^^^^^^^^^^^^^^^^^^^^^^^^^^^^^^^^^^^^^^^^^
  File "/home/utah/Desktop/olgFeast/fastapi_app/venv/lib/python3.13/site-packages/starlette/concurrency.py", line 38, in run_in_threadpool
    return await anyio.to_thread.run_sync(func)
           ^^^^^^^^^^^^^^^^^^^^^^^^^^^^^^^^^^^^
  File "/home/utah/Desktop/olgFeast/fastapi_app/venv/lib/python3.13/site-packages/anyio/to_thread.py", line 56, in run_sync
    return await get_async_backend().run_sync_in_worker_thread(
           ^^^^^^^^^^^^^^^^^^^^^^^^^^^^^^^^^^^^^^^^^^^^^^^^^^^^
        func, args, abandon_on_cancel=abandon_on_cancel, limiter=limiter
        ^^^^^^^^^^^^^^^^^^^^^^^^^^^^^^^^^^^^^^^^^^^^^^^^^^^^^^^^^^^^^^^^
    )
    ^
  File "/home/utah/Desktop/olgFeast/fastapi_app/venv/lib/python3.13/site-packages/anyio/_backends/_asyncio.py", line 2485, in run_sync_in_worker_thread
    return await future
           ^^^^^^^^^^^^
  File "/home/utah/Desktop/olgFeast/fastapi_app/venv/lib/python3.13/site-packages/anyio/_backends/_asyncio.py", line 976, in run
    result = context.run(func, *args)
  File "/home/utah/Desktop/olgFeast/fastapi_app/app/api/v1/operations.py", line 62, in get_pending_orders
    ).filter(Order.status == OrderStatus.PENDING).order_by(Order.date_ordered).all()
                                                                               ~~~^^
  File "/home/utah/Desktop/olgFeast/fastapi_app/venv/lib/python3.13/site-packages/sqlalchemy/orm/query.py", line 2704, in all
    return self._iter().all()  # type: ignore
           ~~~~~~~~~~^^
  File "/home/utah/Desktop/olgFeast/fastapi_app/venv/lib/python3.13/site-packages/sqlalchemy/orm/query.py", line 2857, in _iter
    result: Union[ScalarResult[_T], Result[_T]] = self.session.execute(
                                                  ~~~~~~~~~~~~~~~~~~~~^
        statement,
        ^^^^^^^^^^
        params,
        ^^^^^^^
        execution_options={"_sa_orm_load_options": self.load_options},
        ^^^^^^^^^^^^^^^^^^^^^^^^^^^^^^^^^^^^^^^^^^^^^^^^^^^^^^^^^^^^^^
    )
    ^
  File "/home/utah/Desktop/olgFeast/fastapi_app/venv/lib/python3.13/site-packages/sqlalchemy/orm/session.py", line 2365, in execute
    return self._execute_internal(
           ~~~~~~~~~~~~~~~~~~~~~~^
        statement,
        ^^^^^^^^^^
    ...<4 lines>...
        _add_event=_add_event,
        ^^^^^^^^^^^^^^^^^^^^^^
    )
    ^
  File "/home/utah/Desktop/olgFeast/fastapi_app/venv/lib/python3.13/site-packages/sqlalchemy/orm/session.py", line 2251, in _execute_internal
    result: Result[Any] = compile_state_cls.orm_execute_statement(
                          ~~~~~~~~~~~~~~~~~~~~~~~~~~~~~~~~~~~~~~~^
        self,
        ^^^^^
    ...<4 lines>...
        conn,
        ^^^^^
    )
    ^
  File "/home/utah/Desktop/olgFeast/fastapi_app/venv/lib/python3.13/site-packages/sqlalchemy/orm/context.py", line 306, in orm_execute_statement
    result = conn.execute(
        statement, params or {}, execution_options=execution_options
    )
  File "/home/utah/Desktop/olgFeast/fastapi_app/venv/lib/python3.13/site-packages/sqlalchemy/engine/base.py", line 1419, in execute
    return meth(
        self,
        distilled_parameters,
        execution_options or NO_OPTIONS,
    )
  File "/home/utah/Desktop/olgFeast/fastapi_app/venv/lib/python3.13/site-packages/sqlalchemy/sql/elements.py", line 526, in _execute_on_connection
    return connection._execute_clauseelement(
           ~~~~~~~~~~~~~~~~~~~~~~~~~~~~~~~~~^
        self, distilled_params, execution_options
        ^^^^^^^^^^^^^^^^^^^^^^^^^^^^^^^^^^^^^^^^^
    )
    ^
  File "/home/utah/Desktop/olgFeast/fastapi_app/venv/lib/python3.13/site-packages/sqlalchemy/engine/base.py", line 1641, in _execute_clauseelement
    ret = self._execute_context(
        dialect,
    ...<8 lines>...
        cache_hit=cache_hit,
    )
  File "/home/utah/Desktop/olgFeast/fastapi_app/venv/lib/python3.13/site-packages/sqlalchemy/engine/base.py", line 1846, in _execute_context
    return self._exec_single_context(
           ~~~~~~~~~~~~~~~~~~~~~~~~~^
        dialect, context, statement, parameters
        ^^^^^^^^^^^^^^^^^^^^^^^^^^^^^^^^^^^^^^^
    )
    ^
  File "/home/utah/Desktop/olgFeast/fastapi_app/venv/lib/python3.13/site-packages/sqlalchemy/engine/base.py", line 1986, in _exec_single_context
    self._handle_dbapi_exception(
    ~~~~~~~~~~~~~~~~~~~~~~~~~~~~^
        e, str_statement, effective_parameters, cursor, context
        ^^^^^^^^^^^^^^^^^^^^^^^^^^^^^^^^^^^^^^^^^^^^^^^^^^^^^^^
    )
    ^
  File "/home/utah/Desktop/olgFeast/fastapi_app/venv/lib/python3.13/site-packages/sqlalchemy/engine/base.py", line 2355, in _handle_dbapi_exception
    raise sqlalchemy_exception.with_traceback(exc_info[2]) from e
  File "/home/utah/Desktop/olgFeast/fastapi_app/venv/lib/python3.13/site-packages/sqlalchemy/engine/base.py", line 1967, in _exec_single_context
    self.dialect.do_execute(
    ~~~~~~~~~~~~~~~~~~~~~~~^
        cursor, str_statement, effective_parameters, context
        ^^^^^^^^^^^^^^^^^^^^^^^^^^^^^^^^^^^^^^^^^^^^^^^^^^^^
    )
    ^
  File "/home/utah/Desktop/olgFeast/fastapi_app/venv/lib/python3.13/site-packages/sqlalchemy/engine/default.py", line 951, in do_execute
    cursor.execute(statement, parameters)
    ~~~~~~~~~~~~~~^^^^^^^^^^^^^^^^^^^^^^^
sqlalchemy.exc.OperationalError: (sqlite3.OperationalError) no such column: orders.display_id
[SQL: SELECT orders.id AS orders_id, orders.display_id AS orders_display_id, orders.ref_code AS orders_ref_code, orders.user_id AS orders_user_id, orders.customer_name AS orders_customer_name, orders.status AS orders_status, orders.date_ordered AS orders_date_ordered, orders.date_preparing AS orders_date_preparing, orders.date_ready AS orders_date_ready, orders.date_complete AS orders_date_complete, orders.last_status_change AS orders_last_status_change, food_items_1.id AS food_items_1_id, food_items_1.food_group AS food_items_1_food_group, food_items_1.name AS food_items_1_name, food_items_1.value AS food_items_1_value, food_items_1.ticket AS food_items_1_ticket, food_items_1.description AS food_items_1_description, food_items_1.is_available AS food_items_1_is_available, food_items_1.created_at AS food_items_1_created_at, food_items_1.updated_at AS food_items_1_updated_at, order_items_1.id AS order_items_1_id, order_items_1.order_id AS order_items_1_order_id, order_items_1.food_item_id AS order_items_1_food_item_id, order_items_1.quantity AS order_items_1_quantity, order_items_1.created_at AS order_items_1_created_at 
FROM orders LEFT OUTER JOIN order_items AS order_items_1 ON orders.id = order_items_1.order_id LEFT OUTER JOIN food_items AS food_items_1 ON food_items_1.id = order_items_1.food_item_id 
WHERE orders.status = ? ORDER BY orders.date_ordered]
[parameters: ('PENDING',)]
(Background on this error at: https://sqlalche.me/e/20/e3q8)
INFO:     connection closed
INFO:     127.0.0.1:48772 - "GET /api/v1/menu/items/groups HTTP/1.1" 200 OK
INFO:     127.0.0.1:48772 - "GET /api/v1/menu/items/groups HTTP/1.1" 200 OK
INFO:     127.0.0.1:48772 - "OPTIONS /api/v1/cart/items HTTP/1.1" 200 OK
INFO:     127.0.0.1:48786 - "POST /api/v1/cart/items HTTP/1.1" 200 OK
INFO:     127.0.0.1:48786 - "POST /api/v1/cart/items HTTP/1.1" 200 OK
INFO:     127.0.0.1:48786 - "GET /api/v1/cart/items HTTP/1.1" 200 OK
INFO:     127.0.0.1:48786 - "GET /api/v1/cart/items HTTP/1.1" 200 OK
INFO:     127.0.0.1:48786 - "GET /api/v1/cart/items HTTP/1.1" 200 OK
INFO:     127.0.0.1:48786 - "GET /api/v1/cart/items HTTP/1.1" 200 OK
INFO:     127.0.0.1:48786 - "OPTIONS /api/v1/orders/checkout HTTP/1.1" 200 OK
Failed to create order for user 3: (sqlite3.OperationalError) no such column: orders.display_id
[SQL: SELECT orders.id AS orders_id, orders.display_id AS orders_display_id, orders.ref_code AS orders_ref_code, orders.user_id AS orders_user_id, orders.customer_name AS orders_customer_name, orders.status AS orders_status, orders.date_ordered AS orders_date_ordered, orders.date_preparing AS orders_date_preparing, orders.date_ready AS orders_date_ready, orders.date_complete AS orders_date_complete, orders.last_status_change AS orders_last_status_change 
FROM orders 
WHERE orders.ref_code = ?
 LIMIT ? OFFSET ?]
[parameters: ('tuegb9ny4w0oa2hg', 1, 0)]
(Background on this error at: https://sqlalche.me/e/20/e3q8)
INFO:     127.0.0.1:44686 - "POST /api/v1/orders/checkout HTTP/1.1" 400 Bad Request
INFO:     127.0.0.1:44686 - "GET /api/v1/cart/items HTTP/1.1" 200 OK
INFO:     127.0.0.1:44686 - "GET /api/v1/cart/items HTTP/1.1" 200 OK
INFO:     127.0.0.1:44686 - "GET /api/v1/cart/items HTTP/1.1" 200 OK
INFO:     127.0.0.1:44686 - "GET /api/v1/cart/items HTTP/1.1" 200 OK
Failed to create order for user 3: (sqlite3.OperationalError) no such column: orders.display_id
[SQL: SELECT orders.id AS orders_id, orders.display_id AS orders_display_id, orders.ref_code AS orders_ref_code, orders.user_id AS orders_user_id, orders.customer_name AS orders_customer_name, orders.status AS orders_status, orders.date_ordered AS orders_date_ordered, orders.date_preparing AS orders_date_preparing, orders.date_ready AS orders_date_ready, orders.date_complete AS orders_date_complete, orders.last_status_change AS orders_last_status_change 
FROM orders 
WHERE orders.ref_code = ?
 LIMIT ? OFFSET ?]
[parameters: ('qw6wwqezy1c3h4gq', 1, 0)]
(Background on this error at: https://sqlalche.me/e/20/e3q8)
INFO:     127.0.0.1:44686 - "POST /api/v1/orders/checkout HTTP/1.1" 400 Bad Request
Failed to create order for user 3: (sqlite3.OperationalError) no such column: orders.display_id
[SQL: SELECT orders.id AS orders_id, orders.display_id AS orders_display_id, orders.ref_code AS orders_ref_code, orders.user_id AS orders_user_id, orders.customer_name AS orders_customer_name, orders.status AS orders_status, orders.date_ordered AS orders_date_ordered, orders.date_preparing AS orders_date_preparing, orders.date_ready AS orders_date_ready, orders.date_complete AS orders_date_complete, orders.last_status_change AS orders_last_status_change 
FROM orders 
WHERE orders.ref_code = ?
 LIMIT ? OFFSET ?]
[parameters: ('20aab0daux0hgv12', 1, 0)]
(Background on this error at: https://sqlalche.me/e/20/e3q8)
INFO:     127.0.0.1:44686 - "POST /api/v1/orders/checkout HTTP/1.1" 400 Bad Request
INFO:     Shutting down
INFO:     connection closed
INFO:     connection closed
INFO:     connection closed
INFO:     connection closed
INFO:     connection closed
INFO:     connection closed
INFO:     connection closed
INFO:     connection closed
INFO:     connection closed
INFO:     connection closed
INFO:     connection closed
INFO:     connection closed
INFO:     Waiting for application shutdown.
INFO:     Application shutdown complete.
INFO:     Finished server process [186955]
INFO:     Stopping reloader process [182069]
